[
  {
    "tag": "WUNUSED_DML12",
    "file_path": "/home/coder/ai_agents/dmlc_fix_claude/simics_proj/modules/dmlc/test/1.4/errors/T_WUNUSED_DML12.dml",
    "file_content": "/*\n  \u00a9 2021 Intel Corporation\n  SPDX-License-Identifier: MPL-2.0\n*/\ndml 1.4;\n\ndevice test;\n\n/// COMPILE-ONLY\n\n/// SCAN-FOR-TAGS WUNUSED_DML12.dml\nimport \"WUNUSED_DML12.dml\";\n",
    "error": "Numerous warnings: \"unused implementation of DML 1.2 method <method>; enclose in #if (dml_1_2) ?\" reported for many methods in /.../WUNUSED_DML12.dml (e.g. before_set, after_set, read_access, write_access, miss_access, _unmapped_read_access, etc.). This means the file contains DML\u20111.2 specific method implementations that are not active in the current build configuration.",
    "suggestion": "Either (A) guard the DML\u20111.2 implementations so they are compiled only when DML 1.2 is enabled: wrap the method implementations in `#if (dml_1_2)` ... `#endif`; or (B) if the module should target DML 1.2, declare `dml 1.2;` at the top of the .dml file so those methods are used; or (C) remove/replace the 1.2\u2011only methods with DML\u20111.1 equivalents if you must stay on older DML. Also address the DFA indent warnings in test_dev.dml (use indentation in multiples of 4 spaces)."
  },
  {
    "tag": "EBTYPE",
    "file_path": "/home/coder/ai_agents/dmlc_fix_claude/simics_proj/modules/dmlc/test/1.4/errors/T_EBTYPE.dml",
    "file_content": "/*\n  \u00a9 2021 Intel Corporation\n  SPDX-License-Identifier: MPL-2.0\n*/\ndml 1.4;\n\ndevice test;\n\nmethod m() {}\n\nmethod init() {\n    // no error\n    after 'a' s: m();\n    after 'a' cycles: m();\n    after cast(1,uint64_be_t) cycles: m();\n    after 'a' ps: m();\n    after cast(1,uint64_be_t) ps: m();\n    /// ERROR EBTYPE\n    after true s: m();\n    /// ERROR EBTYPE\n    after NULL s: m();\n    /// ERROR EBTYPE\n    after true cycles: m();\n    /// ERROR EBTYPE\n    after NULL cycles: m();\n    /// ERROR EBTYPE\n    after true ps: m();\n    /// ERROR EBTYPE\n    after NULL ps: m();\n\n    local struct { hook() h; } str;\n    // The precedence rules gives usages of \"->\" as binds precedence before\n    // pointer subreferences\n    /// ERROR EBTYPE\n    after (&str)->h: m();\n    // no error\n    after ((&str)->h): m();\n    after (&str)->h -> (): m();\n}\n\nbank b {\n    register r size 4 @ unmapped_offset {\n        /// ERROR EBTYPE\n        field f @ [4.3:0];\n    }\n}\n",
    "error": "test_dev.dml:44:20 \u2014 wrong type: got double, expected integer (from `field f @ [4.3:0];`). Related EBTYPEs: `after true s: m();` / `after NULL s: m();` (got bool / pointer, expected numeric time) and `after (&str)->h: m();` (got pointer to struct, expected hook)",
    "suggestion": "Replace the malformed bit\u2011range float with integer indices \u2014 e.g. change `field f @ [4.3:0];` to `field f @ [4:0];`. Also fix the `after` clauses to use numeric time values or casts (e.g. `after 1s: m();`, `after cast(1,uint64_be_t) cycles: m();` instead of `true`/`NULL`), and disambiguate the hook expression by adding parentheses: change `after (&str)->h: m();` to `after ((&str)->h): m();`."
  },
  {
    "tag": "EILLCOMP",
    "file_path": "/home/coder/ai_agents/dmlc_fix_claude/simics_proj/modules/dmlc/test/1.4/errors/T_EILLCOMP.dml",
    "file_content": "/*\n  \u00a9 2021 Intel Corporation\n  SPDX-License-Identifier: MPL-2.0\n*/\ndml 1.4;\n\ndevice test;\n\nmethod init() {\n    // no error\n    cast(dev, object) == cast(dev, object);\n\n    /// ERROR EILLCOMP\n    cast(dev, object) == cast(dev, init);\n}\n",
    "error": "/.../test_dev.dml:14:23: error: illegal comparison; mismatching types \u2014 LH: 'test.ob...' has type 'template type object' ; RH: 'test.init' has type 'template type init'",
    "suggestion": "The code is comparing two incompatible template types (an object template vs an init template). Fix by comparing values of the same kind: either compare the object to another object template, or compare a common attribute (for example compare names: `test.object.name == test.init.name`), or check existence (`test.init != NULL`) / call the init template instead of comparing it. If the name `init` is shadowing/misused as a template/variable, rename it so you don't compare different template types. Ensure both operands have the same template/type before using `==`."
  },
  {
    "tag": "ELOGGROUPS",
    "file_path": "/home/coder/ai_agents/dmlc_fix_claude/simics_proj/modules/dmlc/test/1.4/errors/T_ELOGGROUPS.dml",
    "file_content": "/*\n  \u00a9 2024 Intel Corporation\n  SPDX-License-Identifier: MPL-2.0\n*/\ndml 1.4;\ndevice test;\n\n/// ERROR ELOGGROUPS dml-builtins.dml\n\nloggroup lg1;  loggroup lg2;  loggroup lg3;  loggroup lg4;  loggroup lg5;\nloggroup lg6;  loggroup lg7;  loggroup lg8;  loggroup lg9;  loggroup lg10;\nloggroup lg11; loggroup lg12; loggroup lg13; loggroup lg14; loggroup lg15;\nloggroup lg16; loggroup lg17; loggroup lg18; loggroup lg19; loggroup lg20;\nloggroup lg21; loggroup lg22; loggroup lg23; loggroup lg24; loggroup lg25;\nloggroup lg26; loggroup lg27; loggroup lg28; loggroup lg29; loggroup lg30;\nloggroup lg31; loggroup lg32; loggroup lg33; loggroup lg34; loggroup lg35;\nloggroup lg36; loggroup lg37; loggroup lg38; loggroup lg39; loggroup lg40;\nloggroup lg41; loggroup lg42; loggroup lg43; loggroup lg44; loggroup lg45;\nloggroup lg46; loggroup lg47; loggroup lg48; loggroup lg49; loggroup lg50;\nloggroup lg51; loggroup lg52; loggroup lg53; loggroup lg54; loggroup lg55;\nloggroup lg56; loggroup lg57; loggroup lg58; loggroup lg59; loggroup lg60;\nloggroup lg61; loggroup lg62; loggroup lg63;\n/// ERROR ELOGGROUPS\nloggroup lg64;\n",
    "error": "Too many loggroup declarations. A maximum of 63 log groups (61 excluding builtins) may be declared per device (reported at /.../test_dev.dml:24:1 and in dml-builtins.dml:11:1,12:1).",
    "suggestion": "Reduce the number of loggroup declarations so the device declares \u226463 total (\u226461 excluding builtins). Quick fix: edit /.../test_dev.dml and remove or comment out the extra declaration on line 24 (`loggroup lg64;`) (or consolidate/reuse existing loggroups), then rebuild the module."
  },
  {
    "tag": "ENCONST",
    "file_path": "/home/coder/ai_agents/dmlc_fix_claude/simics_proj/modules/dmlc/test/1.4/errors/T_ENCONST.dml",
    "file_content": "/*\n  \u00a9 2021 Intel Corporation\n  SPDX-License-Identifier: MPL-2.0\n*/\ndml 1.4;\n\ndevice test;\n\ninline method inlined_const(bool x, inline y) {\n    // typed args are always considered non-constant\n    // no error\n    #if (y) {}\n    /// ERROR ENCONST\n    #if (x) {}\n}\n\nmethod init() {\n    local int i;\n    /// ERROR ENCONST\n    #if (i == 0) {\n    }\n\n    /// ERROR ENCONST\n    i = i == 0 #? 1 #: 2;\n\n    inlined_const(true, true);\n}\n",
    "error": "dmlc/build: \"error: non-constant expression: cast(i, int64 ) == 0\" (test_dev.dml:20) and \"error: non-constant expression: x\" (test_dev.dml:14) \u2014 caused by using compile-time directives/expressions (#if and #? ) with runtime/local/typed variables.",
    "suggestion": "Replace compile-time checks with runtime control or make the tested values true constants. Concretely: in /.../test_dev.dml replace \"#if (i == 0) { ... }\" with \"if (i == 0) { ... }\" (line 20), replace \"i = i == 0 #? 1 #: 2;\" with \"i = (i == 0) ? 1 : 2;\" (line 24), and replace \"#if (x) {}\" inside inlined_const with \"if (x) {}\". If you actually need compile-time branching, use a const initializer or a compile-time constant parameter instead of a local/typed variable."
  },
  {
    "tag": "ESYNTAX_old_array_2",
    "file_path": "/home/coder/ai_agents/dmlc_fix_claude/simics_proj/modules/dmlc/test/1.4/errors/T_ESYNTAX_old_array_2.dml",
    "file_content": "/*\n  \u00a9 2021 Intel Corporation\n  SPDX-License-Identifier: MPL-2.0\n*/\ndml 1.4;\n\n/// ERROR ESYNTAX\nbank b[j in 0..1];\n",
    "error": "/.../test_dev.dml:8:10: syntax error at 'in' (DFA: \"Expected '{' after bank name\" and \"Expected '}' after bank body\")",
    "suggestion": "The bank declaration is missing its block and the stray \"in\" is invalid here. Add an opening \"{\" immediately after the bank name and a matching \"}\" after its body, and replace the incorrect \"in\" usage with the proper DML form \u2014 either an array index or attributes inside the block. For example, change `bank b in 4` to `bank b[4] { /* registers/fields */ }` or to `bank b { base = 0x0; size = 0x10; /* ... */ }`."
  },
  {
    "tag": "ESYNTAX_old_assignop",
    "file_path": "/home/coder/ai_agents/dmlc_fix_claude/simics_proj/modules/dmlc/test/1.4/errors/T_ESYNTAX_old_assignop.dml",
    "file_content": "/*\n  \u00a9 2021 Intel Corporation\n  SPDX-License-Identifier: MPL-2.0\n*/\ndml 1.4;\n\ndevice test;\n\nmethod init() {\n    // In DML 1.4, += and friends are statements, not expressions\n    /// ERROR ESYNTAX\n    if (a += b) ;\n}\n",
    "error": "/.../test_dev.dml:12:11 \u2014 error: syntax error at '+=' (the DML parser does not accept the compound-assignment operator)",
    "suggestion": "Replace the unsupported '+=' with an explicit assignment using valid DML syntax (e.g. change `foo += bar;` to `foo = foo + bar;` or use the appropriate DML attribute update API), save test_dev.dml and rebuild the module."
  },
  {
    "tag": "EAFTERHOOK",
    "file_path": "/home/coder/ai_agents/dmlc_fix_claude/simics_proj/modules/dmlc/test/1.4/errors/T_EAFTERHOOK.dml",
    "file_content": "/*\n  \u00a9 2024 Intel Corporation\n  SPDX-License-Identifier: MPL-2.0\n*/\ndml 1.4;\n\ndevice test;\n\n\nhook() h0;\nhook(int) h1;\nhook(int, bool) h2;\n\nmethod m() { }\n\nmethod init() {\n    // no error\n    after h0: m();\n    after h0 -> (): m();\n    after h1 -> x: m();\n    after h1 -> (x): m();\n    after h2 -> (x, y): m();\n\n    /// ERROR EAFTERHOOK\n    after h0 -> (x): m();\n    /// ERROR EAFTERHOOK\n    after h0 -> (x, y): m();\n    /// ERROR EAFTERHOOK\n    after h1: m();\n    /// ERROR EAFTERHOOK\n    after h1 -> (): m();\n    /// ERROR EAFTERHOOK\n    after h1 -> (x, y): m();\n    /// ERROR EAFTERHOOK\n    after h2: m();\n    /// ERROR EAFTERHOOK\n    after h2 -> (): m();\n    /// ERROR EAFTERHOOK\n    after h2 -> (x): m();\n    /// ERROR EAFTERHOOK\n    after h2 -> x: m();\n}\n",
    "error": "illegal 'after' statements: the number of message-component parameters given in the `after` must match the hook declaration. (e.g. test_dev.dml:25 `after h0 -> (x): m();` but `h0` declared at test_dev.dml:10 `hook() h0;` has 0 components; other mismatches at lines 27,29,31,33,35,37,39,41)",
    "suggestion": "Ensure parameter counts match the hook declarations (h0:0, h1:1, h2:2). Fix by editing the `after` lines to supply the correct number of components (examples): test_dev.dml:25 \u2192 `after h0: m();` or `after h0 -> (): m();`; 27 \u2192 `after h0: m();`; 29 \u2192 `after h1 -> (x): m();`; 31 \u2192 `after h1 -> (x): m();`; 33 \u2192 `after h1 -> (x): m();`; 35 \u2192 `after h2 -> (x, y): m();`; 37 \u2192 `after h2 -> (x, y): m();`; 39 \u2192 `after h2 -> (x, y): m();`; 41 \u2192 `after h2 -> (x, y): m();`. Alternatively, change the hook declarations (test_dev.dml:10\u201312) to accept the parameter counts you intended (e.g. `hook(int) h0;` to allow one component). Rebuild after making the corrections."
  },
  {
    "tag": "ESYNTAX",
    "file_path": "/home/coder/ai_agents/dmlc_fix_claude/simics_proj/modules/dmlc/test/1.4/errors/T_ESYNTAX_old_array_2.dml",
    "file_content": "/*\n  \u00a9 2021 Intel Corporation\n  SPDX-License-Identifier: MPL-2.0\n*/\ndml 1.4;\n\n/// ERROR ESYNTAX\nbank b[j in 0..1];\n",
    "error": "Many DML syntax errors in modules/.../test_dev.dml (name omitted in parameter declaration; `inline` used incorrectly; parameter type declarations and `shared` methods used outside top-level template; duplicate parameter symbol `p`; integer literals with underscores and values too large for 64-bit; `:` where `=` or `default` expected; `if/else` used in object context instead of preprocessor `#if/#else`; `goto` unsupported; simultaneous-assignment initializer count mismatch; assignment-chain used as method invocation target; COVERITY pragma missing required event)",
    "suggestion": "The file appears to use language features/notation incompatible with the DML 1.4 parser. Fix by either (A) upgrading the project to a DML compiler that supports the newer syntax, or (B) converting the file to DML\u20111.4-compatible code: remove/relocate parameter type declarations and `shared`/typed signatures into top\u2011level template blocks; remove `inline` on typed arguments (only use `inline` with untyped args); rename duplicate parameters (`p`) to unique names; replace digit separators (`_`) and ensure integer literals fit 64\u2011bit (or represent very large constants differently); replace runtime `if/else` in object context with `#if`/`#else`; remove or refactor `goto`; make simultaneous assignment initializers match the number of targets (or split into separate assignments); avoid chained assignments as method invocation targets (assign to a temp first); and correct or remove the COVERITY pragma so it specifies the event to suppress. After applying these changes rebuild and iterate."
  },
  {
    "tag": "EARGD",
    "file_path": "/home/coder/ai_agents/dmlc_fix_claude/simics_proj/modules/dmlc/test/1.4/errors/T_EARGD.dml",
    "file_content": "/*\n  \u00a9 2021 Intel Corporation\n  SPDX-License-Identifier: MPL-2.0\n*/\ndml 1.4;\n\ndevice test;\n\n/// ERROR EARGD\nmethod m(int x, int x) {\n}\n",
    "error": "/.../test_dev.dml:10:17: error: duplicate method parameter name 'x' (method in device 'test' declared at /.../test_dev.dml:7:7)",
    "suggestion": "Rename or remove the duplicate parameter so all method parameters have unique names. For example, edit /.../test_dev.dml at line 10 and change the second `x` to a distinct name (e.g., `x2` or a descriptive name) and update any references in the method body, then rebuild the module."
  },
  {
    "tag": "ESYNTAX_hook",
    "file_path": "/home/coder/ai_agents/dmlc_fix_claude/simics_proj/modules/dmlc/test/1.4/errors/T_ESYNTAX_hook.dml",
    "file_content": "/*\n  \u00a9 2024 Intel Corporation\n  SPDX-License-Identifier: MPL-2.0\n*/\ndml 1.4;\n\ndevice test;\n\n/// ERROR ESYNTAX\nhook(int i) h1;\n/// ERROR ESYNTAX\nhook(int (*f)(void *aux)) h2;\n/// ERROR ESYNTAX\nhook(int array[4]) h3;\n\n// no error\nhook(int (*)(void *aux)) h4;\nhook(int [4]) h5;\n\n\n/// ERROR ESYNTAX\nhook(int) h6[2];\n",
    "error": "dmlc/build report: syntax error at 'i' (line 10), 'f' (line 12), 'array' (line 14) and '[' (line 22) in modules/.../test_dev.dml \u2014 parser is encountering C-like tokens (variables, control flow, array/index syntax) that are invalid in DML.",
    "suggestion": "Remove the procedural/C-style code from the .dml file and replace with valid DML declarations (or move logic into the device implementation C file). Specifically: use the DML device/dml block structure, declare data with DML constructs (e.g., attribute/register declarations with the correct colon/semicolon syntax and array declarations in DML form), and avoid using 'if', C variable declarations, or indexing ([]) inside .dml. Fix indentation and ensure the file follows \"dml { device <name> { ... } }\" grammar, then rebuild."
  },
  {
    "tag": "WHOOKSEND",
    "file_path": "/home/coder/ai_agents/dmlc_fix_claude/simics_proj/modules/dmlc/test/1.4/errors/T_WHOOKSEND.dml",
    "file_content": "/*\n  \u00a9 2024 Intel Corporation\n  SPDX-License-Identifier: MPL-2.0\n*/\ndml 1.4;\n\ndevice test;\n\n/// COMPILE-ONLY\ntypedef struct {\n    int *x;\n    int *y[2];\n    int *z[2][3];\n} substruct_t;\n\ntypedef struct {\n    int *x;\n    int *y[2];\n    int *z[2][3];\n    substruct_t sub_a;\n    substruct_t sub_b[2];\n    substruct_t sub_c[2][3];\n} struct_t;\n\nhook(void *) h;\n\nmethod init() {\n    local int *x;\n    local int *y[2];\n    local int *z[2][3];\n    local struct_t s;\n\n    local int *(*arr)[2][3];\n    local int *(*arr_2)[3];\n\n    // no warning\n    h.send(x);\n    h.send(y[1]);\n    h.send(z[1][2]);\n    h.send(s.x);\n    h.send(s.y[1]);\n    h.send(s.z[1][2]);\n    h.send(s.sub_a.x);\n    h.send(s.sub_b[1].y[1]);\n    h.send(s.sub_b[1].y[1]);\n    h.send(arr);\n    h.send(*arr);\n    h.send((*arr)[1]);\n    h.send((*arr)[1][2]);\n\n    /// WARNING WHOOKSEND\n    h.send(&x);\n    /// WARNING WHOOKSEND\n    h.send(y);\n    /// WARNING WHOOKSEND\n    h.send(z[1]);\n    /// WARNING WHOOKSEND\n    h.send(&y[1]);\n    /// WARNING WHOOKSEND\n    h.send(&z[1][2]);\n    /// WARNING WHOOKSEND\n    h.send(&s.x);\n    /// WARNING WHOOKSEND\n    h.send(s.y);\n    /// WARNING WHOOKSEND\n    h.send(s.z[1]);\n    /// WARNING WHOOKSEND\n    h.send(&s.sub_a.x);\n    /// WARNING WHOOKSEND\n    h.send(s.sub_a.y);\n    /// WARNING WHOOKSEND\n    h.send(s.sub_a.z[1]);\n    /// WARNING WHOOKSEND\n    h.send(s.sub_b[1].y);\n    /// WARNING WHOOKSEND\n    h.send(s.sub_c[1][2].z[1]);\n\n    /// WARNING WHOOKSEND\n    h.send(*cast(z, typeof(arr_2)));\n\n    /// WARNING WHOOKSEND\n    h.send(cast(&*(1 + (&x - 1)), void *));\n\n    // no warning\n    h.send(cast(cast(&x, uintptr_t), void *));\n\n    local int **x_ptr = &x;\n    // no warning\n    h.send(x_ptr);\n}\n",
    "error": "dmlc/build warnings: multiple uses of a hook's `send` pass message components that are pointers to stack-allocated data (examples at modules/.../test_dev.dml:52\u201382 \u2014 components like `&x`, `y`, `z[1]`, `s.x`, `s.sub_a.y`, etc.). `send` queues the message for later delivery so those stack pointers become invalid \u2014 \"***INCREDIBLY UNSAFE***\".",
    "suggestion": "Use one of two safe fixes: (1) Deliver the hook message synchronously by replacing `send(...)` with `send_now(...)` when the message references local/stack variables (e.g. change the calls at test_dev.dml:52,54,56,... to `send_now`), or (2) ensure the message data lives beyond the call by making it persistent (move variables out of the stack into device attributes/static storage or heap-allocate them) or change the message fields to hold copies (by-value) instead of pointers. Pick the approach that fits your semantics; for quick fix try `send_now` or promote the variables to device-level attributes."
  },
  {
    "tag": "ECYCLICTRAIT",
    "file_path": "/home/coder/ai_agents/dmlc_fix_claude/simics_proj/modules/dmlc/test/1.4/errors/T_ECYCLICTRAIT.dml",
    "file_content": "/*\n  \u00a9 2021 Intel Corporation\n  SPDX-License-Identifier: MPL-2.0\n*/\ndml 1.4;\n\ndevice test;\n\n// a template is not allowed to reference itself, not even in an 'in each'\n// block\ntemplate sub { }\ntemplate cyclic_in_each {\n    #if (false) {\n        attribute a {\n            in each sub {\n                /// ERROR ECYCLICTEMPLATE\n                is cyclic_in_each;\n            }\n        }\n    }\n}\n",
    "error": "/.../test_dev.dml:17:17 \u2014 cyclic template inheritance (DMLC error); DFA shows templates `sub` and `cyclic_in_each` involved in the cycle",
    "suggestion": "Break the mutual inheritance between the templates `sub` and `cyclic_in_each` in test_dev.dml (around line 17). Remove or change one \"template X : Y\" clause so one template no longer extends the other (e.g., change `template sub : cyclic_in_each { ... }` to `template sub { ... }` or refactor to use composition/`implement` instead of inheritance). Then rebuild the test_dev module and verify no further cyclic inheritance remains."
  },
  {
    "tag": "EHOOKTYPE",
    "file_path": "/home/coder/ai_agents/dmlc_fix_claude/simics_proj/modules/dmlc/test/1.4/errors/T_EHOOKTYPE.dml",
    "file_content": "/*\n  \u00a9 2024 Intel Corporation\n  SPDX-License-Identifier: MPL-2.0\n*/\ndml 1.4;\n\ndevice test;\n\nextern int nonconstant_int;\n\ntemplate t {\n    /// ERROR EHOOKTYPE\n    hook(struct { int x; }) h1;\n    /// ERROR EHOOKTYPE\n    hook(int (*)[nonconstant_int]) h2;\n    /// ERROR EHOOKTYPE\n    hook(layout \"little-endian\" { int32 x; }) h3;\n}\n\nis t;\n\n/// ERROR EHOOKTYPE\nsaved hook(struct { int x; }) saved_h;\n\nmethod init() {\n    local int i = 0;\n    /// ERROR EHOOKTYPE\n    local hook(struct { int x; }) h1;\n    /// ERROR EHOOKTYPE\n    local hook(int (*)[i]) h2;\n    /// ERROR EHOOKTYPE\n    local hook(layout \"little-endian\" { int32 x; }) h3;\n\n    // no error. Hook reference never used for any hook-related operation, so\n    // its type is never validated.\n    // This is an unfortunate effect of it being impossible to validate hook\n    // reference types early and eagerly.\n    local hook(int (*)[i]) h4;\n\n    after h1 -> x: init();\n    h2.send_now;\n    h3.suspended;\n}\n",
    "error": "'struct _anon_struct_*', anonymous layout, and arrays with non\u2011constant size are being used as hook message components in simics_proj/.../test_dev.dml (errors reported around test_dev.dml:13:5,15:5,17:5,20:4 and init at test_dev.dml:28:5,30:5,32:5). Hooks require concrete, named types and constant-size arrays.",
    "suggestion": "Replace anonymous/inline structs and layouts with top-level named types and reference those names in the hook message (e.g. add `typedef struct msg_part { ... } msg_part;` at the top and use `msg_part` instead of an anonymous struct at test_dev.dml:13), convert anonymous `layout` into a named layout and use that name, and eliminate non-constant sized arrays by using a compile-time constant size or by switching to a pointer+length pair (e.g. `int32 *data; uint32 length;`) or a DML variable-buffer type if available. After making these changes rebuild the module."
  },
  {
    "tag": "ENALLOW",
    "file_path": "/home/coder/ai_agents/dmlc_fix_claude/simics_proj/modules/dmlc/test/1.4/errors/T_ENALLOW.dml",
    "file_content": "/*\n  \u00a9 2021 Intel Corporation\n  SPDX-License-Identifier: MPL-2.0\n*/\n\ndml 1.4;\n\ndevice test;\n\nport p {\n    /// ERROR ENALLOW\n    port p;\n    /// ERROR ENALLOW\n    subdevice d;\n    /// ERROR ENALLOW\n    bank b;\n}\n\nbank b {\n    /// ERROR ENALLOW\n    port p;\n    /// ERROR ENALLOW\n    subdevice d;\n    /// ERROR ENALLOW\n    bank b;\n}\n\nsubdevice d {\n    // no problem\n    port p;\n    subdevice d;\n    bank b;\n}\n",
    "error": "\"this object is not allowed here\" \u2014 DML reports disallowed nested declarations inside `port p` and `bank b` (errors at /.../test_dev.dml:10\u201316 and 19\u201325; DFA also shows \"Expected '{' after bank name\" at :15 and :31 and duplicate symbol 'b').",
    "suggestion": "Remove or relocate the illegal nested object declarations: do not declare `port`, `subdevice` or `bank` inside a `port` or inside a `bank` block. Move those declarations to a valid parent (device or subdevice) or change them to proper references; ensure a bank definition uses a body if you intend to define it (use `bank b { ... }` instead of `bank b;`) and avoid duplicate symbol names (rename or remove extra `b` entries). References: fix lines in test_dev.dml (e.g. remove `port p;`, `subdevice d;`, `bank b;` at lines 12,14,16 and 21,23,25 or move/convert them to valid scopes)."
  },
  {
    "tag": "EINVOVER_confidentiality",
    "file_path": "/home/coder/ai_agents/dmlc_fix_claude/simics_proj/modules/dmlc/test/1.4/errors/T_EINVOVER_confidentiality.dml",
    "file_content": "/*\n  \u00a9 2021 Intel Corporation\n  SPDX-License-Identifier: MPL-2.0\n*/\ndml 1.4;\n\ndevice test;\n\n/// ERROR EINVOVER\nparam _confidentiality = 1;\n",
    "error": "/.../test_dev.dml:10:1: error: invalid override of non-default declaration _confidentiality (overridden assignment at /home/coder/ai_agents/simics-test-project/linux64/bin/dml/1.4/dml-builtins.dml:662:5)",
    "suggestion": "Do not override the built\u2011in parameter with a fixed assignment. Either provide a default or avoid the name collision: replace the line in test_dev.dml (line 10) with a default declaration `param _confidentiality default 1;` if you mean to set a default, or rename/remove the parameter (e.g. `param confidentiality = 1;`) to avoid overriding the built\u2011in declared at dml-builtins.dml:662."
  },
  {
    "tag": "EIMPLMEMBER",
    "file_path": "/home/coder/ai_agents/dmlc_fix_claude/simics_proj/modules/dmlc/test/1.4/errors/T_EIMPLMEMBER.dml",
    "file_content": "/*\n  \u00a9 2024 Intel Corporation\n  SPDX-License-Identifier: MPL-2.0\n*/\ndml 1.4;\n\ndevice test;\n\n/// ERROR EIMPLMEMBER\nextern typedef struct {\n    int i;\n} foo_interface_t;\n\nimplement foo {\n    /// ERROR EIMPLMEMBER\n    method i() {}\n}\n\n/// ERROR EIMPLMEMBER\ntypedef struct {\n    int *i;\n} bar_interface_t;\n\nimplement bar {\n    // ERROR EIMPLMEMBER\n    method i() {}\n}\n",
    "error": "The interface struct member foo_interface_t.i is not a function pointer; The interface struct member bar_interface_t.i is not a function pointer (reported at test_dev.dml:16:11 and test_dev.dml:26:11)",
    "suggestion": "Edit /.../test_dev.dml to make the interface members function pointers (or declare them as interface methods). For example, if you have `int i;` change it to a function pointer with the correct prototype, e.g. `void (*i)(device_t *dev)` (or the specific args/return your implementation expects). Alternatively use the DML `method`/interface method syntax if appropriate, then update the implement/assignment to provide functions matching that signature and rebuild."
  },
  {
    "tag": "EINVOVER",
    "file_path": "/home/coder/ai_agents/dmlc_fix_claude/simics_proj/modules/dmlc/test/1.4/errors/T_EINVOVER_confidentiality.dml",
    "file_content": "/*\n  \u00a9 2021 Intel Corporation\n  SPDX-License-Identifier: MPL-2.0\n*/\ndml 1.4;\n\ndevice test;\n\n/// ERROR EINVOVER\nparam _confidentiality = 1;\n",
    "error": "build/dmlc: /.../test_dev.dml:7:5: error: missing device declaration (dfa shows zero `device` symbols; dmlc failed to find any device in the file, causing the module build to stop)",
    "suggestion": "Declare a device in test_dev.dml and move any parameters/attributes inside it (the compiler is seeing parameters/constants outside a device). Example fix: wrap contents in a device block named to match the module, e.g.: `device test_dev { parameter int p = 0; /* other registers/fields/methods */ }`. Also fix any mismatched braces or indentation and then rebuild."
  },
  {
    "tag": "ECONDINEACH",
    "file_path": "/home/coder/ai_agents/dmlc_fix_claude/simics_proj/modules/dmlc/test/1.4/errors/T_ECONDINEACH.dml",
    "file_content": "/*\n  \u00a9 2021 Intel Corporation\n  SPDX-License-Identifier: MPL-2.0\n*/\ndml 1.4;\n\ndevice test;\n\ntemplate x { }\n\nport p {\n    #if (false) {\n        /// ERROR ECONDINEACH\n        in each x {}\n    }\n}\n\n#if (false) {\n    // 'in each' inside conditional object is OK\n    port q {\n        in each x {}\n    }\n}\n\n/// WARNING WEXPERIMENTAL\n#if (false && true && dml_1_2) {\n    // Experimental support for complex top-level conditionals allows in-each\n    // to be used\n    in each x {}\n}\n",
    "error": "dmlc: /.../test_dev.dml:14:9: error: conditional 'in each' is not allowed (build repeats same error). Also: warning about top-level 'if' body with unsupported statements at test_dev.dml:26:1.",
    "suggestion": "Remove the unsupported \"in each\" conditional at test_dev.dml:14:9 and replace it with an explicit per\u2011instance loop and a normal if inside that loop. Example change (conceptual): `for (x in each test) { if ( /* condition on x */ ) { /* body */ } }` \u2014 do the conditional checks against a concrete instance inside the loop. Also fix the warning at test_dev.dml:26:1 by moving unsupported statements out of a top\u2011level `if` body into a supported context (e.g., into a device method, init block, or inside the per\u2011instance loop). See test_dev.dml:14:9 and test_dev.dml:26:1 for the locations to edit."
  },
  {
    "tag": "EIDENTSIZEOF",
    "file_path": "/home/coder/ai_agents/dmlc_fix_claude/simics_proj/modules/dmlc/test/1.4/errors/T_EIDENTSIZEOF.dml",
    "file_content": "/*\n  \u00a9 2022 Intel Corporation\n  SPDX-License-Identifier: MPL-2.0\n*/\ndml 1.4;\ndevice test;\n\ntemplate t { }\n\nmethod init() {\n    /// ERROR EIDENT\n    !uint32;\n    /// ERROR EIDENTSIZEOF\n    sizeof uint32;\n    /// ERROR EIDENTSIZEOF\n    sizeof uint32[10];\n\n    /// ERROR EIDENT\n    !t;\n    /// ERROR EIDENTSIZEOF\n    sizeof t;\n    /// ERROR EIDENTSIZEOF\n    sizeof t[10];\n\n    /// ERROR EIDENT\n    !u;\n    /// ERROR EIDENT\n    sizeof u;\n    /// ERROR EIDENT\n    sizeof u[10];\n}\n",
    "error": "dmlc/build report: \"unknown value identifier in the operand of 'sizeof': 'uint32'\" (also similar messages for template `t` and unknown identifier `u`) \u2014 e.g. test_dev.dml:12:6 (`!uint32`), 14:12 (`sizeof uint32`), 19:6 (`!t`), 21:12 (`sizeof t`), 26:6 (`!u`) \u2014 the parser is telling you `uint32` and `t` are type identifiers (not value identifiers) and `u` is undeclared.",
    "suggestion": "Replace misuse of sizeof and stray negations with correct DML constructs: use sizeoftype(...) when you want the byte-size of a type and only apply \"!\" to boolean/value expressions. Concretely: in test_dev.dml change `sizeof uint32` \u2192 `sizeoftype(uint32)` (or `sizeoftype(uint32) * 10` for a 10-element array) and `sizeof t` \u2192 `sizeoftype(t)` (lines: /.../test_dev.dml:14,16,21,23). Remove or fix `!uint32` and `!t` (you cannot negate a type) \u2014 declare a value first (e.g. `var v:uint32 = 0; !v;`) or remove the lines (line 12,19). For `u` either declare the variable/type before use (`var u:uint32;`) or correct the identifier to the intended symbol (lines 26\u201330). This resolves the \"type used as value\" and \"unknown identifier\" errors."
  },
  {
    "tag": "EAMBINH",
    "file_path": "/home/coder/ai_agents/dmlc_fix_claude/simics_proj/modules/dmlc/test/1.4/errors/T_EAMBINH.dml",
    "file_content": "/*\n  \u00a9 2021 Intel Corporation\n  SPDX-License-Identifier: MPL-2.0\n*/\ndml 1.4;\n\ndevice test;\n\n// Declarations from an 'in each' override those of the extended template, but\n// are overridden by declarations from the surrounding template\ntemplate sub { }\ntemplate t {\n    in each sub {\n        /// ERROR EAMBINH\n        param x default 1;\n    }\n}\n\ntemplate t2 {\n    port p {\n        is sub;\n        /// ERROR EAMBINH\n        param x default 2;\n    }\n}\n\nis t;\nis t2;\n\n// conflicting type declarations for the same parameter\ntemplate tp1 {\n    param p : int;\n}\ntemplate tp2 {\n    param p : int;\n}\n/// ERROR EAMBINH\ntemplate tp3 is (tp1, tp2) {\n    param p = 3;\n}\n\ntemplate asm1 {\n    shared method m();\n}\ntemplate asm2 {\n    shared method m();\n}\ntemplate asm3 {\n    shared method m();\n}\n/// ERROR EAMBINH\ntemplate asm4 is (asm1, asm2) {\n    shared method m() {}\n}\n/// ERROR EAMBINH\ntemplate asm5 is (asm1, asm3) {\n    shared method m() {}\n}\n\ntemplate asm6 is asm1 {\n    shared method m() default {}\n}\ntemplate asm7 is asm1 {\n    shared method m() default {}\n}\ntemplate asm8 is (asm6, asm7) {\n    shared method m() {}\n}\n\ntemplate asm9 is asm1 {\n    shared method m() {}\n}\n\n/// ERROR EAMBINH\ntemplate asm10 is (asm6, asm9) {}\n\n/// ERROR EAMBINH\ngroup g1 is (asm6, asm7);\n\n// no error\ngroup g2 is (asm6, asm7) {\n    method m() {}\n}\n\n// Redundancy as a smoke test that ancestor vtable merging works properly\n// no error\ngroup g3 is (asm6, asm7, asm1, asm8);\n",
    "error": "Conflicting definitions of parameters/symbols (p, m, x) when instantiating templates (tp2 vs tp1; asm2/asm3/asm6/asm9 vs asm1; t2 vs t's in-each block). DFA also reports parser/syntax problems (missing ';' after parameter declarations and missing '{' / '}' after template/group declarations) which cause duplicate-symbol errors.",
    "suggestion": "1) Fix the syntax errors first \u2014 add the missing semicolons after parameter declarations and add the missing '{' / matching '}' for the template/group declarations (addresses DFA errors at the reported lines). 2) Disambiguate template instantiations: either add an explicit qualifier \"is <templateName>\" on the ambiguous instantiation lines (e.g. add \"is t\" or \"is t2\" where dmlc suggests; add \"is asm6\" or \"is asm7\" for the asm conflict; add \"is tp1\" / \"is tp2\" for the p conflict), OR rename conflicting parameters to unique names inside their templates (e.g. p -> p1, m -> m_asm, x -> x_sub) to avoid name collisions. 3) Rebuild and repeat until no conflicts remain. Example: change the ambiguous instantiation line `in each (sub)` to `in each (sub) is t2` (or explicitly `is t`) or rename the parameter inside one template \u2014 either approach resolves EAMBINH."
  },
  {
    "tag": "ESYNTAX_old_method_noparams",
    "file_path": "/home/coder/ai_agents/dmlc_fix_claude/simics_proj/modules/dmlc/test/1.4/errors/T_ESYNTAX_old_method_noparams.dml",
    "file_content": "/*\n  \u00a9 2021 Intel Corporation\n  SPDX-License-Identifier: MPL-2.0\n*/\ndml 1.4;\n\ndevice test;\n\n/// ERROR ESYNTAX\nmethod m {\n}\n",
    "error": "/.../test_dev.dml:10:10: error: syntax error at '{' (dmlc/build show parser failed at the opening brace)",
    "suggestion": "The parser most likely encountered a method declared with the old/no-params syntax (e.g. `method name { ... }`). Update the method declaration to include an explicit empty parameter list \u2014 e.g. change `method foo { ... }` to `method foo() { ... }`. Also verify the method is inside the device block and that braces are balanced. After that rebuild the test_dev module."
  },
  {
    "tag": "WNEGCONSTCOMP",
    "file_path": "/home/coder/ai_agents/dmlc_fix_claude/simics_proj/modules/dmlc/test/1.4/errors/T_WNEGCONSTCOMP.dml",
    "file_content": "/*\n  \u00a9 2021 Intel Corporation\n  SPDX-License-Identifier: MPL-2.0\n*/\ndml 1.4;\n\ndevice test;\n\nmethod init() {\n    local uint64 a = -1;\n    /// WARNING WNEGCONSTCOMP\n    assert a != -1;\n    /// WARNING WNEGCONSTCOMP\n    assert a > -1;\n    /// WARNING WNEGCONSTCOMP\n    assert !(a < -1);\n    /// WARNING WNEGCONSTCOMP\n    assert a >= -1;\n    /// WARNING WNEGCONSTCOMP\n    assert !(a <= -1);\n    local uint8 a8 = -1;\n    /// WARNING WNEGCONSTCOMP\n    assert a8 != -1;\n    /// WARNING WNEGCONSTCOMP\n    assert a8 > -1;\n\n    // Sanity\n    local int64 b = -1;\n    // No warning\n    assert b == -1;\n    // No warning\n    assert !(b < -1);\n\n    // Test workaround\n    assert a == cast(-1, uint64);\n}\n",
    "error": "Comparing a negative constant (e.g. `-1`) to an unsigned integer gives a constant/incorrect result because the negative literal is converted to a large unsigned value (warnings at test_dev.dml:12,14,16,18,20,23,25). dmlc suggests `cast(-1, uint64)` (or `cast(-1, int64)` where appropriate).",
    "suggestion": "Make the intent explicit: either cast the negative literal to the matching unsigned type (e.g. replace `-1` with `cast(-1, uint64)` when comparing against uint64 variables), or change the variable to a signed type if negative values are intended. Alternatively use an explicit unsigned max constant (e.g. `U64_MAX` / `~((uint64)0)`) or rewrite the comparison logic so types match. Also fix minor indentation (multiple of 4 spaces) reported by the DFA."
  },
  {
    "tag": "ESYNTAX_async",
    "file_path": "/home/coder/ai_agents/dmlc_fix_claude/simics_proj/modules/dmlc/test/1.4/errors/T_ESYNTAX_async.dml",
    "file_content": "/*\n  \u00a9 2021 Intel Corporation\n  SPDX-License-Identifier: MPL-2.0\n*/\ndml 1.4;\n\ndevice test;\n\n/// ERROR ESYNTAX\nparam async;\n",
    "error": "build/dmlc: /.../test_dev.dml:10:7: syntax error at 'async': reserved word. DFA: Expected parameter name at line 9, Expected ';' after parameter at line 10.",
    "suggestion": "The identifier \"async\" is a reserved DML word and is being parsed as a syntax error. Rename the parameter/identifier to a non\u2011reserved name (e.g., is_async or async_mode), ensure the parameter is declared with correct DML syntax and terminated with a semicolon (for example: `parameter bool is_async = true;`), and correct indentation to 4\u2011space multiples."
  },
  {
    "tag": "ESYNTAX_signed",
    "file_path": "/home/coder/ai_agents/dmlc_fix_claude/simics_proj/modules/dmlc/test/1.4/errors/T_ESYNTAX_signed.dml",
    "file_content": "/*\n  \u00a9 2021 Intel Corporation\n  SPDX-License-Identifier: MPL-2.0\n*/\ndml 1.4;\n\ndevice test;\n\n/// ERROR ESYNTAX\nparam signed;\n",
    "error": "/.../test_dev.dml:10:7: syntax error at 'signed' \u2014 DFA also reports \"Expected parameter name\" at line 9 and \"Expected ';' after parameter\" at line 10.",
    "suggestion": "The DML file is using the keyword \"signed\" incorrectly (likely as a bare type or missing the parameter name/semicolon). Fix by declaring a complete, valid DML parameter: use a supported numeric type (e.g. int, int32/int16) and include a parameter name and trailing semicolon. Example: replace the erroneous lines with `parameter int32 my_param = 0;` (or `parameter int my_param;`) and correct indentation. This supplies the missing parameter name and the required `;`, resolving the syntax error."
  },
  {
    "tag": "EBITRO",
    "file_path": "/home/coder/ai_agents/dmlc_fix_claude/simics_proj/modules/dmlc/test/1.4/errors/T_EBITRO.dml",
    "file_content": "/*\n  \u00a9 2022 Intel Corporation\n  SPDX-License-Identifier: MPL-2.0\n*/\ndml 1.4;\ndevice test;\n\n/// COMPILE-ONLY\n\nimport \"utility.dml\";\n\n\nbank b {\n    param register_size = 4;\n    in each register { is unmapped; }\n\n    register r1 {\n        /// ERROR EBITRO\n        field f1 @ [3:0];\n        /// ERROR EBITRO\n        field f2 @ [3];\n    }\n    register r2 {\n        // no error\n        field f[i < 2] @ [2*i+1:2*i];\n    }\n    register r3 {\n        /// ERROR EBITRO\n        field f[i < 2] @ [i+1:i];\n    }\n    register r3 {\n        /// ERROR EBITRO\n        field f1[i < 2] @ [2*i+1:2*i];\n        /// ERROR EBITRO\n        field f2 @ [3];\n    }\n}\n",
    "error": "dmlc reports overlapping bit ranges: \"bit range of field 'b.r1.f1' overlaps with field 'b.r1.f2'\" and multiple overlaps inside register `b.r3` (fields `f[i<2]`, `f1[i<2]` and `f2` produce intersecting bit ranges), causing the build to fail.",
    "suggestion": "The overlaps are caused by fields that share the same bit positions and by a duplicate `register r3` declaration (two register bodies with the same name are being merged). Fix by ensuring fields in the same register use non\u2011overlapping ranges or by giving the second register a different name / merging bodies correctly. Concretely: (1) change `field f2 @ [3];` to a non\u2011overlapping bit (for example `field f2 @ [4];`) or shrink `f1` so `f2` does not fall inside `f1`'s range, and (2) rename the second `register r3 { ... }` to `register r4 { ... }` (or merge the two r3 bodies into one and adjust the array index expressions so their computed ranges don't intersect, e.g. use `[2*i+1:2*i]` for one array and start the other at a higher bit offset). After these edits rebuild the module."
  },
  {
    "tag": "WREDUNDANTLEVEL_dep",
    "file_path": "/home/coder/ai_agents/dmlc_fix_claude/simics_proj/modules/dmlc/test/1.4/errors/T_WREDUNDANTLEVEL_dep.dml",
    "file_content": "/*\n  \u00a9 2024 Intel Corporation\n  SPDX-License-Identifier: MPL-2.0\n*/\ndml 1.4;\n\n// Test that passing --dep silences warnings. This avoids reporting the same\n// warning twice for the same device.\n\n/// COMPILE-ONLY\n/// NO-CC\n\ndevice test;\n\n/// DMLC-FLAG --dep\n/// DMLC-FLAG T_WREDUNDANTLEVEL.dmldep\nimport \"WREDUNDANTLEVEL.dml\";\n",
    "error": "warning: \" 'X then Y' log level has no effect when the levels are the same\" reported in /.../WREDUNDANTLEVEL.dml:7:7 (build also shows warning at WREDUNDANTLEVEL.dml:9:5). DFA also reports indentation warnings in /.../test_dev.dml:1-2",
    "suggestion": "Edit the log statement(s) in /.../WREDUNDANTLEVEL.dml (see lines 7 and 9) to remove the redundant \"then\" when both levels are identical \u2014 either use a single level (e.g., change \"DEBUG then DEBUG\" \u2192 \"DEBUG\") or pick different levels so \"then\" has an effect. Also fix the DFA indentation warnings by making indentation in /.../test_dev.dml lines 1\u20132 a multiple of 4 spaces."
  },
  {
    "tag": "ENOBJ",
    "file_path": "/home/coder/ai_agents/dmlc_fix_claude/simics_proj/modules/dmlc/test/1.4/errors/T_ENOBJ.dml",
    "file_content": "/*\n  \u00a9 2021 Intel Corporation\n  SPDX-License-Identifier: MPL-2.0\n*/\ndml 1.4;\ndevice test;\n\nimport \"utility.dml\";\n\ntemplate foo_t {}\n\nparam param = 4;\nbank b {\n    register r[i < 4] size 1 is (unmapped, read, write, foo_t);\n}\n\nmethod init() {\n    /// ERROR ENOBJ\n    each foo_t in (param);\n    /// ERROR ENOBJ\n    each foo_t in (b.r);\n    // no error\n    each foo_t in (b.r[0]);\n}\n\n/// ERROR ENOBJ\nexport 5 as \"b_c\";\n",
    "error": "\"object expected\" errors at test_dev.dml:19:20 (each foo_t in (param)), test_dev.dml:21:21 (each foo_t in (b.r)), and test_dev.dml:27:8 (export 5 as \"b_c\";) \u2014 the parser is seeing literal/scalar values where an object/iterable object is required.",
    "suggestion": "Replace the scalar/literal uses with actual objects/iterables and fix the parameter declaration. Suggested edits (file:line): test_dev.dml:12 \u2014 change `param param = 4;` to `parameter param = 4;` (use the correct keyword/parameter syntax). test_dev.dml:19 \u2014 change `each foo_t in (param);` to iterate the register array using the parameter, e.g. `each foo_t in (b.r[i < param]);`. test_dev.dml:21 \u2014 change `each foo_t in (b.r);` to `each foo_t in (b.r[i < 4]);` or `each foo_t in (b.r[i < param]);`. test_dev.dml:27 \u2014 replace `export 5 as \"b_c\";` with an object export such as `export b.r[0] as \"b_c\";` (exporting a literal is invalid). These changes make the `each` operands and `export` target valid objects and should resolve the ENOBJ errors."
  },
  {
    "tag": "ENSHAREDTQMIC",
    "file_path": "/home/coder/ai_agents/dmlc_fix_claude/simics_proj/modules/dmlc/test/1.4/errors/T_ENSHAREDTQMIC.dml",
    "file_content": "/*\n  \u00a9 2024 Intel Corporation\n  SPDX-License-Identifier: MPL-2.0\n*/\ndml 1.4;\n\ndevice test;\n\ntemplate t1 {\n    method nonshared() {}\n    shared method abstract1();\n    shared method abstract2();\n    shared method sm1() default {}\n    shared method sm2() default {}\n    shared method sm3() default {}\n}\n\ntemplate t2 is t1 {\n    shared method abstract1() {}\n    shared method sm2() {}\n    // Any method implementation, within an #if or not, that the template gives\n    // for the object instantiating it is considered possibly used for the\n    // purposes of ENSHAREDTQMIC, even if the #if condition is just 'false'.\n    #if (false) {\n        method sm3() {}\n    }\n}\n\ntemplate t3 is t2 {\n    // ... Unless there is a higher-rank shared method implementation given\n    // (which is only possible if the non-shared implementation is never\n    // provided to the instantiated object)\n    shared method sm3() {}\n}\n\nin each t2 {\n    // Since in-each bodies are not considered part of the template, they are\n    // not considered possible candidates and do not provoke ENSHAREDTQMIC\n    method sm1() {}\n}\n\ngroup g is t3 {\n    method abstract2() {}\n}\n\nmethod init() {\n    local t3 x = cast(g, t3);\n    // no error\n    x.templates.t1.sm1();\n    x.templates.t1.sm2();\n    x.templates.t1.sm3();\n    x.templates.t2.abstract1();\n    x.templates.t2.sm2();\n    x.templates.t3.sm3();\n\n    /// ERROR ENSHAREDTQMIC\n    x.templates.t2.nonshared();\n    /// ERROR EMEMBERTQMIC\n    x.templates.t1.abstract1();\n    /// ERROR EMEMBERTQMIC\n    x.templates.t2.abstract2();\n    /// ERROR ENSHAREDTQMIC\n    x.templates.t2.sm3();\n}\n",
    "error": "Build errors show invalid template-qualified method calls and missing implementations: \"t2 does not provide nor inherit a shared implementation of 'nonshared'\" (test_dev.dml:57:19), \"'t1' does not provide nor inherit an implementation of a method 'abstract1', only an abstract declaration of it\" (test_dev.dml:59:19; template declared at test_dev.dml:9:1), \"'t2' ... 'abstract2' only an abstract declaration\" (test_dev.dml:61:19; template at test_dev.dml:18:1), and \"t2 does not provide nor inherit a shared implementation of 'sm3'\" (test_dev.dml:63:19). DFA also reports syntax problems (missing ';' or '{' after method signatures at test_dev.dml:12-14, missing '{' after template at 28, and after group at 41) which likely caused or co-exist with the template/implementation errors.",
    "suggestion": "Fix the DML so methods called via a template-qualified name are actually provided as shared implementations and ensure abstract methods have concrete implementations; also correct the reported syntax issues. Concretely: (1) Either call methods on an instance instead of using template-qualified calls or mark the implementations intended for template-qualified use as shared (add a shared implementation block / declare the method implementation with the \"shared\" attribute) for nonshared and sm3 (see test_dev.dml:57,63). (2) Provide concrete implementations for abstract1/abstract2 in the appropriate template or device (or remove the abstract qualifier) so t1/t2 inherit usable implementations (see test_dev.dml:59,61 and template declarations at lines 9 and 18). (3) Fix syntax errors flagged by DFA: add the missing ';' or method bodies at test_dev.dml:12\u201314, add '{' after the template name at 28 and after the group name at 41. After making these edits (e.g., implement abstract1/abstract2, change implementations to \"shared\" where needed, or change the call sites to instance.method()), rebuild the module."
  },
  {
    "tag": "ECONSTFUN",
    "file_path": "/home/coder/ai_agents/dmlc_fix_claude/simics_proj/modules/dmlc/test/1.4/errors/T_ECONSTFUN.dml",
    "file_content": "/*\n  \u00a9 2024 Intel Corporation\n  SPDX-License-Identifier: MPL-2.0\n*/\ndml 1.4;\ndevice test;\n\ntypedef void fun_t(void);\n\nextern void (*f)(void);\n\nmethod init() {\n    /// ERROR ECONSTFUN\n    local const typeof(*f) *fp;\n    /// ERROR ECONSTFUN\n    local int (*g)(const typeof(*f) *);\n    /// ERROR ECONSTFUN\n    local int (*g)(const fun_t *);\n}\n",
    "error": "dmlc/build: \"const qualified function type\" \u2014 occurs at test_dev.dml:14,16,18 where code uses `const typeof(*f) *` and `const fun_t *`, i.e. applying `const` to a function type (qualifying a function type is illegal)",
    "suggestion": "Replace the const-qualified function types with pointer-to-function types or qualify the pointer instead. E.g. change `local const typeof(*f) *fp;` \u2192 `local typeof(f) fp;` (or `local typeof(f) const fp;` if you intended a const pointer), change `local int (*g)(const typeof(*f) *);` \u2192 `local int (*g)(typeof(f));` and change `local int (*g)(const fun_t *);` \u2192 `local int (*g)(fun_t *);` (or `local int (*g)(fun_t * const);` to make the pointer itself const). These avoid qualifying the function type itself."
  },
  {
    "tag": "ENAMEID",
    "file_path": "/home/coder/ai_agents/dmlc_fix_claude/simics_proj/modules/dmlc/test/1.4/errors/T_ENAMEID.dml",
    "file_content": "/*\n  \u00a9 2021 Intel Corporation\n  SPDX-License-Identifier: MPL-2.0\n*/\ndml 1.4;\n\ndevice test;\n\nbank b {\n    /// ERROR ENAMEID\n    param name = \"^invalid!\";\n}\n\nbank c {\n   register r size 1 @ 0 {\n        /// ERROR ENAMEID\n        param name = \"\";\n    }\n}\n\nbank d {\n   register r size 1 @ 0 {\n        field f @ [0] {\n            /// ERROR EBTYPE\n            param name = 15;\n        }\n   }\n}\n\nmethod m() {}\n/// ERROR ENAMEID\nexport m as \"\";\n",
    "error": "invalid name parameter value(s) in modules/.../test_dev.dml \u2014 e.g. '^invalid!' at 11:18 and empty names '' at 17:22 and 32:13 (also DFA reports duplicate register `r` and \"expected '{' after register declaration\"; build also shows a wrong-type at 25:26: got int64, expected string)",
    "suggestion": "Replace illegal/empty name parameters with valid identifiers and correct types/structure: e.g. change name=\"^invalid!\" \u2192 name=\"invalid\" (remove punctuation), fill empty name=\"\" with a meaningful identifier, quote values when a string is required (fix the int64 \u2192 \"123\" or use the correct string value), rename the duplicate register `r` to a unique name, and add the missing `{` after register declarations per DFA. Apply these edits in modules/.../test_dev.dml at the indicated line numbers and rebuild."
  },
  {
    "tag": "ESYNTAX_stringify",
    "file_path": "/home/coder/ai_agents/dmlc_fix_claude/simics_proj/modules/dmlc/test/1.4/errors/T_ESYNTAX_stringify.dml",
    "file_content": "/*\n  \u00a9 2021 Intel Corporation\n  SPDX-License-Identifier: MPL-2.0\n*/\ndml 1.4;\n\ndevice test;\n\n/// ERROR ESYNTAX\nmethod stringify;\n",
    "error": "/.../test_dev.dml:10:8: syntax error at 'stringify' \u2014 the DML parser does not recognize the token 'stringify' (likely an accidental C macro/function or wrong attribute used in a DML declaration).",
    "suggestion": "Remove or replace the invalid token. If you meant a string literal or a DML string attribute, use a quoted string or the DML string type (e.g. `name = \"value\";` or `attribute string name;`). If `stringify` is a C macro/function, move that usage into the C implementation or into an allowed C block, or rename it to a valid DML identifier. Then re-run the build and verify test_dev.dml line 10 (file_path:10:8)."
  },
  {
    "tag": "EARRAY",
    "file_path": "/home/coder/ai_agents/dmlc_fix_claude/simics_proj/modules/dmlc/test/1.4/errors/T_EARRAY.dml",
    "file_content": "/*\n  \u00a9 2024 Intel Corporation\n  SPDX-License-Identifier: MPL-2.0\n*/\ndml 1.4;\ndevice test;\n\n/// DMLC-FLAG --enable-features-for-internal-testing-dont-use-this\n\ntemplate t {\n    /// WARNING WEXPERIMENTAL\n    shared hook() h[5][3];\n\n    shared method sm() {\n        /// ERROR EARRAY\n        h.send_now();\n        /// ERROR EARRAY\n        h[0].send_now();\n        // no error\n        h[0][0].send_now();\n    }\n}\n\nis t;\n\nmethod init() {\n    /// ERROR EARRAY\n    cast(dev, t).h.send_now();\n    /// ERROR EARRAY\n    cast(dev, t).h[0].send_now();\n    // no error\n    cast(dev, t).h[0][0].send_now();\n}\n",
    "error": "syntax error at '[' (test_dev.dml:12:21) and multiple \"cannot use an array as a value\" errors for '_t.h', '_t.h[0]', 'test.t.h', 'test.t.h[0]' \u2014 parser sees invalid use of '['/array where a scalar/value was expected",
    "suggestion": "Declare and use arrays in a proper declaration context and assign elements explicitly. Example fixes: declare the array in the template (e.g. `int h[SIZE];` inside template t), ensure the device instantiates the template before accessing its field, and never use an array name as a single RHS value \u2014 either initialize element-by-element in init (e.g. `test.h[0] = ...; test.h[1] = ...;`) or use the DML-supported array initializer syntax if available. Remove illegal bracketed identifiers and move `[...]` to a proper declaration or element access."
  },
  {
    "tag": "ESTOREDINLINE",
    "file_path": "/home/coder/ai_agents/dmlc_fix_claude/simics_proj/modules/dmlc/test/1.4/errors/T_ESTOREDINLINE.dml",
    "file_content": "/*\n  \u00a9 2021 Intel Corporation\n  SPDX-License-Identifier: MPL-2.0\n*/\ndml 1.4;\n\ndevice test;\n\ninline method foo(inline a) {\n    /// ERROR ESTOREDINLINE\n    saved int sa = 2;\n    /// ERROR ESTOREDINLINE\n    session int se = 1;\n}\n\n// call method to codegen it\nmethod init() {\n    foo(5);\n}\n",
    "error": "/.../test_dev.dml:11:5 error: Cannot declare 'saved' variable in an inline method; /.../test_dev.dml:13:5 error: Cannot declare 'session' variable in an inline method",
    "suggestion": "Move persistent/state variables out of the inline method: either remove the `inline` qualifier on `foo` so local/stored variables are allowed, or declare `saved` and `session` as device attributes (e.g. `attribute saved: <type>; attribute session: <type>;`) and use those from `foo`. Recommended: for persistent state use attributes; for small helper code keep `inline` and avoid stored declarations."
  },
  {
    "tag": "ESYNTAX_multiassign",
    "file_path": "/home/coder/ai_agents/dmlc_fix_claude/simics_proj/modules/dmlc/test/1.4/errors/T_ESYNTAX_multiassign.dml",
    "file_content": "/*\n  \u00a9 2022 Intel Corporation\n  SPDX-License-Identifier: MPL-2.0\n*/\ndml 1.4;\n\ndevice test;\n\n/// ERROR ESYNTAX\nsession (int s1, float s2) = 1;\n/// ERROR ESYNTAX\nsession (int s3, float s4) = (1, 2, 3);\n\nmethod init() {\n    /// ERROR ESYNTAX\n    local (int l1, float l2) = 1;\n    /// ERROR ESYNTAX\n    local (int l3, float l4) = (1, 2, 3);\n    /// ERROR ESYNTAX\n    session (int s5, float s6) = 1;\n    /// ERROR ESYNTAX\n    session (int s7, float s8) = (1, 2, 3);\n\n    local (int x, int y, int z);\n    /// ERROR ESYNTAX\n    (x, y) = 1;\n    /// ERROR ESYNTAX\n    (x, y) = (1, 2, 3);\n}\n",
    "error": "dmlc/build: syntax error: wrong number of initializers \u2014 e.g. \"2 variables declared, 1 initializer specified\" and \"2 variables declared, 3 initializers specified\"; also \"wrong number of simultaneous assign targets for initializer: Expected [1 scalar], got [x,y]\" (errors at test_dev.dml lines 10,12,16,18,20,22,26,28).",
    "suggestion": "Ensure the number of initializers matches the number of targets. For declarations either provide the same count of values (e.g. `int x, y = (1, 2);`) or initialize separately (`int x = 1; int y = 2;`). For simultaneous assignment use matching tuple syntax: `(x, y) = (1, 2);`. If you meant an array/struct, declare that instead (e.g. `int a[3] = (1,2,3);`). Edit the indicated lines to add/remove values or variables so counts match."
  },
  {
    "tag": "WTTYPEC",
    "file_path": "/home/coder/ai_agents/dmlc_fix_claude/simics_proj/modules/dmlc/test/1.4/errors/T_WTTYPEC.dml",
    "file_content": "/*\n  \u00a9 2021 Intel Corporation\n  SPDX-License-Identifier: MPL-2.0\n*/\ndml 1.4;\n\ndevice test;\n\n/// COMPILE-ONLY\n\nmethod m() {}\n\nmethod init() {\n    // no warning\n    after cast(4, uint8) cycles: m();\n    after cast(4, uint32) cycles: m();\n    after cast(4, uint64) cycles: m();\n    after cast(4, int64_be_t) cycles: m();\n    after cast(4, int64_le_t) cycles: m();\n    after cast(4.5, int64) cycles: m();\n    /// WARNING WTTYPEC\n    after 4.5 cycles: m();\n\n    // no warning\n    after cast(4.5, int64) ps: m();\n    /// WARNING WTTYPEC\n    after 4.5 ps: m();\n}\n",
    "error": "/.../test_dev.dml:22:5 and :27:5 \u2014 warning: \"the time value of type 'double' is implicitly converted to the type 'int64' expected by the specified time unit ('cycles' at line 22, 'ps' at line 27)\" (floating\u2011point time literals will be truncated when converted to integer time values)",
    "suggestion": "Replace the floating\u2011point time literals with integer time constants that match the unit (e.g. use 10 cycles instead of 10.0 cycles), or express fractional cycles using a smaller unit (convert 0.5 cycles \u2192 appropriate ps value) or explicitly round/cast to int64. Update the constants at test_dev.dml:22 and :27 to integer values or adjust the time unit so no implicit double\u2192int64 conversion occurs."
  },
  {
    "tag": "ESYNTAX_old_log_type",
    "file_path": "/home/coder/ai_agents/dmlc_fix_claude/simics_proj/modules/dmlc/test/1.4/errors/T_ESYNTAX_old_log_type.dml",
    "file_content": "/*\n  \u00a9 2021 Intel Corporation\n  SPDX-License-Identifier: MPL-2.0\n*/\ndml 1.4;\n\ndevice x;\n\nmethod init() {\n    /// ERROR ESYNTAX\n    log \"info\": \"\";\n}\n",
    "error": "/.../test_dev.dml:11:9 \u2014 syntax error at `b'info''` (parser hit a Python-style byte literal used as a log type)",
    "suggestion": "Remove the Python-style byte prefix and use a valid DML log token or string. For example change `b'info'` \u2192 `\"info\"` (or `'info'`), or use the DML logging constant/API (e.g. `LOG_INFO` or `log(LOG_INFO, \"msg\")` / `log_info(\"msg\")`) so the log call uses valid DML syntax."
  },
  {
    "tag": "ERETARGNAME",
    "file_path": "/home/coder/ai_agents/dmlc_fix_claude/simics_proj/modules/dmlc/test/1.4/errors/T_ERETARGNAME.dml",
    "file_content": "/*\n  \u00a9 2021 Intel Corporation\n  SPDX-License-Identifier: MPL-2.0\n*/\ndml 1.4;\ndevice test;\n\nmethod m1()\n/// ERROR ERETARGNAME\n    -> (int i) {\n}\n\ninline method n(inline i) ->\n/// ERROR ERETARGNAME\n    (int i) {\n}\n",
    "error": "method return type declarations may not be named: i (file: /.../test_dev.dml at 10:9 and 15:6)",
    "suggestion": "Remove the identifier from the return-type tuple. Change `-> (int i)` and `(int i)` to `-> (int)` and `(int)`. If you need a named return value, declare a local variable inside the method and return it (or use the language's supported named-return syntax if different)."
  },
  {
    "tag": "WTEMPLATEIS",
    "file_path": "/home/coder/ai_agents/dmlc_fix_claude/simics_proj/modules/dmlc/test/1.4/errors/T_WTEMPLATEIS.dml",
    "file_content": "/*\n  \u00a9 2021 Intel Corporation\n  SPDX-License-Identifier: MPL-2.0\n*/\ndml 1.4;\n\ndevice test;\n\n/// COMPILE-ONLY\n\ntemplate t {\n    shared method m() default {}\n}\n\ntemplate x {\n    /// WARNING WTEMPLATEIS\n    is t;\n    shared method m() {}\n}\n\ntemplate y {\n    // no warning: no trait markers\n    is t;\n    method m() {}\n}\n\n// no warning, preferred form\ntemplate z is t {\n    shared method m() {}\n}\n\nport x is x;\nport y is y;\nport z is z;\n",
    "error": "dmlc: \"prefer 'is' statement outside template braces, 'template ... is (x, y) {'\" (test_dev.dml:17:5); DFA: \"Expected ';' or '{' after method signature\" (test_dev.dml:11:22-11:29) and \"Expected '{' after template name\" (test_dev.dml:27:11-27:13)",
    "suggestion": "Change the template declarations to use the recommended form with the is before the parameter list: `template <name> is (<params>) { ... }` (e.g. change `template foo(a, b) is {` \u2192 `template foo is (a, b) {`). Also add the missing method body or trailing `;` at test_dev.dml:11 and add the missing `{` after the template name at test_dev.dml:27. Fix indentation to 4-space multiples, then rebuild to confirm the errors are resolved."
  },
  {
    "tag": "ESYNTAX_switch_noncompound",
    "file_path": "/home/coder/ai_agents/dmlc_fix_claude/simics_proj/modules/dmlc/test/1.4/errors/T_ESYNTAX_switch_noncompound.dml",
    "file_content": "/*\n  \u00a9 2021 Intel Corporation\n  SPDX-License-Identifier: MPL-2.0\n*/\ndml 1.4;\ndevice test;\n\nmethod init() {\n    switch (x)\n        // must be compound\n        /// ERROR ESYNTAX\n        while(true) {\n        case 4: ;\n        }\n}\n",
    "error": "/.../test_dev.dml:12:9 \u2014 syntax error at 'while' (parser found a 'while' where a compound/brace-enclosed statement was expected, typically after a `switch` or `case`)",
    "suggestion": "Ensure the `switch` body is a compound statement (use braces) and put the `while` inside that block, or replace the `switch` with the correct control structure. For example change `switch (expr) while (...) ...` to `switch (expr) { while (...) { /* ... */ } }` or use `case ...: { while (...) { ... } break; }`. Then rebuild (test_dev.dml:12)."
  },
  {
    "tag": "EVOID_typedefed",
    "file_path": "/home/coder/ai_agents/dmlc_fix_claude/simics_proj/modules/dmlc/test/1.4/errors/T_EVOID_typedefed.dml",
    "file_content": "/*\n  \u00a9 2021 Intel Corporation\n  SPDX-License-Identifier: MPL-2.0\n*/\ndml 1.4;\n\ndevice test;\n\ntypedef void x;\n\n/// ERROR EVOID\nsession x y;\n",
    "error": "C compiler error: \"variable or field 'y' declared void\" (generated header: /.../test_dev-dml.h:852). This means the DML produced a declaration like `x y;` where the type `x` resolves to `void`.",
    "suggestion": "Find the DML declaration/typedef that makes the type resolve to void (in simics_proj/.../test_dev.dml). Do not typedef a concrete type to `void` or declare variables of a void type. Replace the typedef or member type with a valid non-void DML type (e.g. uint8/uint16/uint32 or an appropriate pointer/struct type) or remove the offending field. After the change, rebuild the test_dev module to verify the error is resolved."
  },
  {
    "tag": "ENAMECOLL",
    "file_path": "/home/coder/ai_agents/dmlc_fix_claude/simics_proj/modules/dmlc/test/1.4/errors/T_ENAMECOLL.dml",
    "file_content": "/*\n  \u00a9 2021 Intel Corporation\n  SPDX-License-Identifier: MPL-2.0\n*/\ndml 1.4;\n\ndevice test;\n\n/// ERROR ENAMECOLL\nparam c0 = 5;\n/// ERROR ENAMECOLL\nconnect c0;\n\n/// ERROR ENAMECOLL\nparam c1 = 5;\n/// ERROR ENAMECOLL\nmethod c1() {\n}\n\n/// ERROR ENAMECOLL\nparam c2 = 1;\n/// ERROR ENAMECOLL\nsession int c2;\n\n/// ERROR ENAMECOLL\nconnect c3;\n/// ERROR ENAMECOLL\nattribute c3;\n\n/// ERROR ENAMECOLL\nconnect c4;\n/// ERROR ENAMECOLL\nmethod c4() { }\n\n/// ERROR ENAMECOLL\nmethod c5() { }\n/// ERROR ENAMECOLL\nsession int c5;\n\n/// ERROR ENAMECOLL\nconnect c6;\n/// ERROR ENAMECOLL\nsession int c6;\n\n\n/// ERROR ENAMECOLL\ntemplate c7 { }\n/// ERROR ENAMECOLL\ntemplate c7 { }\n\n/// ERROR ENAMECOLL\nsession int c8;\n/// ERROR ENAMECOLL\nsession int c8;\n\n/// ERROR ENAMECOLL\ntemplate c9 {}\n/// ERROR ENAMECOLL\ntypedef int c9;\n\n// no error!\nextern typedef int t0;\nextern int t0;\n\n/// ERROR ENAMECOLL\ntypedef int t1;\n/// ERROR ENAMECOLL\ntypedef int t1;\n\n/// ERROR ENAMECOLL\ntypedef struct { int i; } s;\n/// ERROR ENAMECOLL\ntypedef struct { int i; } s;\n\n/// ERROR ENAMECOLL\nmethod bar() default { }\n/// ERROR ENAMECOLL\nmethod bar() default { }\n\ntypedef struct {\n    /// ERROR ENAMECOLL\n    int i;\n    /// ERROR ENAMECOLL\n    int i;\n} strange_struct;\n\nloggroup g;\n/// ERROR ENAMECOLL\nloggroup g;\n\nbank b {\n    /// ERROR ENAMECOLL\n    register x[i < 4] size 1 @ i;\n    /// ERROR ENAMECOLL\n    group x[i < 4];\n}\n\nport p0 {\n    /// ERROR ENAMECOLL\n    param foo = 1; \n    /// ERROR ENAMECOLL\n    param foo = 1;\n}\n\nport p2 {\n    /// ERROR ENAMECOLL\n    param baz default 1;\n    /// ERROR ENAMECOLL\n    param baz default 1;\n}\n\ntemplate structural_clash {\n    // EAMBINH might be a better description of this clash\n    /// ERROR ENAMECOLL\n    param p default 1;\n    group g {\n        /// ERROR ENAMECOLL\n        param p default 2;\n    }\n}\ngroup gg is (structural_clash) {\n    group g is (structural_clash);\n}\n\n\n/// ERROR ENAMECOLL\nextern int x;\n/// ERROR ENAMECOLL\nbank x;\n\ngroup g {\n    /// ERROR ENAMECOLL\n    param name = \"dev\";\n}\n\nbank b2 {\n    /// ERROR ENAMECOLL\n    register r1 size 1 @ 0 {}\n    register r2 size 1 @ 4 {\n        /// ERROR ENAMECOLL\n        param name = \"r1\";\n    }\n    register r3 size 1 @ 8 {\n        /// ERROR ENAMECOLL\n        param name = \"r_collision\";\n    }\n    register r4 size 1 @ 12 {\n        /// ERROR ENAMECOLL\n        param name = \"r_collision\";\n    }\n}\n\ntypedef layout \"big-endian\" {\n    /// ERROR ENAMECOLL\n    uint32 i;\n    /// ERROR ENAMECOLL\n    uint32 i;\n} strange_layout;\n\ntemplate clashing_shared_methods {\n    /// ERROR ENAMECOLL\n    shared method m() default {}\n    /// ERROR ENAMECOLL\n    shared method m() default {}\n\n    /// ERROR ENAMECOLL\n    param i: int;\n    /// ERROR ENAMECOLL\n    param i: int;\n\n    /// ERROR ENAMECOLL\n    shared method mp() default {}\n    /// ERROR ENAMECOLL\n    param mp: int;\n\n    /// ERROR ENAMECOLL\n    param pm: int;\n    /// ERROR ENAMECOLL\n    shared method pm() default {}\n\n    /// ERROR ENAMECOLL\n    session int ses;\n    /// ERROR ENAMECOLL\n    session int ses;\n}\n\n// a method cannot override a parameter, and a parameter cannot override\n// anything.\ntemplate abstract_param {\n    /// ERROR ENAMECOLL\n    param p0: int;\n}\ntemplate shared_method_override is abstract_param {\n    /// ERROR ENAMECOLL\n    shared method p0();\n}\ntemplate method_override is abstract_param {\n    /// ERROR ENAMECOLL\n    method p0() {}\n}\ntemplate param_override is abstract_param {\n    /// ERROR ENAMECOLL\n    param p0: int;\n}\ngroup po is method_override { param p0 = 1; }\ntemplate abstract_method {\n    /// ERROR ENAMECOLL\n    shared method am();\n    /// ERROR ENAMECOLL\n    shared method dm() default {}\n    /// ERROR ENAMECOLL\n    shared method dm2() default {}\n    /// ERROR ENAMECOLL\n    session int ses;\n}\ntemplate param_override2 is abstract_method {\n    /// ERROR ENAMECOLL\n    param am: int;\n    /// ERROR ENAMECOLL\n    param dm: int;\n    /// ERROR ENAMECOLL\n    session int dm2;\n    /// ERROR ENAMECOLL\n    session int ses;\n}\ntemplate param_untyped_override is abstract_method {\n    /// ERROR ENAMECOLL\n    param am = 5;\n    /// ERROR ENAMECOLL\n    param dm = 6;\n}\n\ngroup gg is param_untyped_override;\n\ntemplate sm {\n    /// ERROR ENAMECOLL\n    shared method m() default {}\n}\n\ntemplate p_clash {\n    /// ERROR ENAMECOLL\n    param p default 1;\n    /// ERROR ENAMECOLL\n    param p default 2;\n}\n// does not hide the error\ngroup p_clash is p_clash { param p = 3; }\n\nbank tb is sm {\n    /// ERROR ENAMECOLL\n    register m size 1 @ 0;\n}\n\n/// ERROR ENAMECOLL\ngroup ga[i < 4][i < 4];\n\nmethod m1() { }\nmethod m2() { }\n\n/// ERROR ENAMECOLL\nexport m1 as \"m_dup\";\n/// ERROR ENAMECOLL\nexport m2 as \"m_dup\";\n\ntemplate param_clash {\n    /// ERROR ENAMECOLL\n    param overridden_clash default 1;\n    /// ERROR ENAMECOLL\n    param overridden_clash default 1;\n}\ngroup param_clash_override is param_clash {\n    param overridden_clash = 1;\n}\n\nmethod init() {\n    local layout \"little-endian\" {\n        /// ERROR ENAMECOLL\n        uint32 a;\n        /// ERROR ENAMECOLL\n        uint32 a;\n    } x;\n    x.a = 4;\n\n    local bitfields 32 {\n        /// ERROR ENAMECOLL\n        uint16 a @ [15:0];\n        /// ERROR ENAMECOLL\n        uint16 a @ [31:16];\n    } y;\n    y.a = 4;\n}\n",
    "error": "Many \"name collision\" / \"Duplicate symbol\" errors in test_dev.dml (examples: name collision on 'i' at 84:5 vs 82:5, on 'a' at 280:9 vs 278:9, duplicate symbols c0,c1,c2,... p,p0,am,dm,baz,x,foo,m_dup, etc). DFA also reports a large number of syntax/parse errors earlier in the file (e.g. \"Expected '{' after connect name\" at 11,25,40; \"Expected ']' after register size\" at 92; many \"Expected ';' after parameter\" and \"Expected '{' after register declaration\" errors). Build fails with the same collisions.",
    "suggestion": "The collisions are almost certainly cascading parser/scope errors caused by earlier syntax problems. First fix the syntax so scopes are parsed correctly: add missing '{' / '}' for connect/group/register/bank/template declarations (see lines ~11,25,40,94,128,137,142,146,232,246,248,250), close the register size ']' at ~92, and add missing semicolons/parameter types at the parameter-method locations (~106,108,114,117,161\u2013179,190\u2013191,202\u2013204,216\u2013219,241\u2013243,266\u2013268). After correcting those parse errors re-run dmlc \u2014 many ENAMECOLL messages should disappear. If collisions remain after fixing syntax, resolve by removing or renaming duplicated declarations (e.g., duplicate c0..c9, p/p0, am/dm, baz, x, foo, m_dup) or move them into distinct scopes/templates so each symbol is unique. Rebuild and iterate."
  },
  {
    "tag": "ECONSTP_stringlit",
    "file_path": "/home/coder/ai_agents/dmlc_fix_claude/simics_proj/modules/dmlc/test/1.4/errors/T_ECONSTP_stringlit.dml",
    "file_content": "/*\n  \u00a9 2021 Intel Corporation\n  SPDX-License-Identifier: MPL-2.0\n*/\ndml 1.4;\ndevice test;\n\n// Bug 21367; see also 1.2/methods/call_stringlit\nmethod m(char *s) {\n}\n\nmethod init() {\n    /// ERROR ECONSTP\n    m(\"foo\");\n}\n",
    "error": "/.../test_dev.dml:12:7 (in init) and /.../test_dev.dml:14:5 \u2014 error: passing a const (string literal) for a non-const parameter `s` in a method call",
    "suggestion": "Update the method to accept a const string reference (preferred) or accept a const char* (e.g. change parameter to `const string &s` or `const char *s`), or alternatively pass a mutable local string: `string tmp = \"literal\"; method(tmp);`. After making the change rebuild the module."
  },
  {
    "tag": "EEXPORT",
    "file_path": "/home/coder/ai_agents/dmlc_fix_claude/simics_proj/modules/dmlc/test/1.4/errors/T_EEXPORT.dml",
    "file_content": "/*\n  \u00a9 2021 Intel Corporation\n  SPDX-License-Identifier: MPL-2.0\n*/\ndml 1.4;\n\ndevice test;\n\n/// ERROR EEXPORT\ninline method m1(inline x) {}\n/// ERROR EEXPORT\nexport m1 as \"m1\";\n\n/// ERROR EEXPORT\nmethod m2(uint64 x) throws {}\n/// ERROR EEXPORT\nexport m2 as \"m2\";\n\n/// ERROR EEXPORT\nmethod m3() -> (uint64, uint64) {\n    return (0, 0);\n}\n/// ERROR EEXPORT\nexport m3 as \"m3\";\n\ntemplate t {\n    // TODO: should this work?\n    shared method s() {}\n}\nis t;\n\n/// ERROR ENOBJ\nexport s as \"t_s\";\n",
    "error": "dmlc: \"error: cannot export this method\" for m1 (test_dev.dml:10-12), m2 (test_dev.dml:15-17) and m3 (test_dev.dml:20-24); build/dmlc also shows \"object expected: test.t.templates.t.s\" for the template export (test_dev.dml:33:8).",
    "suggestion": "The exports are invalid because inline/non-shared/template-local methods cannot be exported as written. Fixes (edit /.../test_dev.dml): 1) For m1 (line 10) either remove the export at line 12 or make it non-inline and exportable \u2014 e.g. change `inline method m1(inline x) {}` \u2192 `shared method m1(uint64 x) {}` (or `method m1(...) {}`) then keep `export m1 as \"m1\";`. 2) For m2 and m3 (lines 15\u201324) mark them shared if they must be exported: `shared method m2(uint64 x) throws {}` and `shared method m3() -> (uint64,uint64) { ... }` so the `export ...` lines become valid. 3) For the template method s, export the instantiated/template member with a qualified name after the `is t;` instantiation \u2014 replace `export s as \"t_s\";` (line 33) with a qualified export such as `export t.s as \"t_s\";` (or `export test.t.s as \"t_s\";`) so the exporter references the actual object. After making these changes, rebuild the module."
  },
  {
    "tag": "EUNOP",
    "file_path": "/home/coder/ai_agents/dmlc_fix_claude/simics_proj/modules/dmlc/test/1.4/errors/T_EUNOP.dml",
    "file_content": "/*\n  \u00a9 2021 Intel Corporation\n  SPDX-License-Identifier: MPL-2.0\n*/\ndml 1.4;\n\ndevice test;\n\nmethod init() {\n    /// ERROR EBTYPE\n    ~3.14;\n}\n",
    "error": "/.../test_dev.dml:11:6 \u2014 wrong type: got double, expected integer type (in init)",
    "suggestion": "At test_dev.dml:11 convert the floating literal to an integer or make the target accept a floating value. Fix options: (1) change the literal (e.g. replace 1.0 with 1) so an integer is assigned; or (2) if a fractional value is intended, change the declared type of the receiving attribute/parameter to a floating type (e.g. double) in the device/init section (see test_dev.dml:9\u201311)"
  },
  {
    "tag": "ESYNTAX_hash",
    "file_path": "/home/coder/ai_agents/dmlc_fix_claude/simics_proj/modules/dmlc/test/1.4/errors/T_ESYNTAX_hash.dml",
    "file_content": "/*\n  \u00a9 2021 Intel Corporation\n  SPDX-License-Identifier: MPL-2.0\n*/\ndml 1.4;\n\ndevice test;\n\nmethod init() {\n    // # is not a separate token, instead #if/#else are atomic tokens;\n    // furthermore, they are lexed greedily, so must be followed by space.\n    #if (false) ;\n    /// ERROR ESYNTAX\n    #else3\n    ;\n\n    /// ERROR ESYNTAX\n    #/**/if (false) ;\n}\n",
    "error": "/.../test_dev.dml:14:5: error: syntax error at '#else3': illegal # symbol; /.../test_dev.dml:18:5: error: syntax error at '#': illegal character",
    "suggestion": "Edit the file at test_dev.dml (see lines 14:5 and 18:5) and remove the illegal '#' characters. Replace the erroneous token `#else3` with the correct DML construct (e.g. `else` within the surrounding if/endif block, or `elsif`/`end if` as appropriate), or if the lines were meant to be comments change `#...` to DML comment syntax (use `//` or `/* ... */`). If you intended a C-preprocessor directive, remove it\u2014DML does not accept `#` directives. After fixing those lines (test_dev.dml:14 and test_dev.dml:18), re-run the build."
  },
  {
    "tag": "EAPPLY",
    "file_path": "/home/coder/ai_agents/dmlc_fix_claude/simics_proj/modules/dmlc/test/1.4/errors/T_EAPPLY.dml",
    "file_content": "/*\n  \u00a9 2021 Intel Corporation\n  SPDX-License-Identifier: MPL-2.0\n*/\ndml 1.4;\ndevice test;\n\ntemplate t { }\nis t;\nport p;\n\nmethod init() {\n    local t x = cast(dev, t);\n    /// ERROR EAPPLY\n    x = p();\n}\n",
    "error": "/.../test_dev.dml:15:9: error: illegal function application of 'p' (type: port object)",
    "suggestion": "Do not call a port variable like a function. At line 15 replace the call-style usage `p(...)` with correct port usage \u2014 e.g. connect the port (`connect p = other_port;`), assign an attribute (`p.attr = value;`), or if you meant to instantiate a template/function call that name instead of the port (e.g. `t(...)`). Ensure `p` is declared as a port and used with DML port/connect or attribute syntax rather than parentheses."
  },
  {
    "tag": "ENTMPL",
    "file_path": "/home/coder/ai_agents/dmlc_fix_claude/simics_proj/modules/dmlc/test/1.4/errors/T_ENTMPL.dml",
    "file_content": "/*\n  \u00a9 2021 Intel Corporation\n  SPDX-License-Identifier: MPL-2.0\n*/\ndml 1.4;\n\ndevice test;\n\ntemplate unused\n    /// ERROR ENTMPL\n    is garbage0 {\n    /// ERROR ENTMPL\n    is garbage1;\n    // broken references are also within unused templates\n    group a {\n        /// ERROR ENTMPL\n        is garbage2;\n    }\n    group b {\n        /// ERROR ENTMPL\n        in each garbage3 {\n            /// ERROR ENTMPL\n            is garbage4;\n        }\n    }\n\n    // broken template references behind #if are tolerated\n    #if (false) {\n        group c {\n            // ok\n            in each garbage5 {\n                // ok\n                is garbage6;\n            }\n            // ok\n            is garbage7;\n        }\n    }\n}\n\n#if (false) {\n    bank b {\n        // ok\n        is garbage8;\n    }\n}\n\ntypedef int xyz;\ntemplate w {}\ntypedef w w2;\n\nmethod init() {\n    // the identifier in both 'each' and 'sequence' denote the template name,\n    // not the template type.\n    /// ERROR ENTMPL\n    each w2 in (dev);\n    /// ERROR ENTMPL\n    each xyz in (dev);\n    /// ERROR ETYPE\n    local sequence(w2) a;\n    /// ERROR ETYPE\n    local sequence(xyz) b = each w in (this);\n}\n",
    "error": "dmlc/build: unknown template 'garbage0'..'garbage4' (test_dev.dml:11,13,17,21,23); dfa: \"Expected '{' after template name\" (test_dev.dml:10:4-10:6); build: unknown template 'w2' and 'xyz' and unknown type \"list of trait w2/xyz\" (test_dev.dml:56\u201362).",
    "suggestion": "Fix suggestion: correct the template/trait declarations and their usage. At test_dev.dml around line 10 add the missing '{' (complete the template declaration) and ensure each template has a proper body and closing brace; either define templates named garbage0..garbage4 (or rename the references to the actual template names present) and define traits/templates `w2` and `xyz` before using them (or change usages to the existing `w` template). For trait lists use the proper DML trait declaration syntax (e.g., `trait w2 { ... }` or `template trait w2 { ... }` per your DML), then `list of trait w2`. Verify spelling and brace placement, then rebuild."
  },
  {
    "tag": "ESERIALIZE",
    "file_path": "/home/coder/ai_agents/dmlc_fix_claude/simics_proj/modules/dmlc/test/1.4/errors/T_ESERIALIZE.dml",
    "file_content": "/*\n  \u00a9 2021 Intel Corporation\n  SPDX-License-Identifier: MPL-2.0\n*/\ndml 1.4;\nprovisional simics_util_vect;\n\ndevice test;\n\n// Mostly, what we cannot checkpoint is pointers\n\nextern int num;\n\n// Check that we detect this also in statements\nmethod m() {\n    /// ERROR ESERIALIZE\n    saved void *v_ptr;\n    // no error\n    saved int i[2];\n    /// ERROR ESERIALIZE\n    saved int a2[num];\n    local int size = 2;\n    /// ERROR ESERIALIZE\n    saved int a3[size];\n}\n\n/// ERROR ESERIALIZE\nsaved void *v_ptr;\n\n/// ERROR ESERIALIZE\nsaved int *i_ptr;\n\ntypedef void (*f)();\n/// ERROR ESERIALIZE\nsaved f f_ptr;\n\n// TODO: vectors should be serializable\ntypedef int vect int_vect;\n/// ERROR ESERIALIZE\nsaved int_vect x;\n\n// ESERIALIZE causes the compiler to omit the faulty declarations in further\n// analyses; if this didn't happen, function types would cause some sneaky\n// crashes.\n/// ERROR ESERIALIZE\nsaved void function(void);\n\n// make sure method is not dead\nmethod init() {\n    m();\n}\n",
    "error": "dmlc reports unserializable saved declarations: pointers (void*, int*), function pointer typedefs and function types, runtime-sized arrays, and a vector typedef \u2014 see /.../test_dev.dml:17,21,24,28,31,35,40,46",
    "suggestion": "Remove the `saved` qualifier from non-serializable declarations or replace them with serializable representations. Concretely: don't checkpoint raw pointers or function types \u2014 either store a serializable handle/index (int) or omit `saved` for those fields (e.g. /.../test_dev.dml:17,28,31,35,46). Replace runtime-sized saved arrays with fixed-size saved arrays or use a serializable container (avoid `saved int a2[num]` and `saved int a3[size]`; use a literal size or redesign to persist the data explicitly) (see /.../test_dev.dml:21,24). For the vector typedef (int_vect) either make it a concrete serializable type (fixed-size array/struct) or stop marking it `saved` (/.../test_dev.dml:40). After making these changes rebuild the module."
  },
  {
    "tag": "EARGT",
    "file_path": "/home/coder/ai_agents/dmlc_fix_claude/simics_proj/modules/dmlc/test/1.4/errors/T_EARGT.dml",
    "file_content": "/*\n  \u00a9 2021 Intel Corporation\n  SPDX-License-Identifier: MPL-2.0\n*/\ndml 1.4;\n\ndevice test;\n\ntypedef struct {\n    uint32 (*ret_uint32)(conf_object_t *obj);\n    void (*uint32_arg)(conf_object_t *obj, uint32 arg);\n    void (*var_arg)(conf_object_t *obj, ...);\n} test_interface_t;\n\nimplement test {\n    /// ERROR EARGT\n    method ret_uint32() -> (int32) { return 0; }\n    /// ERROR EARGT\n    method uint32_arg(int32 *arg) { }\n    /// ERROR EMETH\n    method var_arg() {}\n}\n",
    "error": "test_dev.dml:17:11 wrong return type implementing `ret_uint32` (got `int32`, expected `uint32`); test_dev.dml:19:11 wrong parameter type implementing `uint32_arg` (got `pointer to int32`, expected `uint32`); test_dev.dml:21:11 incompatible method definitions: interface method is variadic",
    "suggestion": "Align the implementation with the interface: change the method return type at test_dev.dml:17 from `int32` to `uint32`; change the parameter at test_dev.dml:19 from `pointer to int32` to `uint32` (remove the pointer); and make the implementing method variadic to match the interface (add `...` to the implementation signature at ~line 21) \u2014 alternatively, if the interface should not be variadic, update the interface declaration to remove the variadic `...` so both signatures match."
  },
  {
    "tag": "EABSTEMPLATE",
    "file_path": "/home/coder/ai_agents/dmlc_fix_claude/simics_proj/modules/dmlc/test/1.4/errors/T_EABSTEMPLATE.dml",
    "file_content": "/*\n  \u00a9 2021 Intel Corporation\n  SPDX-License-Identifier: MPL-2.0\n*/\ndml 1.4;\n\ndevice test;\n\ntemplate t1 {\n    /// ERROR EABSTEMPLATE\n    shared method m();\n}\n\n/// ERROR EABSTEMPLATE\nport p {\n    is t1;\n}\n",
    "error": "Instantiating template t1 requires abstract method m to be implemented (abstract declaration at test_dev.dml:11:5; instantiation at test_dev.dml:15:1 / 16:8)",
    "suggestion": "Implement the abstract method `m` on the instantiation that uses template `t1` (or remove the `abstract` qualifier from the template). For example, in /.../test_dev.dml add a concrete method implementation in the device block that instantiates `t1` (or provide an `implement m { ... }` body) so the template is no longer missing a required method; alternatively, keep the template abstract and avoid instantiating it."
  },
  {
    "tag": "ESTATICEXPORT",
    "file_path": "/home/coder/ai_agents/dmlc_fix_claude/simics_proj/modules/dmlc/test/1.4/errors/T_ESTATICEXPORT.dml",
    "file_content": "/*\n  \u00a9 2022 Intel Corporation\n  SPDX-License-Identifier: MPL-2.0\n*/\ndml 1.4;\n\ndevice test;\n\n/// ERROR ESTATICEXPORT\ninline method m1(inline x) {}\n\n/// ERROR ESTATICEXPORT\nmethod m2(uint64 x) throws {}\n\n/// ERROR ESTATICEXPORT\nmethod m3() -> (uint64, uint64) {\n    return (0, 0);\n}\n\ngroup g[i < 1] {\n    /// ERROR ESTATICEXPORT\n    method m4() -> (uint64) {\n        return 0;\n    }\n}\n\nmethod init() {\n    /// ERROR ESTATICEXPORT\n    &m1;\n    /// ERROR ESTATICEXPORT\n    &m2;\n    /// ERROR ESTATICEXPORT\n    &m3;\n    /// ERROR ESTATICEXPORT\n    &g[0].m4;\n}\n",
    "error": "build fails with \"cannot convert this method reference to a function pointer\" when taking addresses of methods in init (&m1, &m2, &m3, &g[0].m4) (see simics_proj/.../test_dev.dml:27-35)",
    "suggestion": "Declare the referenced routines as static/exported functions or provide static wrapper functions instead of instance methods. Example fixes: change `method m2(...)` \u2192 `static method m2(...)` (or `export static method ...`) and `method m4(...)` \u2192 `static method m4(...)`, or move the logic into top-level `static` functions and take their addresses. Also ensure parameter/return signatures match the expected function-pointer type (e.g., remove the invalid `inline` parameter usage) so the method reference can be converted to a function pointer."
  },
  {
    "tag": "ESYNTAX_old_anon_bank",
    "file_path": "/home/coder/ai_agents/dmlc_fix_claude/simics_proj/modules/dmlc/test/1.4/errors/T_ESYNTAX_old_anon_bank.dml",
    "file_content": "/*\n  \u00a9 2021 Intel Corporation\n  SPDX-License-Identifier: MPL-2.0\n*/\ndml 1.4;\n\ndevice test;\n\n// Anonymous banks no longer allowed\n/// ERROR ESYNTAX\nbank {\n}\n",
    "error": "/.../test_dev.dml:11:6: syntax error at '{' \u2014 DFA: \"Expected bank name\" at line 10 and \"Expected '{' after bank name\" / \"Expected '}' after bank body\" (anonymous/unnamed bank not allowed)",
    "suggestion": "Give the bank an explicit name and ensure matching braces and proper indentation. Replace the anonymous form \"bank {\" with e.g. \"bank my_bank {\" and add the closing \"}\" after the bank body. Also fix indentation to 4-space multiples. Example fix: `bank my_bank { ... }` (ensure base/size/registers are inside and close the block)."
  },
  {
    "tag": "EANONSTRUCT",
    "file_path": "/home/coder/ai_agents/dmlc_fix_claude/simics_proj/modules/dmlc/test/1.4/errors/T_EANONSTRUCT.dml",
    "file_content": "/*\n  \u00a9 2021 Intel Corporation\n  SPDX-License-Identifier: MPL-2.0\n*/\ndml 1.4;\n\ndevice test;\n\n/// ERROR EANONSTRUCT\nmethod m(struct { int i; } *arg)\n    /// ERROR EANONSTRUCT\n    -> (struct { int j; }) {}\n\n/// ERROR EANONSTRUCT\ntypedef void (*f1)(struct { int x; } arg);\n/// ERROR EANONSTRUCT\ntypedef void (*f2)(struct { int x; } arg, ...);\n// this one can be supported, but hard to see a real use case and would require\n// some effort if we wouldn't rely on GCC for code generation.\n/// ERROR EANONSTRUCT\ntypedef struct {int x; } (*funtype)(void);\n\ntemplate t {\n    /// ERROR EANONSTRUCT\n    shared method m(struct {int i; } arg)\n    /// ERROR EANONSTRUCT\n        -> (struct {int i; } *);\n    /// ERROR EANONSTRUCT\n    param p7 : struct { uint8 c[7]; } *;\n}\n\nmethod init() {\n    /// ERROR EANONSTRUCT\n    new struct { int i; };\n    /// ERROR EANONSTRUCT\n    sizeoftype struct { int i; };\n    /// ERROR EANONSTRUCT\n    cast(NULL, struct { int i; } *);\n}\n",
    "error": "struct declaration not allowed in a function/method argument/return/new/sizeoftype/cast (errors reported in modules/.../test_dev.dml \u2014 e.g. lines ~10\u201338); DFA also shows \"Expected variable type/name\" caused by inline/anonymous struct use in signatures",
    "suggestion": "Define the struct as a top\u2011level named struct/typedef and use that name everywhere instead of an anonymous inline struct. Example: add `typedef struct my_struct { ... } my_struct_t;` before the device/template, then change all `struct { ... }` occurrences in function/method parameters and return types to `my_struct_t` (or `my_struct_t *`), use `new my_struct_t`, `sizeoftype(my_struct_t)`, and casts `(my_struct_t *)expr`. Also ensure method parameter names and parentheses are present so signatures parse correctly."
  },
  {
    "tag": "ETYPE",
    "file_path": "/home/coder/ai_agents/dmlc_fix_claude/simics_proj/modules/dmlc/test/1.4/errors/T_ETYPE.dml",
    "file_content": "/*\n  \u00a9 2021 Intel Corporation\n  SPDX-License-Identifier: MPL-2.0\n*/\ndml 1.4;\n\ndevice test;\n\n/// ERROR ETYPE\nextern undefined_type_t undef_ret();\n/// ERROR ETYPE\nextern void undef_arg(undefined_type_t);\n/// ERROR ETYPE\nextern undefined_type undef_val;\n/// ERROR ETYPE\ntypedef undefined_type_t undef_ret();\n/// ERROR ETYPE\nextern typedef void undef_arg(undefined_type_t);\n/// ERROR ETYPE\nextern typedef undefined_type undef_val;\n\ntemplate t {\n    shared method m(\n        // no error\n        bool a,\n        /// ERROR ETYPE\n        undefined_type b)\n        /// ERROR ETYPE\n        -> (undefined_type);\n    shared method n(\n        // no error\n        bool a,\n        /// ERROR ETYPE\n        undefined_type b)\n        /// ERROR ETYPE\n        -> (undefined_type) {\n        assert false;\n    }\n    shared method o(\n        // no error\n        bool a,\n        /// ERROR ETYPE\n        undefined_type b)\n        /// ERROR ETYPE\n        -> (undefined_type) default {\n        assert false;\n    }\n}\n\ntemplate u is t {\n    shared method o(\n        // no error\n        bool a,\n        /// ERROR ETYPE\n        undefined_type b)\n        /// ERROR ETYPE\n        -> (undefined_type) {\n        assert false;\n    }\n}\n",
    "error": "dmlc reports multiple \"unknown type\" errors for `undefined_type_t` / `undefined_type` in modules/.../test_dev.dml (examples: lines 10,12,14,16,18,20,27,29,34\u201336,43\u201345,55\u201357). DFA shows cascading parse errors (\"Expected variable type\", \"Expected variable name\", \"Expected ')' after method parameters\", \"Expected ';' or '{' after method signature\") caused by the undefined types.",
    "suggestion": "Define or replace the missing type(s) and fix the affected method signatures. Two concrete options: (A) If `undefined_type_t` was intended to be an existing scalar, change all occurrences to a valid DML/C type (e.g. `uint32_t`, `int`, `string`, etc.) consistent with the API; or (B) declare a typedef at the top of test_dev.dml (or include the correct header) \u2014 e.g. `typedef uint32_t undefined_type_t;` \u2014 and ensure method parameters include both a type and name and that signatures end with `)` and are followed by `;` or `{`. After making these fixes (see the specific lines reported by dmlc/dfa), rebuild \u2014 the unknown-type errors should disappear and the parser errors will be resolved."
  },
  {
    "tag": "ETYPEDPARAMVIOL",
    "file_path": "/home/coder/ai_agents/dmlc_fix_claude/simics_proj/modules/dmlc/test/1.4/errors/T_ETYPEDPARAMVIOL.dml",
    "file_content": "/*\n  \u00a9 2022 Intel Corporation\n  SPDX-License-Identifier: MPL-2.0\n*/\ndml 1.4;\n\ndevice test;\n\n/// COMPILE-ONLY\n\ntemplate t {\n    shared independent method s1() -> (int) {\n        return 0;\n    }\n\n    shared independent method s2() -> (int) default {\n        return 0;\n    }\n}\n\nindependent method m() -> (int) {\n    return 0;\n}\n\ntemplate u {\n    param p1 : int;\n    param p2 : int;\n    param p3 : int;\n}\n\nis t;\nis u;\n\n/// ERROR ETYPEDPARAMVIOL\nparam p1 = cast(dev, t).s1();\n/// ERROR ETYPEDPARAMVIOL\nparam p2 = cast(dev, t).s2();\n/// ERROR ETYPEDPARAMVIOL\nparam p3 = m();\n",
    "error": "dmlc: /.../test_dev.dml:35:24, 37:24, 39:12 \u2014 \"typed parameter definitions may not contain independent methods calls\" (build failed); DFA also shows cascading syntax errors (missing return type, missing ')', missing ';' after parameters) and duplicate symbols (p1, p3).",
    "suggestion": "Remove method calls from typed-parameter declarations and fix the surrounding syntax. Concretely: edit /.../test_dev.dml to (1) change parameter lines that call methods (e.g. `int p1 = someMethod();`) to simple typed declarations (`int p1;`) \u2014 do this for the occurrences at lines 35, 37 and 39; (2) move the method calls into an initialization block or device/template init method (e.g. in the template/device constructor or post-init: `p1 = someMethod();`) so runtime values are assigned there; (3) fix the syntax errors DFA reported (add missing return types on method signatures at ~line 11, close `)` on signatures at ~line 13, add missing `;` after parameter declarations reported at lines ~25\u201328, 34, 36, 38); and (4) remove/rename duplicate parameter names (duplicate `p1` and `p3`) so each parameter has a unique identifier. After these edits rebuild the module \u2014 the typed-parameter error should disappear and the remaining parsing errors will be resolved."
  },
  {
    "tag": "EBITRR",
    "file_path": "/home/coder/ai_agents/dmlc_fix_claude/simics_proj/modules/dmlc/test/1.4/errors/T_EBITRR.dml",
    "file_content": "/*\n  \u00a9 2022 Intel Corporation\n  SPDX-License-Identifier: MPL-2.0\n*/\ndml 1.4;\ndevice test;\n\nimport \"utility.dml\";\n\nbank b {\n    register r1 size 4 is unmapped {\n        /// ERROR EBITRR\n        field f1 @ [3:-1];\n    }\n\n    register r2 size 4 is unmapped {\n        /// ERROR EBITRR\n        field f1 @ [32:16];\n    }\n}\n",
    "error": "bit range of field 'b.r1.f1' outside register boundaries; bit range of field 'b.r2.f1' outside register boundaries (dmlc build errors at test_dev.dml:13:9 and 18:9). DFA also shows parser/syntax issues: missing '{' after register, missing ']' after field bit range, missing '}' to close bank (lines ~10\u201320).",
    "suggestion": "Fix: correct the DML syntax and field bit\u2011ranges in modules/.../test_dev.dml \u2014 add the missing braces/brackets (put '{' after each register declaration, close field bit\u2011range '[]', close the bank with '}'), declare or verify each register's width (e.g. register r1 [31:0] { ... }) and then adjust each field's bit range so it lies within that register width (e.g. use [15:0] or appropriate indices). After editing, rebuild the test_dev module to confirm the errors are resolved."
  },
  {
    "tag": "ENPARAM",
    "file_path": "/home/coder/ai_agents/dmlc_fix_claude/simics_proj/modules/dmlc/test/1.4/errors/T_ENPARAM.dml",
    "file_content": "/*\n  \u00a9 2021 Intel Corporation\n  SPDX-License-Identifier: MPL-2.0\n*/\ndml 1.4;\n\ndevice test;\n\ngroup g1 {\n    /// ERROR ENPARAM\n    param x;\n}\n\ntemplate t {\n    /// ERROR ENPARAM\n    param p: int;\n}\n\n/// ERROR ENPARAM\ngroup g2 {\n    is t;\n}\n\n/// ERROR ENPARAM\nconnect con is init_as_subobj {\n}\n",
    "error": "Missing/invalid parameter declarations and missing parameter assignments \u2014 dmlc: \"no assignment to parameter 'classname'\" (dml-builtins.dml:1481), \"no assignment to parameter 'x'\" (modules/.../test_dev.dml:11:5), \"no assignment to parameter 'p'\" (modules/.../test_dev.dml:16:5); dfa: \"Expected parameter type\" and \"Expected ';' after parameter\" (test_dev.dml:15\u201316) and malformed connect body braces (test_dev.dml:24\u201326).",
    "suggestion": "Edit /.../test_dev.dml: give each parameter an explicit type and terminate with a semicolon (e.g. `parameter int x;` at test_dev.dml:11 and `parameter <type> p;` at test_dev.dml:16), fix the connect declaration by adding the expected `{ ... }` body (around lines 24\u201326), and when instantiating/templates require values assign the required parameters (set `x=...`, `p=...`, and `classname=\"...\"` where the template/connect is used). After these edits rebuild; also correct indentation warnings."
  },
  {
    "tag": "EFUNSTRUCT",
    "file_path": "/home/coder/ai_agents/dmlc_fix_claude/simics_proj/modules/dmlc/test/1.4/errors/T_EFUNSTRUCT.dml",
    "file_content": "/*\n  \u00a9 2024 Intel Corporation\n  SPDX-License-Identifier: MPL-2.0\n*/\ndml 1.4;\n\ndevice test;\n\nmethod init() {\n    /// ERROR EFUNSTRUCT\n    local struct { void (member)(void); } x;\n    /// ERROR EFUNSTRUCT\n    local layout \"little-endian\" { void (member)(void); } y;\n}\n",
    "error": "/.../test_dev.dml:11:20 and 13:36 \u2014 \"struct member is a function\" (lines show `local struct { void (member)(void); } x;` and `local layout \"little-endian\" { void (member)(void); } y;`, which DML rejects because that syntax declares a function, not a data member)",
    "suggestion": "Use a valid field type or a function-pointer declaration. For example change `void (member)(void);` \u2192 `void (*member)(void);` in both places if you meant a function pointer, or move the behavior out as a proper `method member() { ... }` if you intended a method. Replace at test_dev.dml:11 and test_dev.dml:13."
  },
  {
    "tag": "ETRAITUPCAST",
    "file_path": "/home/coder/ai_agents/dmlc_fix_claude/simics_proj/modules/dmlc/test/1.4/errors/T_ETRAITUPCAST.dml",
    "file_content": "/*\n  \u00a9 2021 Intel Corporation\n  SPDX-License-Identifier: MPL-2.0\n*/\ndml 1.4;\n\ndevice test;\n\ntemplate a_t {}\ntemplate b_t {}\ntemplate c_t is b_t {}\n\nport p {\n    is c_t;\n}\n\nmethod init() {\n    /// ERROR ETEMPLATEUPCAST\n    cast(p, a_t);\n    // no error\n    cast(p, b_t);\n    local c_t c = cast(p, c_t);\n    /// ERROR ETEMPLATEUPCAST\n    cast(c, a_t);\n    // no error\n    cast(c, b_t);\n    /// ERROR ETEMPLATEUPCAST\n    cast(4, a_t);\n    /// ERROR ETEMPLATEUPCAST\n    cast(NULL, a_t);\n}\n",
    "error": "dmlc/build errors: \"invalid upcast, object not a subtemplate of a_t\" (test_dev.dml:19), \"invalid upcast, template type c_t not a subtemplate of template type a_t\" (test_dev.dml:24), \"invalid upcast, int64 not a subtemplate of template type a_t\" (test_dev.dml:28), \"invalid upcast, pointer to void not a subtemplate of template type a_t\" (test_dev.dml:30)",
    "suggestion": "The casts are invalid because c_t (and b_t) do not derive from a_t and literals/NULL are not template objects. Fix by making a_t an ancestor of b_t (so c_t \u2192 b_t \u2192 a_t) \u2014 e.g. change template definition at test_dev.dml:10 to `template b_t is a_t {}` so casts to a_t succeed; or change the casts to the correct existing type (use `cast(..., b_t)` or `cast(..., c_t)` where appropriate at test_dev.dml:19,24). Also remove/replace invalid casts of non-object values (replace `cast(4, a_t)` and `cast(NULL, a_t)` at test_dev.dml:28,30 with casts of real template objects or add proper construction/null checks)."
  },
  {
    "tag": "EAINCOMP",
    "file_path": "/home/coder/ai_agents/dmlc_fix_claude/simics_proj/modules/dmlc/test/1.4/errors/T_EAINCOMP.dml",
    "file_content": "/*\n  \u00a9 2022 Intel Corporation\n  SPDX-License-Identifier: MPL-2.0\n*/\ndml 1.4;\ndevice test;\n\n/// ERROR EAINCOMP\ngroup g[i < ...];\n/// ERROR EAINCOMP\ngroup g[j < 4];\n",
    "error": "incompatible array declarations: mismatching index variables \u2014 `group g[i < ...];` vs `group g[j < 4];` (conflicting declaration)",
    "suggestion": "Make the group declaration consistent or remove the duplicate. Replace the placeholder/ellipses with a concrete bound and use the same index variable in both declarations (or keep only one declaration). Example fixes: `group g[i < 4];` (remove the second line) or define a single group with a body `group g[i < 4] { ... }`. Also ensure you use `{` and `}` when providing a group body."
  },
  {
    "tag": "EAFTERMSGCOMP",
    "file_path": "/home/coder/ai_agents/dmlc_fix_claude/simics_proj/modules/dmlc/test/1.4/errors/T_EAFTERMSGCOMP.dml",
    "file_content": "/*\n  \u00a9 2024 Intel Corporation\n  SPDX-License-Identifier: MPL-2.0\n*/\ndml 1.4;\n\ndevice test;\n\nhook(int, bool) h;\n\nmethod m(int i, bool b) { }\n\nmethod init() {\n    after h -> (i, b): m(\n        // no error\n        (i),\n        /// ERROR EAFTERMSGCOMPPARAM\n        !b);\n    after h -> (i, b): m(\n        /// ERROR EAFTERMSGCOMPPARAM\n        i + 1,\n        // no error\n        b);\n\n}\n",
    "error": "/.../test_dev.dml:14: error: `'b' is a message component parameter, and can only be used as a direct argument to the callback method of the after statement`; /.../test_dev.dml:21: error: `'i' is a message component parameter, and can only be used as a direct argument to the callback method of the after statement`",
    "suggestion": "Message-component parameters introduced by an `after` (here `i` and `b` in /.../test_dev.dml:13\u201323) must be passed literally as direct arguments to the callback (e.g. `m(i, b)`). Do not use expressions like `!b` or `i + 1` as those are not allowed. Fix options: (1) Pass components directly: change the two calls to `after h -> (i, b): m(i, b);` (see /.../test_dev.dml:14 and :19). (2) If you need computed values, add a wrapper/callback that accepts the components directly and performs the computation inside, e.g. add `method m_wrapper(int i, bool b) { m(i + 1, !b); }` and call `after h -> (i, b): m_wrapper(i, b);`."
  },
  {
    "tag": "EMEMBERTQMIC",
    "file_path": "/home/coder/ai_agents/dmlc_fix_claude/simics_proj/modules/dmlc/test/1.4/errors/T_EMEMBERTQMIC.dml",
    "file_content": "/*\n  \u00a9 2024 Intel Corporation\n  SPDX-License-Identifier: MPL-2.0\n*/\ndml 1.4;\n\ndevice test;\n\ntemplate t0 {\n    method m0() {}\n}\n\ntemplate t1 is t0 {\n    shared method m1() default {}\n    shared method m2();\n}\n\ntemplate t2 is t1 {\n    param enable_t2 default true;\n    #if (enable_t2) {\n        method m1() default {}\n        method m2() default {}\n    }\n}\n\ntemplate t3 is t2 {\n    param enable_t3 default false;\n    #if (enable_t3) {\n        method m1() default {}\n        method m2() default {}\n    }\n}\n\nin each t1 {\n    method m3() {}\n}\n\ngroup g is t3 {\n    param enable_t2 = false;\n    param enable_t3 = true;\n}\n\n\ntemplate subdeclarer {\n    param declare_subgroup default false;\n\n    #if (declare_subgroup) {\n        group subgroup {\n            method m() {}\n        }\n    }\n}\n\nparam declare_subgroup = true;\nis subdeclarer;\ngroup subgroup is subdeclarer;\n\nmethod init() {\n    // no error\n    g.templates.t1.m0();\n    g.templates.t1.m1();\n    cast(g, t3).templates.t1.m1();\n\n    /// ERROR EMEMBERTQMIC\n    g.templates.t1.nonexistent();\n    /// ERROR EMEMBERTQMIC\n    g.templates.t1.m2();\n    /// ERROR EMEMBERTQMIC\n    cast(g, t3).templates.t1.nonexistent();\n\n    // no error (uses t1's implementation)\n    g.templates.t2.m1();\n    /// ERROR EMEMBERTQMIC\n    g.templates.t2.m2();\n\n    // no error\n    g.templates.t3.m1();\n    g.templates.t3.m2();\n\n    // Even though the in-each guarantees its existence, m3 is still not part\n    // of the template.\n    /// ERROR EMEMBERTQMIC\n    g.templates.t1.m3();\n\n\n    // Even though it's the 'subdeclarer' template that provides the\n    // implementation of m() for the subgroup, it's not the particular\n    // instantation of the template for the subgroup that provides the\n    // implementation, but rather, the instantation of 'subdeclarer' for the\n    // device template. Because of that, m() is not considered a valid TQMIC\n    // candidate.\n    /// ERROR EMEMBERTQMIC\n    subgroup.templates.subdeclarer.m();\n}\n",
    "error": "invalid template\u2011qualified method implementation call: templates 't1', 't2' and 'subdeclarer' do not provide or inherit implementations for methods referenced in init (calls reported at modules/.../test_dev.dml:65,67,69,74,83,93). DFA also shows many parsing/syntax errors (e.g. \"Expected '{' after template name\" at modules/.../test_dev.dml:12,17; \"Expected ';' or '{' after method signature\" at :13,20\u201321,28\u201329; duplicate symbol 'declare_subgroup' at :53).",
    "suggestion": "Fix in two parts: 1) Repair DML syntax so templates and methods parse correctly \u2014 add missing '{' after template names and ensure method signatures end with ';' or have a method body (see modules/.../test_dev.dml:12,13,17,18,20\u201321,26,28\u201329,44). 2) Eliminate the template\u2011qualified calls to methods that have no implementation or provide implementations for them: either implement the missing methods (e.g. implement m2, m3 in the appropriate templates t1/t2 and implement m in subdeclarer at the template declarations referenced modules/.../test_dev.dml:13,18,44) or remove/guard the calls in init (modules/.../test_dev.dml:58\u201393). Also fix conditional compilation that eliminated all candidate implementations for m2 (ensure #if/#endif or feature flags produce at least one implementation), and resolve the duplicate declare_subgroup symbol (rename or remove duplicate at :53). After these edits rebuild \u2014 the template\u2011qualified calls will succeed once the templates actually provide the methods or the calls are removed/guarded."
  },
  {
    "tag": "ETQMIC",
    "file_path": "/home/coder/ai_agents/dmlc_fix_claude/simics_proj/modules/dmlc/test/1.4/errors/T_ETQMIC.dml",
    "file_content": "/*\n  \u00a9 2024 Intel Corporation\n  SPDX-License-Identifier: MPL-2.0\n*/\ndml 1.4;\n\ndevice test;\n\ntemplate t1 {\n    shared method m() {}\n}\n\ntemplate t2 is t1 { }\n\ntemplate t3 is t2 { }\n\ntemplate u {\n    shared method n() {}\n}\n\nis (t3, u);\n\nmethod init() {\n    local t2 x = cast(dev, t2);\n\n    // no error\n    dev.templates.t1.m();\n    dev.templates.t2.m();\n    dev.templates.t3.m();\n    dev.templates.u.n();\n\n    x.templates.t1.m();\n    x.templates.t2.m();\n\n    /// ERROR ENTMPL\n    dev.templates.nonexistent.m();\n    /// ERROR ENTMPL\n    x.templates.nonexistent.m();\n\n    /// ERROR ETQMIC\n    dev.templates.write.write(4);\n\n    /// ERROR ETTQMIC\n    x.templates.t3.m();\n    /// ERROR ETTQMIC\n    x.templates.u.n();\n}\n",
    "error": "dmlc/build: unknown template 'nonexistent' (test_dev.dml:36:18, 38:16); invalid template-qualified method calls \u2014 `'test' does not instantiate 'write'` (test_dev.dml:41:18), `'t3' not a subtemplate of 't2'` (test_dev.dml:44:16), `'u' not a subtemplate of 't2'` (test_dev.dml:46:16). DFA: syntax error \u2014 Expected '{' after template name (test_dev.dml:12:12-12:14).",
    "suggestion": "Edit /.../test_dev.dml to fix template declarations and qualifications: (1) Fix the template syntax at test_dev.dml:12 by adding the missing '{' after the template name. (2) Replace or define the missing template `nonexistent` referenced at test_dev.dml:36 and :38 \u2014 either define `template nonexistent { ... }` or change those references to the correct existing template name. (3) Remove or correct template-qualified method calls that reference templates which do not implement the method: either implement `write` in the `test` template or qualify the call with a template that actually instantiates `write` (see test_dev.dml:41). (4) Make `t3` and `u` actual subtemplates of `t2` if that was intended (e.g. `template t3 : t2 { ... }`, `template u : t2 { ... }`), or stop qualifying calls with `t2::` for those names (see test_dev.dml:44,46). After making these edits rebuild the module."
  },
  {
    "tag": "EIDENT",
    "file_path": "/home/coder/ai_agents/dmlc_fix_claude/simics_proj/modules/dmlc/test/1.4/errors/T_EIDENTSIZEOF.dml",
    "file_content": "/*\n  \u00a9 2022 Intel Corporation\n  SPDX-License-Identifier: MPL-2.0\n*/\ndml 1.4;\ndevice test;\n\ntemplate t { }\n\nmethod init() {\n    /// ERROR EIDENT\n    !uint32;\n    /// ERROR EIDENTSIZEOF\n    sizeof uint32;\n    /// ERROR EIDENTSIZEOF\n    sizeof uint32[10];\n\n    /// ERROR EIDENT\n    !t;\n    /// ERROR EIDENTSIZEOF\n    sizeof t;\n    /// ERROR EIDENTSIZEOF\n    sizeof t[10];\n\n    /// ERROR EIDENT\n    !u;\n    /// ERROR EIDENT\n    sizeof u;\n    /// ERROR EIDENT\n    sizeof u[10];\n}\n",
    "error": "Multiple \"unknown identifier\" errors in test_dev.dml: param p = garbage (test_dev.dml:10); param p = c in port y is x (21) \u2014 'c' undefined; bare identifier `len;` in g.m (30) and reference to `g[i].len`/`this.len` (27/35) unknown; unknown identifier 'z' in #foreach body (45); self-initialization `local int v = v` (50); tuple init referencing unknown `a` (52).",
    "suggestion": "Replace or define the missing identifiers: (1) change `param p = garbage;` to a valid literal or remove the param (test_dev.dml:10) or define a `garbage` symbol; (2) do not reference `c` unless it is part of the template type \u2014 either move `connect c;` out of the `#if(false)` so it is declared in template x or remove/replace `param p = c` in port y (lines 15-17 & 19-21); (3) remove the stray bare `len;` or use it in a valid expression, and if you intend to query the array length add a real attribute/parameter `len` to group g (e.g. `param int len;`) or use a proper API to get size, then reference `g.len` or `g[0].len` correctly (lines 24\u201336); (4) inside init(), only access `x.c` if `c` is a member of template x (move its declaration out of the disabled #if); (5) for the loop, use a real loop variable or literal (e.g. `session int s = 0`) \u2014 ensure `z` is available in that scope or rewrite the loop so `z` is defined at runtime; (6) initialize `v` with a real value (not itself) and replace `a` in the tuple RHS with a defined variable or literal. Rebuild after applying these fixes."
  },
  {
    "tag": "EVLALEN",
    "file_path": "/home/coder/ai_agents/dmlc_fix_claude/simics_proj/modules/dmlc/test/1.4/errors/T_EVLALEN.dml",
    "file_content": "/*\n  \u00a9 2021 Intel Corporation\n  SPDX-License-Identifier: MPL-2.0\n*/\ndml 1.4;\n\ndevice test;\n\nmethod init() {\n    local int var = 4;\n    local int vla[var];\n    /// ERROR EVLALEN\n    local int dummy = vla.len;\n}\n",
    "error": "/.../test_dev.dml:13:26 \u2014 error: \".len\" cannot be used with variable-length arrays",
    "suggestion": "Do not access `.len` on a variable-length array. Fix by either (A) providing an explicit length variable and use that (e.g. add `attribute uint32_t data_len` or accept `len` as a parameter to init and use `data_len` instead of `data.len`), or (B) make the array fixed-size (e.g. `byte data[256]`) so `.len` is valid. Update the code at test_dev.dml (init: lines ~9 and ~13) to use an explicit length or a fixed-size array, then rebuild."
  },
  {
    "tag": "ENLST",
    "file_path": "/home/coder/ai_agents/dmlc_fix_claude/simics_proj/modules/dmlc/test/1.4/errors/T_ENLST.dml",
    "file_content": "/*\n  \u00a9 2025 Intel Corporation\n  SPDX-License-Identifier: MPL-2.0\n*/\ndml 1.4;\n\nprovisional simics_util_vect;\n\ndevice test;\n\nimport \"internal.dml\";\n\nmethod init() {\n    local uint8 arr[3];\n    /// ERROR ENLST\n    foreach x in (arr) {\n    }\n    local int vect v;\n    // this was allowed in DML 1.2\n    /// ERROR ENLST\n    foreach i in (v) {\n    }\n}\n",
    "error": "/.../test_dev.dml:16:5 error: not a list: arr; /.../test_dev.dml:21:5 error: not a list: v (both in init)",
    "suggestion": "The code is using identifiers as lists but they are not initialized as lists. Edit test_dev.dml (around lines 13\u201321) and initialize the variables as lists or change their usage to scalars. For example, in init: `arr = []` (or `arr = [val1, val2]`) before calling list methods or iterating; if you iterate `for v in arr` make sure `arr` is a list, or if `v` is meant to be a list initialize `v = []` before use. After the change, rebuild the module."
  },
  {
    "tag": "EMETH",
    "file_path": "/home/coder/ai_agents/dmlc_fix_claude/simics_proj/modules/dmlc/test/1.4/errors/T_EMETH.dml",
    "file_content": "/*\n  \u00a9 2021 Intel Corporation\n  SPDX-License-Identifier: MPL-2.0\n*/\ndml 1.4;\n\ndevice test;\n\ntypedef uint32 int_alias_t;\n\ntemplate t {\n    inline method inline_args(inline x, int y) default {}\n    method throwing() throws default {}\n    method int_args(uint32 a, int_alias_t b) default {}\n    method int_return() -> (int) default { return 0; }\n    method int_return_2() -> (int_alias_t, uint32) default { return 0; }\n\n    shared method downcast_with_fallback(u fallback) -> (u) default {\n        return fallback;\n    }\n    /// ERROR EMETH\n    independent method indep() default {\n    }\n    /// ERROR EMETH\n    independent method indep_ret() -> (int) default { return 0; }\n}\n\nis t;\n\ntemplate u is t {}\n\ntemplate v1 is u {\n    // no error\n    shared method downcast_with_fallback(u fallback) -> (u) {\n        return cast(this, u);\n    }\n}\n\ntemplate v2 is u {\n    /// ERROR EMETH\n    shared method downcast_with_fallback(object fallback) -> (u) {\n        return cast(this, u);\n    }\n}\n\ntemplate v3 is u {\n    /// ERROR EMETH\n    shared method downcast_with_fallback(u fallback) -> (object) {\n        return cast(this, object);\n    }\n}\n\ngroup g4 is t {\n    /// ERROR EMETH\n    method indep() {\n    }\n\n    /// ERROR EMETH\n    independent method int_return() -> (int) {\n        return 0;\n    }\n}\n\ngroup g5 is t {\n    /// ERROR EMETH\n    independent startup method indep() {\n    }\n\n    /// ERROR EMETH\n    independent startup memoized method indep_ret() -> (int) {\n        return 0;\n    }\n}\n\n/// ERROR EMETH\ninline method inline_args(int x, inline y) {}\n\n/// ERROR EMETH\nmethod throwing() {}\n\nmethod int_args(\n/// ERROR EMETH\n    char a,\n    int_alias_t b) default {}\n/// ERROR EMETH\nmethod int_return() -> (char) default { return 0; }\nmethod int_return_2() -> (int_alias_t,\n                          /// ERROR EMETH\n                          char)\n    default { return 0; }\n\nport p is t {\n    // no error\n    method int_args(int_alias_t a, uint32 b) {}\n    method int_return_2() -> (uint32, int_alias_t) {}\n}\n\nheader %{\n    typedef struct {\n        void (*m)(conf_object_t *o, int i);\n        void (*vararg)(conf_object_t *o, ...);\n    } m_interface_t;\n    %}\nextern typedef struct {\n    void (*m)(conf_object_t *o, int i);\n    void (*vararg)(conf_object_t *o, ...);\n} m_interface_t;\n\nport p0 {\n    implement m {\n        /// ERROR EMETH\n        method m() {}\n    }\n}\n\nport p1 {\n    implement m {\n        /// ERROR EMETH\n        method m(int i) -> (int) {\n            return 0;\n        }\n    }\n}\n\nport p2 {\n    implement m {\n        /// ERROR EARGT\n        method m(char *c) { }\n    }\n}\n\nport p1 {\n    implement m {\n        /// ERROR EMETH\n        method vararg() { }\n    }\n}\n",
    "error": "Multiple incompatible method definitions found in modules/.../test_dev.dml: mismatching input/output parameter types and counts, differing return types and attributes (inline / nothrow / independent / startup / variadic) and several \"conflicting definition\" locations (e.g. fallback mismatch at line 41 vs 18, output mismatch at 48 vs 18, parameter 'a' mismatch at 83 vs 14, return mismatches at 86/89 vs 15/16, inline/nothrow/independent/startup attribute conflicts at 76/79/55/59/66/70, differing parameter counts at 112/119, interface variadic mismatch at 135) plus a concrete type error: implementing method 'm' has parameter 'c' as \"pointer to char\" but the interface expects \"int32\" (line 128). DFA also reports earlier syntax/parsing problems (missing types/names/paren/semicolons/braces) that likely caused mis-parsing of method signatures.",
    "suggestion": "Edit modules/.../test_dev.dml so every method declaration, interface and implementation use exactly the same signature and qualifiers: same number and types of input/output parameters, identical return types, and matching qualifiers (inline, nothrow, independent, startup, variadic). Fix the concrete type mismatch at line 128 (make parameter 'c' type match the interface \u2014 change it to int32 or change the interface to pointer to char). Also correct the DFA-reported syntax errors (missing variable type/name, missing ')' ';' and '{' at the indicated lines) so the file parses correctly. After these changes re-run dmlc/build; iterate until all EMETH messages are resolved."
  },
  {
    "tag": "WNOIS",
    "file_path": "/home/coder/ai_agents/dmlc_fix_claude/simics_proj/modules/dmlc/test/1.4/errors/T_WNOIS.dml",
    "file_content": "/*\n  \u00a9 2021 Intel Corporation\n  SPDX-License-Identifier: MPL-2.0\n*/\ndml 1.4;\n\ndevice test;\n\n/// COMPILE-ONLY\n\nbank regs {\n    register r size 1 @ 0 {\n        /// WARNING WNOIS\n        method read() -> (uint64) { return 0; }\n        /// WARNING WNOIS\n        method read_field(uint64 bits, void *aux) -> (uint64) { return 0; }\n        /// WARNING WNOIS\n        method write(uint64 val) { }\n        /// WARNING WNOIS\n        method write_field(uint64 val, uint64 bits, void *aux) {}\n        field f @ [0:0] {\n            /// WARNING WNOIS\n            method read() -> (uint64) { return 0; }\n            /// WARNING WNOIS\n            method read_field(uint64 bits, void *aux) -> (uint64) { return 0; }\n            /// WARNING WNOIS\n            method write(uint64 val) { }\n            /// WARNING WNOIS\n            method write_field(uint64 val, uint64 bits, void *aux) {}\n            /// WARNING WNOIS\n            method set(uint64 val) { }\n            /// WARNING WNOIS\n            method get() -> (uint64) { return 0; }\n        }\n    }\n}\n",
    "error": "dmlc/dfa report: multiple parse errors in modules/.../test_dev.dml \u2014 \"Expected '{' after register declaration\" at test_dev.dml:11:15 and several \"Expected variable type/name\", \"Expected ')' after method parameters\", and \"Expected ';' or '{' after method signature\" (lines ~15\u201329); build warnings: \"implementation of read()/read_field()/write()/write_field()/get()/set() without 'is <name>' is ignored by the standard library\" (see test_dev.dml lines ~14\u201333).",
    "suggestion": "Fix: edit modules/.../test_dev.dml to correct DML syntax: add the missing '{' and matching '}' for the register declaration at line 11; provide proper parameter types and names for method signatures (resolve the \"expected variable type/name\" errors); ensure each method signature is closed with ')' and followed by either ';' or a '{' (with a body); mark standard-library implementations with the required annotations \u2014 e.g. change read() implementations to \"read() is read { ... }\", read_field() \u2192 \"read_field() is read_field { ... }\", write()/write_field()/get()/set() \u2192 \"is write\"/\"is write_field\"/\"is get\"/\"is set\" respectively; fix indentation to multiples of 4 spaces. After these edits rebuild test_dev; errors should be resolved."
  },
  {
    "tag": "EEXTERNINCOMP",
    "file_path": "/home/coder/ai_agents/dmlc_fix_claude/simics_proj/modules/dmlc/test/1.4/errors/T_EEXTERNINCOMP.dml",
    "file_content": "/*\n  \u00a9 2024 Intel Corporation\n  SPDX-License-Identifier: MPL-2.0\n*/\ndml 1.4;\nprovisional simics_util_vect;\n\ndevice test;\n\ntypedef int vect int_vect_t;\n\ntypedef object object_t;\n\n// no error\nextern uint32 ext0;\nextern uint32 ext0;\n\nextern bitfields 32 { uint1 x @[4]; } ext1;\nextern bitfields 32 { uint1 x @[4]; } ext1;\n\n/// ERROR EEXTERNINCOMP\nextern uint32 ext2;\n/// ERROR EEXTERNINCOMP\nextern bitfields 32 { uint1 x @[4]; } ext2;\n\n// no error\nextern object_t ext3;\nextern object ext3;\n\n/// ERROR EEXTERNINCOMP\nextern int vect ext4;\n/// ERROR EEXTERNINCOMP\nextern int vect ext4;\n\n// no error\nextern int_vect_t ext5;\nextern int_vect_t ext5;\n\n// no error\nextern void ext6();\nextern void ext6(void);\n\n/// ERROR EEXTERNINCOMP\nextern void ext7();\n/// ERROR EEXTERNINCOMP\nextern void ext7(int);\n\n/// ERROR EEXTERNINCOMP\nextern void ext8();\n/// ERROR EEXTERNINCOMP\nextern void ext8(...);\n\n/// ERROR EEXTERNINCOMP\nextern void ext9(int);\n/// ERROR EEXTERNINCOMP\nextern void ext9(...);\n",
    "error": "Multiple incompatible extern declarations in modules/.../test_dev.dml: ext2 declared as `uint32` (line 22) and as `bitfields 32 { uint1 x @[4]; }` (line 24); ext4 has conflicting vector declarations (lines 31/33); ext7 declared as `void ext7()` (line 44) and `void ext7(int)` (line 46); ext8 declared as `void ext8()` (line 49) and `void ext8(...)` (line 51); ext9 declared as `void ext9(int)` (line 54) and `void ext9(...)` (line 56). These mismatches cause dmlc type/ABI conflicts.",
    "suggestion": "Make the extern declarations consistent for each symbol (remove or change the duplicate/conflicting declaration so both declarations have identical types/signatures). Concretely: for ext2 pick either `extern uint32 ext2;` or `extern bitfields 32 { uint1 x @[4]; } ext2;` and remove/replace the other; for ext4 ensure both use the same vector syntax or use the typedef (`int_vect_t`) uniformly; for functions use explicit signatures\u2014use `void ext7(void);` if it takes no args or `void ext7(int);` if it takes an int (do not mix), and choose either fixed parameters or varargs for ext8/ext9 (declare only the varargs form `...( )` if varargs are required, otherwise use explicit parameter lists). Prefer using typedefs for complex types so externs match exactly across declarations."
  },
  {
    "tag": "EFUNARRAY",
    "file_path": "/home/coder/ai_agents/dmlc_fix_claude/simics_proj/modules/dmlc/test/1.4/errors/T_EFUNARRAY.dml",
    "file_content": "/*\n  \u00a9 2024 Intel Corporation\n  SPDX-License-Identifier: MPL-2.0\n*/\ndml 1.4;\n\ndevice test;\n\nmethod init() {\n    /// ERROR EFUNARRAY\n    local void (arr[3])(void);\n}\n",
    "error": "/.../test_dev.dml:11:5 \u2014 error: illegal type: array of functions (reported in init at line 9:7). DMLC fails because DML does not allow declaring arrays whose element type is a function.",
    "suggestion": "Remove the \"array of functions\" declaration and use a supported indirection. Options: (a) wrap each function in an object/template that exposes a method and make an array of those objects (recommended). Example: define a small template/device with a method, create instances handler1/handler2, then use handlers[] = { handler1, handler2 } and call handlers[i]:method(...). (b) store function names as strings and dispatch via a lookup, or (c) keep individual function variables and index with a switch. Edit /.../test_dev.dml (around lines 9\u201311) to replace the function[] type with an array of objects or strings and update call sites accordingly."
  },
  {
    "tag": "ENOPROV",
    "file_path": "/home/coder/ai_agents/dmlc_fix_claude/simics_proj/modules/dmlc/test/1.4/errors/T_ENOPROV.dml",
    "file_content": "/*\n  \u00a9 2024 Intel Corporation\n  SPDX-License-Identifier: MPL-2.0\n*/\ndml 1.4;\n\nprovisional\n/// ERROR ENOPROV\n    invalid,\n/// ERROR ENOPROV\n      bad;\n\ndevice test;\n",
    "error": "/.../test_dev.dml:9:5 and 11:7 \u2014 No such provisional feature \"invalid\" / \"bad\". Valid values are: explicit_param_decls, simics_util_vect.",
    "suggestion": "Replace or remove the invalid provisional entries. For example edit lines 7\u201311 to use valid features: `provisional explicit_param_decls, simics_util_vect;` (or delete the `provisional` stanza if it isn't needed), then rebuild the module."
  },
  {
    "tag": "ESYNTAX_switch_nested_case",
    "file_path": "/home/coder/ai_agents/dmlc_fix_claude/simics_proj/modules/dmlc/test/1.4/errors/T_ESYNTAX_switch_nested_case.dml",
    "file_content": "/*\n  \u00a9 2021 Intel Corporation\n  SPDX-License-Identifier: MPL-2.0\n*/\ndml 1.4;\ndevice test;\n\nmethod init() {\n    switch (x) {\n    case 4:\n    #foreach x in ([y]) {\n        // case must be direct child of switch\n        /// ERROR ESYNTAX\n        case y:\n            ;\n    }\n    }\n}\n",
    "error": "/.../test_dev.dml:14:9: error: syntax error at 'case'",
    "suggestion": "The parser found a `case` label outside of a `switch` body (likely due to a missing/mismatched `}` or an intended nested selection written as `case` instead of a `switch`). Fix by editing test_dev.dml (around line 14): ensure the outer `switch(...) { ... }` is properly closed before any subsequent `case` labels, or replace the inner `case` group with a proper `switch(<expr>) { case <val>: ... }`. Also verify each `case` has a trailing `:` and use `break;` or `return` as appropriate. Example fixes: add the missing `}` to close the previous `switch`, or add `switch(expr) {` before the nested `case` block."
  },
  {
    "tag": "ENVAL",
    "file_path": "/home/coder/ai_agents/dmlc_fix_claude/simics_proj/modules/dmlc/test/1.4/errors/T_ENVAL.dml",
    "file_content": "/*\n  \u00a9 2021 Intel Corporation\n  SPDX-License-Identifier: MPL-2.0\n*/\ndml 1.4;\n\ndevice test;\n\nimport \"utility.dml\";\nimport \"simics/devs/signal.dml\";\n\nattribute a is (uint64_attr);\n\nbank b {\n    register r1 size 1 is (unmapped, read, write);\n    register r2 size 1 is (unmapped) {\n        field f @ [7:0] is (read, write);\n    }\n}\n\nconnect c {\n    interface signal;\n}\ntemplate t {\n    shared method sm1() {\n        return;\n    }\n\n    shared method sm2() default {\n        return;\n    }\n}\n\nis t;\n\n\nmethod m() {}\n\nmethod init() {\n    local int x;\n    /// ERROR ENVAL\n    m;\n    /// ERROR ENVAL\n    a;\n    /// ERROR ENVAL\n    b.r1;\n    /// ERROR ENVAL\n    b.r2.f;\n\n    /// ERROR ENVAL\n    cast([], t);\n}\n\n// dev is not a value in 1.4.  Need to capture this with a rather unnatural\n// reference because of SIMICS-9387\n/// ERROR ENVAL\nparam x = dev == NULL;\n\n// no error\nparam im_ref = c.signal.signal_raise;\n\n// no error\nparam sm_dir_ref = cast(dev, t).sm1;\n\n// no error\nparam sm_indir_ref = cast(dev, t).sm2;\n",
    "error": "dmlc: \"not a value: test\" (test_dev.dml:57:11), \"not a value: m\" (39:7 / init), \"not a value: a\" (44:5), \"not a value: b.r1\" (46:6), \"not a value: b.r2.f\" (48:9), \"not a value: []\" (51:10). dfa: \"Expected '{' after attribute name\" (test_dev.dml:11:12-11:14), \"Expected ';' or '{' after method signature\" (28:24-28:31), and multiple \"Expected ';' after parameter\" errors (56:14-16, 59:16-17, 62:23-24, 65:25-26). These syntax errors cause identifiers to be parsed as expressions with no value.",
    "suggestion": "Fix the DML syntax and correct the invalid/undeclared references: 1) Add the missing \"{\" after the attribute declaration at ~line 11 and add the missing \"{\" or \";\" after the method signature at ~line 28 so blocks are parsed. 2) Terminate parameter declarations with \";\" at the parameter lines reported (56,59,62,65). 3) In the init/assignment code ensure referenced symbols are declared and used as valid expressions \u2014 declare variables/parameters before use or prefix with the correct scope (this.<attr> or the proper parameter name), and assign literal values or valid expressions (e.g. use numeric/string literals, or a proper device reference API instead of raw identifier \"test\"). 4) Replace invalid field/register accesses (b.r1, b.r2.f) with valid register/field access only after ensuring \"b\" is a declared bank/register object, or obtain the register via the correct DML accessor. 5) Remove or replace the empty-list \"[]\" with a concrete value or proper initializer. After applying these syntax fixes re-run the build to reveal any remaining semantic issues."
  },
  {
    "tag": "ESYNTAX_zero",
    "file_path": "/home/coder/ai_agents/dmlc_fix_claude/simics_proj/modules/dmlc/test/1.4/errors/T_ESYNTAX_zero.dml",
    "file_content": "/*\n  \u00a9 2022 Intel Corporation\n  SPDX-License-Identifier: MPL-2.0\n*/\ndml 1.4;\n\ndevice test;\n\n/// ERROR ESYNTAX\ngroup g[0\n    ];\n",
    "error": "syntax error at '0' (test_dev.dml:10:9); DFA also reports \"Expected '{' after group name\" (line 9) and \"Expected '}' after group body\" (line 11) \u2014 i.e. a stray `0` token and a malformed group declaration/bracing",
    "suggestion": "Insert the missing braces and remove or relocate the stray numeric token. Ensure group declarations use the form `group <name> { ... }` and identifiers do not start with a digit. For example, change a broken line like `group g 0` to either `group g { /* body */ }` or `group g { count = 0; }` and add the matching `}` to close the group."
  },
  {
    "tag": "ESYNTAX_old_assign",
    "file_path": "/home/coder/ai_agents/dmlc_fix_claude/simics_proj/modules/dmlc/test/1.4/errors/T_ESYNTAX_old_assignop.dml",
    "file_content": "/*\n  \u00a9 2021 Intel Corporation\n  SPDX-License-Identifier: MPL-2.0\n*/\ndml 1.4;\n\ndevice test;\n\nmethod init() {\n    // In DML 1.4, += and friends are statements, not expressions\n    /// ERROR ESYNTAX\n    if (a += b) ;\n}\n",
    "error": "/.../test_dev.dml:12:11: error: syntax error at '=' (reported by dmlc and build)",
    "suggestion": "The file is using the old/invalid '=' assignment at column 11 on line 12. In modern DML attribute/field lists use the DML key:value (or key value;) syntax instead of \"key = value\". Edit test_dev.dml and replace the '=' assignment with the proper DML form (for example change `foo = 42` to `foo: 42;` or `foo 42;` as appropriate), ensure the statement ends with a semicolon and correct indentation. Re-run the build; if other occurrences exist repeat the same replacement."
  },
  {
    "tag": "EBITRN",
    "file_path": "/home/coder/ai_agents/dmlc_fix_claude/simics_proj/modules/dmlc/test/1.4/errors/T_EBITRN.dml",
    "file_content": "/*\n  \u00a9 2022 Intel Corporation\n  SPDX-License-Identifier: MPL-2.0\n*/\ndml 1.4;\ndevice test;\n\nimport \"utility.dml\";\n\nbank b {\n    register r size 4 is unmapped {\n        /// ERROR EBITRN\n        field f @ [2:3];\n    }\n}\n",
    "error": "/.../test_dev.dml:13:9: error: negative size (2 < 3) of bit range for 'b.r.f'",
    "suggestion": "The field bit-range is reversed (MSB < LSB). In test_dev.dml change the range so MSB \u2265 LSB (e.g. replace `[2:3]` with `[3:2]`) or use an explicit width. Also fix the surrounding syntax errors reported by DFA (add the missing '{' after the register and field declarations and close the bank body with '}' at the end of the bank \u2014 see test_dev.dml:10,12,15) so the parser sees the corrected bit range."
  },
  {
    "tag": "WPCAST",
    "file_path": "/home/coder/ai_agents/dmlc_fix_claude/simics_proj/modules/dmlc/test/1.4/errors/T_WPCAST.dml",
    "file_content": "/*\n  \u00a9 2024 Intel Corporation\n  SPDX-License-Identifier: MPL-2.0\n*/\ndml 1.4;\n\ndevice test;\n\n/// COMPILE-ONLY\n\ntypedef layout \"little-endian\" {\n    uint32 x;\n} layout_a_t;\n\ntypedef layout \"little-endian\" {\n    uint8 x;\n    uint24 y;\n} layout_b_t;\n\nmethod init() {\n    local void *p;\n    local layout_a_t l;\n    /// WARNING WPCAST\n    p = cast(&l, uint32 *);\n    /// WARNING WPCAST\n    p = cast(&l, int32 *);\n    /// WARNING WPCAST\n    p = cast(&l, uint16 *);\n    /// WARNING WPCAST\n    p = cast(&l, int16 *);\n\n    // no warning\n    p = cast(cast(&l, void *), int16 *);\n    p = cast(&l, uint8 *);\n    p = cast(&l, int8 *);\n    p = cast(&l, uint32_le_t *);\n    p = cast(&l, int32_le_t *);\n    p = cast(&l, uint32_be_t *);\n    p = cast(&l, uint8_le_t *);\n    p = cast(&l, layout_b_t *);\n\n    local uint32_le_t i;\n    /// WARNING WPCAST\n    p = cast(&i, uint32 *);\n    /// WARNING WPCAST\n    p = cast(&i, int32 *);\n    /// WARNING WPCAST\n    p = cast(&i, uint16 *);\n    /// WARNING WPCAST\n    p = cast(&i, int16 *);\n\n    // no warning\n    p = cast(cast(&i, void *), int16 *);\n    p = cast(&i, uint8 *);\n    p = cast(&i, int8 *);\n    p = cast(&i, uint32_le_t *);\n    p = cast(&i, int32_le_t *);\n    p = cast(&i, uint32_be_t *);\n    p = cast(&i, uint8_le_t *);\n    p = cast(&i, layout_b_t *);\n\n    local layout_a_t larr[2][3][5];\n    /// WARNING WPCAST\n    p = cast(larr, uint32 *);\n    /// WARNING WPCAST\n    p = cast(larr, int32 *);\n    /// WARNING WPCAST\n    p = cast(larr, uint16 *);\n    /// WARNING WPCAST\n    p = cast(larr, int16 *);\n\n    // no warning\n    p = cast(cast(larr, void *), int16 *);\n    p = cast(larr, uint8 *);\n    p = cast(larr, int8 *);\n    p = cast(larr, uint32_le_t *);\n    p = cast(larr, int32_le_t *);\n    p = cast(larr, uint32_be_t *);\n    p = cast(larr, uint8_le_t *);\n    p = cast(larr, layout_b_t *);\n\n    local uint32_le_t iarr[2][3][5];\n    /// WARNING WPCAST\n    p = cast(iarr, uint32 *);\n    /// WARNING WPCAST\n    p = cast(iarr, int32 *);\n    /// WARNING WPCAST\n    p = cast(iarr, uint16 *);\n    /// WARNING WPCAST\n    p = cast(iarr, int16 *);\n\n    // no warning\n    p = cast(cast(iarr, void *), int16 *);\n    p = cast(iarr, uint8 *);\n    p = cast(iarr, int8 *);\n    p = cast(iarr, uint32_le_t *);\n    p = cast(iarr, int32_le_t *);\n    p = cast(iarr, uint32_be_t *);\n    p = cast(iarr, uint8_le_t *);\n    p = cast(iarr, layout_b_t *);\n\n    local uint8_le_t bmatrix[2][4];\n    // no warning\n    p = cast(bmatrix, uint32 *);\n    p = cast(bmatrix[0], uint32 *);\n    p = cast(&bmatrix[0][0], uint32 *);\n}\n",
    "error": "very suspect pointer-to-pointer cast: the new base type has incompatible representation (multiple occurrences in simics_proj/.../test_dev.dml \u2014 e.g. lines 24,26,28,30,44,46,48,50,64,66,68,70,84,86,88,90; old base types: layout / array / uint32_le_t; new base types: uint32 / int32 / uint16 / int16)",
    "suggestion": "Replace the unsafe casts so the pointed\u2011to base types have identical representations \u2014 use DML's endian-aware integer types (uint32_le_t, int32_le_t, uint16_le_t, int16_le_t) instead of plain uint32/int32/uint16/int16 when casting from layout or uint*_le_t. Concretely: update casts at the listed lines to use the corresponding *_le_t types (or change the layout/typedef to match the target type), or access numeric fields via layout accessors rather than pointer\u2011to\u2011pointer casts. Also fix small DFA indent warnings. Example fix: change (uint32 **)\u2026 \u2192 (uint32_le_t **)\u2026 at test_dev.dml:24 (and analogous changes at the other lines)."
  },
  {
    "tag": "ERETARGS",
    "file_path": "/home/coder/ai_agents/dmlc_fix_claude/simics_proj/modules/dmlc/test/1.4/errors/T_ERETARGS.dml",
    "file_content": "/*\n  \u00a9 2021 Intel Corporation\n  SPDX-License-Identifier: MPL-2.0\n*/\ndml 1.4;\n\ndevice test;\n\nmethod m0() -> (int) {\n    /// ERROR ERETARGS\n    return;\n}\n\nmethod m1() {\n    /// ERROR ERETARGS\n    return 4;\n}\n\nmethod m2() throws {\n    /// ERROR ERETARGS\n    return 4;\n}\n\nmethod m3() -> (int, int) {\n    /// ERROR ERETARGS\n    return 4;\n}\n\ninline method m4(inline x) {\n    /// ERROR ERETARGS\n    return x;\n}\n\nmethod init() {\n    m0();\n    m1();\n    try m2(); catch;\n    local int x;\n    (x, x) = m3();\n    m4(0);\n}\n",
    "error": "Multiple \"wrong number of return values\" errors in test_dev.dml: /.../test_dev.dml:11:5 Expected 1, got 0 (m0); 16:5 Expected 0, got 1 (m1); 21:5 Expected 0, got 1 (m2); 26:5 Expected 2, got 1 (m3); 31:5 Expected 0, got 1 (m4).",
    "suggestion": "Make the method signatures and return statements consistent. Suggested edits to test_dev.dml: <br>- /.../test_dev.dml:9 \u2014 change `method m0() -> (int) {` to `method m0() {` (m0 is called without using a return value). <br>- /.../test_dev.dml:16 \u2014 change `return 4;` to `return;` (m1 declares no return values and is called without capturing a result). <br>- /.../test_dev.dml:21 \u2014 change `return 4;` to `return;` (m2 is declared `throws` and not expected to return a value). <br>- /.../test_dev.dml:26 \u2014 change `return 4;` to `return 4, 4;` (m3 is declared `-> (int, int)` and its caller unpacks two ints: `(x, x) = m3();`). <br>- /.../test_dev.dml:29 \u2014 change signature `inline method m4(inline x) {` to `inline method m4(inline int x) -> (int) {` (or alternatively remove the `return x;`). This makes the parameter typed and the single return value declared so `return x;` is valid. <br>After applying those edits rebuild the module; these changes resolve the ERETARGS mismatches."
  },
  {
    "tag": "ENMETH",
    "file_path": "/home/coder/ai_agents/dmlc_fix_claude/simics_proj/modules/dmlc/test/1.4/errors/T_ENMETH.dml",
    "file_content": "/*\n  \u00a9 2021 Intel Corporation\n  SPDX-License-Identifier: MPL-2.0\n*/\ndml 1.4;\n\ndevice test;\n\nbank b {\n}\n\n/// ERROR ENMETH\nexport b as \"fails\";\n",
    "error": "not a method: 'Bank('b', 'test')' (in /.../test_dev.dml at or near line 13)",
    "suggestion": "Bank is being used like a function but DML treats banks as symbols/declarations. Fix by either referencing the existing bank symbol (use b) or declare the bank with correct DML syntax instead of calling Bank(...). Example fixes: reference existing bank: replace Bank('b','test') with b; or declare a new bank using the DML bank declaration form (e.g. `bank b = Bank(\"test\")` or the project's bank block form) so you are not invoking a non-existent method."
  },
  {
    "tag": "EAMBTQMIC",
    "file_path": "/home/coder/ai_agents/dmlc_fix_claude/simics_proj/modules/dmlc/test/1.4/errors/T_EAMBTQMIC.dml",
    "file_content": "/*\n  \u00a9 2024 Intel Corporation\n  SPDX-License-Identifier: MPL-2.0\n*/\ndml 1.4;\n\ndevice test;\n\ntemplate t {\n    shared method m();\n    shared method n() default {}\n}\n\ntemplate u1 is t {\n    shared method m() default {}\n    shared method n() default {}\n}\n\ntemplate u2 is t {\n    param enable_u2 default true;\n    shared method m() default {}\n    #if (enable_u2) {\n        method n() default {}\n    }\n}\n\ntemplate u3 is (u1, u2) {\n    param enable_u3 default false;\n    #if (enable_u3) {\n        method n() default {}\n    }\n}\n\ntemplate u4 is u3 {\n    shared method m() {}\n    method n() {}\n}\n\ngroup g1 is u4;\ngroup g2 is u4 {\n    param enable_u2 = false;\n}\ngroup g3 is u4 {\n    param enable_u3 = true;\n}\n\nmethod init() {\n    local u4 x = cast(g1, u4);\n\n    // no error\n    g1.templates.u4.m();\n\n    /// ERROR EAMBTQMIC\n    g1.templates.u3.m();\n\n    /// ERROR EAMBTQMIC\n    g1.templates.u3.n();\n    // no error\n    g2.templates.u3.n();\n    // no error\n    g3.templates.u3.n();\n\n    // no error\n    x.templates.u4.m();\n\n    /// ERROR EAMBTQMIC\n    x.templates.u3.m();\n}\n",
    "error": "Ambiguous template-qualified method call: in test_dev.dml the type 'u3' does not provide implementations for methods (e.g. `m`, `n`) and inherits multiple, unrelated implementations from ancestor templates (candidates at lines ~15\u201323). dmlc reports ambiguous calls at test_dev.dml:54, 57, 67 and DFA also shows earlier parse errors.",
    "suggestion": "Disambiguate the call by either (A) qualifying the invocation with the ancestor template that has the desired implementation (e.g. call the ancestor implementation explicitly), or (B) add an explicit implementation for the methods in `u3` so it no longer inherits conflicting implementations. Also fix the syntax/parse errors DFA reported (missing `;`/`{` after method signatures at ~lines 10\u201329 and missing `{` after group names at ~lines 38,42) and correct any #if conditionals that unintentionally removed implementations \u2014 malformed DML or incorrect #if guards can cause the inheritance/ambiguity."
  },
  {
    "tag": "ESYNTAX_label",
    "file_path": "/home/coder/ai_agents/dmlc_fix_claude/simics_proj/modules/dmlc/test/1.4/errors/T_ESYNTAX_label.dml",
    "file_content": "/*\n  \u00a9 2021 Intel Corporation\n  SPDX-License-Identifier: MPL-2.0\n*/\ndml 1.4;\n\ndevice test;\n\nmethod init() {\n  /// ERROR ESYNTAX\n  foo: ;\n}\n",
    "error": "/.../test_dev.dml:11:6: syntax error at ':' \u2014 the DML parser found a colon where it expected an assignment or end of statement.",
    "suggestion": "Edit test_dev.dml and fix the stray ':' on line 11 (replace the colon with the correct DML syntax). Common fix: change \"name: value\" to \"name = value\" for attribute/parameter assignments, or remove the colon if it was accidental. If you intended a label, use only valid DML label constructs (e.g., case labels in switch statements). Also correct indentation to multiples of 4 spaces (lines 1,2,9,10) and rebuild the module."
  },
  {
    "tag": "ESYNTAX_old_after",
    "file_path": "/home/coder/ai_agents/dmlc_fix_claude/simics_proj/modules/dmlc/test/1.4/errors/T_ESYNTAX_old_after.dml",
    "file_content": "/*\n  \u00a9 2021 Intel Corporation\n  SPDX-License-Identifier: MPL-2.0\n*/\ndml 1.4;\n\ndevice test;\n\nmethod m() {\n    after (1.0)\n        /// ERROR ESYNTAX\n        call\n        m();\n}\n",
    "error": "/.../test_dev.dml:12:9 \u2014 syntax error at 'call' (parser encountered the token 'call' where a declaration or block was expected)",
    "suggestion": "The source contains an invalid token sequence (likely something like \"old after call ...\"). Fix by using valid DML constructs: if you meant an event handler, use an after-block and place the call inside it (e.g. `after <event> { foo(); }`); if you meant to declare/implement a method, use `method name(args) { ... }` or `implement <device> name(args) { ... }` and call the method from inside a block. Also ensure statements end with semicolons and indentation uses 4-space multiples."
  },
  {
    "tag": "EAUNKDIMSIZE",
    "file_path": "/home/coder/ai_agents/dmlc_fix_claude/simics_proj/modules/dmlc/test/1.4/errors/T_EAUNKDIMSIZE.dml",
    "file_content": "/*\n  \u00a9 2022 Intel Corporation\n  SPDX-License-Identifier: MPL-2.0\n*/\ndml 1.4;\n\ndevice test;\n\n/// ERROR EAUNKDIMSIZE\ngroup g1[i < ...];\n\n// no error\ngroup g2[i < ...];\ngroup g2[i < 4];\ngroup g2[i < ...];\n\n\ntemplate t {\n    group g3[i < 4];\n}\n// no error\ngroup g3[i < ...];\nis t;\n\n/// ERROR EAUNKDIMSIZE\ngroup g4[i < 4][j < ...];\ngroup g4[i < ...][j < ...];\n\n// no error\ngroup g5[i < 4][j < ...];\ngroup g5[i < ...][j < 7];\n",
    "error": "the size of dimension 0 (index variable 'i') is never defined (reported at test_dev.dml:10); the size of dimension 1 (index variable 'j') is never defined (reported at test_dev.dml:26)",
    "suggestion": "Define the missing dimension sizes or inherit them from a template. For example, replace the ellipses with concrete sizes: change `group g1[i < ...];` (test_dev.dml:10) \u2192 `group g1[i < 4];`. For the two\u2011dimensional case change `group g4[i < 4][j < ...];` / `group g4[i < ...][j < ...];` (test_dev.dml:26\u201327) \u2192 e.g. `group g4[i < 4][j < 7];`. Alternatively make g4 a template that defines both dimensions and instantiate it with `is` so both dimension sizes are known. Ensure every `...` index is replaced by a concrete size or resolved by a template before building."
  },
  {
    "tag": "EERRSTMT",
    "file_path": "/home/coder/ai_agents/dmlc_fix_claude/simics_proj/modules/dmlc/test/1.4/errors/T_EERRSTMT.dml",
    "file_content": "/*\n  \u00a9 2021 Intel Corporation\n  SPDX-License-Identifier: MPL-2.0\n*/\ndml 1.4;\n\ndevice test;\n\nmethod empty() throws {}\n\ninline method empty_inline(inline x) throws {}\n\nmethod m5() {\n    try {\n        empty();\n    } catch {\n        /// ERROR EERRSTMT\n        error;\n    }\n    try {\n        empty_inline(0);\n    } catch {\n        // This changed since 1.2, SIMICS-9503\n        /// ERROR EERRSTMT\n        error;\n    }\n    if (false) {\n        /// ERROR EERRSTMT\n        error;\n    }\n    if (true) {\n    } else {\n        /// ERROR EERRSTMT\n        error;\n    }\n}\n\n// Subdevices may not be named \"bank\" or \"port\" in devices\n// since that might otherwise cause Simics conf-object names to clash.\n/// ERROR EERRSTMT\nsubdevice port;\n/// ERROR EERRSTMT\nsubdevice bank;\n\n// Banks, ports, and subdevices may not be declared underneath any group named\n// \"bank\" or \"port\" (as that would introduce conflicting namespaces)\ngroup g1 {\n    group bank {\n        /// ERROR EERRSTMT\n        subdevice s;\n        /// ERROR EERRSTMT\n        port p;\n        /// ERROR EERRSTMT\n        bank b;\n        group g {\n            /// ERROR EERRSTMT\n            subdevice s;\n            /// ERROR EERRSTMT\n            port p;\n            /// ERROR EERRSTMT\n            bank b;\n        }\n    }\n}\n\ngroup g2 {\n    // no error\n    bank port;\n    port bank;\n}\n\ngroup g3 {\n    /// ERROR EERRSTMT\n    subdevice port_ { param name = \"port\"; }\n    // no error\n    subdevice port { param name = \"port_\"; }\n}\n\nsubdevice s {\n    group g {\n        group port {\n            group g {\n                /// ERROR EERRSTMT\n                subdevice s;\n                /// ERROR EERRSTMT\n                port p;\n                /// ERROR EERRSTMT\n                bank b;\n            }\n        }\n        /// ERROR EERRSTMT\n        subdevice bank;\n    }\n}\n\n// no error\nport p {\n    group port {\n        group bank;\n    }\n}\nbank b {\n    group port {\n        group bank;\n    }\n}\n\nmethod init() {\n    m5();\n}\n",
    "error": "Multiple DML compile errors: several subdevices/groups in test_dev.dml are using the reserved names \"port\" or \"bank\" (e.g. errors reported at test_dev.dml:41,43,50\u201361,74,92,88) and the parser reports syntax errors \"Expected bank name\" and \"Expected '{' after bank name\" (dfa: lines ~42\u201346 and 91\u201392). There are also explicit \"forced compilation error in source code\" lines (test_dev.dml:18,25,29,34) that stop the build.",
    "suggestion": "Rename any identifiers that are literally \"port\" or \"bank\" (both subdevice names and group names) to non\u2011reserved identifiers (for example \"p\", \"port0\", \"grp_bank\", \"bank0\" or \"g_port\") so you do not use the reserved words as names. Fix bank/port syntax: declare banks as \"bank <name> { ... }\" (provide the missing bank name and opening '{' at ~lines 42\u201346 and 91\u201392) and do not declare a bank or port under a group whose name is literally \"port\" or \"bank\" \u2014 instead rename the group. Remove or comment out the forced compilation error statements. After making these changes rebuild the module to verify errors are resolved."
  },
  {
    "tag": "EIDXVAR",
    "file_path": "/home/coder/ai_agents/dmlc_fix_claude/simics_proj/modules/dmlc/test/1.4/errors/T_EIDXVAR.dml",
    "file_content": "/*\n  \u00a9 2021 Intel Corporation\n  SPDX-License-Identifier: MPL-2.0\n*/\ndml 1.4;\ndevice test;\n\ngroup g[i < 2] {\n    // this is EIDXVAR rather than ENCONST, because the 'each in' expression\n    // implicitly references an index which is static in this context.\n    /// ERROR EIDXVAR\n    #if ((each group in (this)).len == 13) {}\n}\n",
    "error": "/.../test_dev.dml:12:37 \u2014 error: expression may not depend on the index variable `i` (\"In g[i < 2]\")",
    "suggestion": "The index expression must be a constant or depend on an outer index \u2014 not the same index variable. Fix by giving the group an explicit size and use `i` only to reference elements. Example: replace the invalid `g[i < 2]` with a proper group declaration and access pattern, e.g. `group g[2] { ... }` and reference elements as `g[i]` (with `i` iterating 0..1). Also add the missing `{` after the group name and a matching `}` at the end of the group body so the file parses."
  },
  {
    "tag": "ESYNTAX_unicode_bidi",
    "file_path": "/home/coder/ai_agents/dmlc_fix_claude/simics_proj/modules/dmlc/test/1.4/errors/T_ESYNTAX_unicode_bidi.dml",
    "file_content": "/*\n  \u00a9 2021 Intel Corporation\n  SPDX-License-Identifier: MPL-2.0\n*/\n\ndml 1.4;\n\ndevice test;\n/*\n// Unicode BiDi control characters are forbidden.\n/// ERROR ESYNTAX\n\u2067\u05dc\u05d5\u05e1\n/// ERROR ESYNTAX\n\u2068\u05d1\u05d9\u05dc\u05d1\u05d9\u05dc\u05d9\u05e7\u05d5\u05e1 \u05e7\u05d0\u05e0\u05d8\u05d0\u05e0\n/// ERROR ESYNTAX\n\u2066Los bilbilocos cantan\n/// ERROR ESYNTAX\n\u2069\u2069\u2069\n/// ERROR ESYNTAX\n\u202aCon sospiros\n/// ERROR ESYNTAX\n\u202dde amor\n/// ERROR ESYNTAX\n\u202b\u05e7\u05d5\u05e0 \u05e1\u05d5\u05e1\u05e4\u05d9\u05e8\u05d5\u05e1\n/// ERROR ESYNTAX\n\u202e\u05d3\u05d9 \u05d0\u05de\u05d5\u05e8\n/// ERROR ESYNTAX\n\u202c\u202c\u202c\u202c\n*/\n",
    "error": "dmlc/build: \"syntax error at '\\u2067' / '\\u2068' / '\\u2066' / '\\u2069' / '\\u202a' / '\\u202d' / '\\u202b' / '\\u202e' / '\\u202c': Unicode BiDi character not allowed\" (in modules/.../test_dev.dml lines 12\u201328)",
    "suggestion": "Remove the invisible Unicode BiDi control characters from the DML file (they're not valid DML tokens). Practical steps: open /.../test_dev.dml and remove any Left/Right-to-Left isolate/embedding/override/POP chars (U+2066\u2013U+2069, U+202A\u2013U+202E, U+202C). Example safe command to strip them: `perl -C -i -pe 's/[\\x{202A}\\x{202B}\\x{202C}\\x{202D}\\x{202E}\\x{2066}\\x{2067}\\x{2068}\\x{2069}]//g' modules/.../test_dev.dml` then verify with `grep -nP '\\p{Cf}' modules/.../test_dev.dml` or `sed -n l` to show invisibles; commit the cleaned file and rebuild. Also ensure file encoding is UTF-8 and avoid pasting bidi controls into DML (they often come from copy/paste)."
  },
  {
    "tag": "ENORET",
    "file_path": "/home/coder/ai_agents/dmlc_fix_claude/simics_proj/modules/dmlc/test/1.4/errors/T_ENORET.dml",
    "file_content": "/*\n  \u00a9 2021 Intel Corporation\n  SPDX-License-Identifier: MPL-2.0\n*/\ndml 1.4;\n\ndevice test;\n\nsession bool b;\n\n// no error\nmethod m1() -> (int) throws {\n    if (b)\n        return 1;\n    else\n        throw;\n}\n\n/// ERROR ENORET\nmethod m2() -> (int) {\n    if (b)\n        return 1;\n}\n\n/// ERROR ENORET\nmethod m3() -> (int) {\n    if (b)\n        ;\n    else\n        return 1;\n}\n\n// no error\nmethod m4() -> (int) {\n    try {\n        if (b)\n            return 1;\n        else\n            throw;\n    } catch {\n        return 2;\n    }\n}\n\n// no output -> no error\nmethod m5(int i) {\n}\n\n// no output -> no error, even if we throw\nmethod m6(int i) throws {\n}\n\n// no error\nmethod m7(int i) -> (int) throws {\n    switch (i) {\n    case 0:\n        throw;\n    case 1:\n    case 2:\n        ;\n    default:\n        return 5;\n    }\n}\n\nmethod m8() -> (int) {\n    try {\n        do {\n            break;\n            // this statement is dead...\n            throw;\n        } while (true);\n        return 0;\n    } catch {\n        // .. so this block is also dead ..\n    }\n    // .. so finally, this point is unreachable and we should get no error\n}\n\n/// ERROR ENORET\ninline method m9(inline x) -> (int) {\n}\n\ntemplate t {\n    /// ERROR ENORET\n    shared method m() -> (int) default {\n    }\n}\n\nmethod m10() -> (int) {\n    try {\n        #foreach b in ([dev]) {\n            break;\n            // this statement is dead...\n            throw;\n        }\n        return 0;\n    } catch {\n        // .. so this block is also dead ..\n    }\n    // .. so finally, this point is unreachable and we should get no error\n}\n\nmethod m11() -> (int) {\n    try {\n        #foreach b in ([dev]) {\n            throw;\n        }\n        // this point is unreachable...\n    } catch {\n        return 0;\n    }\n    // ... as is this one, so we should get no error\n}\n\nmethod init() {\n    local int i;\n    try {\n        i = m1();\n    } catch {}\n    i = m2();\n    i = m3();\n    i = m4();\n    m5(1);\n    try m6(1); catch;\n    try i = m7(1); catch ;\n    i = m8();\n    i = m9(1);\n    i = m10();\n    i = m11();\n}\n",
    "error": "Missing return statement in methods with output argument (reported by dmlc at modules/.../test_dev.dml:20:7 (m2), 26:7 (m3), 81:37 and 86:40 (m9); DFA also reports malformed method-signature errors around lines ~85\u201394: \"Expected return type\", \"Expected ')' after return type\", \"Expected ';' or '{' after method signature\").",
    "suggestion": "Fix the method signatures and add explicit returns for output arguments: ensure each method declaring an output uses the correct DML syntax `returns (type name)` (note plural \"returns\"), has a closing `)` and a `{` body, and ends with `return name;`. For example change a mistaken form like `method m2(...) return(int r)` or missing parens to `method m2(... ) returns (int r) { /* ... */ return r; }`. Apply this to the methods at test_dev.dml:20, 26, 81, 86 (and any nearby malformed signatures), fix any typos/parentheses/brace placement, then rebuild."
  },
  {
    "tag": "EASTYPE",
    "file_path": "/home/coder/ai_agents/dmlc_fix_claude/simics_proj/modules/dmlc/test/1.4/errors/T_EASTYPE.dml",
    "file_content": "/*\n  \u00a9 2024 Intel Corporation\n  SPDX-License-Identifier: MPL-2.0\n*/\ndml 1.4;\ndevice test;\n\ntemplate t {}\ntemplate u is t {}\n\nis u;\n\nmethod m() -> (t) {\n    return cast(dev, t);\n}\n\nmethod init() {\n    // Regression test for SIMICS-22874\n    /// ERROR EASTYPE\n    local u x = m();\n}\n",
    "error": "/.../test_dev.dml:20:17 error: wrong type for initializer \u2014 got: template type t; expected: u. DFA also reports syntax issues: \"Expected '{' after template name\" at /.../test_dev.dml:8:11 and \"Expected '}' after template body\" at /.../test_dev.dml:21:0 (plus indentation warnings).",
    "suggestion": "The file has a malformed template declaration and a mismatched initializer type. Fix steps: 1) Correct the template syntax by adding the missing '{' after the template name at test_dev.dml:8 and the matching '}' at the end of the template body (around line 21) so the parser recognizes templates t and u properly. 2) At the initializer site (test_dev.dml:20) supply a value of the expected template type u (or change the variable's declared type to t if that was intended). Concretely either instantiate/assign a u-type object instead of t at line 20, or change the declaration that expects u to expect t. 3) Fix indentation (use multiples of 4 spaces). After these edits rebuild the module."
  },
  {
    "tag": "EINVOVER",
    "file_path": "/home/coder/ai_agents/dmlc_fix_claude/simics_proj/modules/dmlc/test/1.4/errors/T_EINVOVER_confidentiality.dml",
    "file_content": "/*\n  \u00a9 2021 Intel Corporation\n  SPDX-License-Identifier: MPL-2.0\n*/\ndml 1.4;\n\ndevice test;\n\n/// ERROR EINVOVER\nparam _confidentiality = 1;\n",
    "error": "cannot find file to import: EINVOVER.dml; invalid override of non-default declaration 'p' (duplicate parameter) and \"Expected ';' after parameter\" parse errors",
    "suggestion": "Remove or correct the bad import (add the missing EINVOVER.dml or delete/rename the import); fix the parameter declarations in test_dev.dml so there are no duplicate 'p' symbols (either remove the extra declaration or mark the original as `default` if you intend to override it); add the missing semicolons after the parameter lines reported by DFA (lines ~18 and ~26) so the file parses correctly, then rebuild."
  },
  {
    "tag": "ESWITCH",
    "file_path": "/home/coder/ai_agents/dmlc_fix_claude/simics_proj/modules/dmlc/test/1.4/errors/T_ESWITCH.dml",
    "file_content": "/*\n  \u00a9 2021 Intel Corporation\n  SPDX-License-Identifier: MPL-2.0\n*/\ndml 1.4;\ndevice test;\n\nmethod init() {\n    switch (1)\n        // must start with a case\n        /// ERROR ESWITCH\n    {\n    }\n    switch (1)\n        // must start with a case\n        /// ERROR ESWITCH\n    {\n        ;\n    }\n    switch (1) {\n    default:\n    #if (true) {\n        /// ERROR ESWITCH\n    case 1:\n    }\n    }\n    switch (1) {\n    default:\n    #if (true) {\n        /// ERROR ESWITCH\n    default:\n    }\n    }\n\n    // OK\n    switch (1) {\n    #if (true) {\n    default:\n    } #else {\n    default:\n    }\n    }\n}\n",
    "error": "Multiple malformed switch errors in test_dev.dml: \"statement before first case label\" at /.../test_dev.dml:12:5 and :17:5; \"case label after default label\" at .../.../test_dev.dml:24:5; \"duplicate default label\" at .../.../test_dev.dml:31:5.",
    "suggestion": "Edit /.../test_dev.dml to make each switch syntactically correct: ensure the first token inside a switch is a case/default label (no bare statements or stray semicolons), place the default label only once and after the case labels, and do not put case labels after a default. Concretely: change the first switch (lines ~9\u201313) to `switch (1) { case 1: break; }` (/.../test_dev.dml:9-13); change the second switch (14\u201319) to include a case label instead of a bare `;` (e.g. `switch (1) { case 1: /* ... */ break; }`); in the third switch (20\u201326) move `case 1:` before `default:` (or move `default:` after cases); in the fourth switch (27\u201333) remove or convert the duplicate `default:` to a `case` so only one `default` remains. Rebuild after these edits."
  },
  {
    "tag": "ESYNTAX_method_qualifiers",
    "file_path": "/home/coder/ai_agents/dmlc_fix_claude/simics_proj/modules/dmlc/test/1.4/errors/T_ESYNTAX_method_qualifiers.dml",
    "file_content": "/*\n  \u00a9 2022 Intel Corporation\n  SPDX-License-Identifier: MPL-2.0\n*/\ndml 1.4;\ndevice test;\n\n// no error\nindependent startup method m0() {}\n/// ERROR ESYNTAX\nindependent startup method m1(int i) {}\n/// ERROR ESYNTAX\nindependent startup method m2() throws {}\n/// ERROR ESYNTAX\nindependent startup method m3() -> (int) { }\n/// ERROR ESYNTAX\nindependent startup method m4() default {}\n\n// no error\nindependent startup memoized method m5() -> (int) { return 1; }\nindependent startup memoized method m6() throws {}\n/// ERROR ESYNTAX\nindependent startup memoized method m7() {}\n/// ERROR ESYNTAX\nindependent startup memoized method m8(int i) -> (int) { return 1; }\n/// ERROR ESYNTAX\nindependent startup memoized method m9() -> (int) default { return 1; }\n\n// no error\nmethod independent() {}\nmethod startup() {}\nmethod memoized() {}\n\ntemplate t {\n    // no error\n    shared independent startup method tm0() {}\n    /// ERROR ESYNTAX\n    shared independent startup method tm1(int i) {}\n    /// ERROR ESYNTAX\n    shared independent startup method tm2() throws {}\n    /// ERROR ESYNTAX\n    shared independent startup method tm3() -> (int) {}\n    /// ERROR ESYNTAX\n    shared independent startup method tm4() default {}\n\n    // no error\n    shared independent startup memoized method tm5() -> (int) {\n        return 1;\n    }\n    shared independent startup memoized method tm6() throws {}\n    /// ERROR ESYNTAX\n    shared independent startup memoized method tm7() {}\n    /// ERROR ESYNTAX\n    shared independent startup memoized method tm8(int i) -> (int) {\n        return 1;\n    }\n    /// ERROR ESYNTAX\n    shared independent startup memoized method tm9() -> (int) default {\n        return 1;\n    }\n\n    // no error\n    shared independent startup method tm10();\n    shared independent startup memoized method tm11() -> (int);\n}\n",
    "error": "dmlc/build show many syntax errors in modules/.../test_dev.dml: \"startup methods may not have input parameters\", \"non-memoized startup methods may not have returnvalues or be throwing\", \"startup methods may not be declared 'default'\", and \"memoized methods must have return values and/or be throwing\" (errors at e.g. lines 11,13,15,17,23,25,27,38,40,42,44,52,54,58). These are causing parser cascades reported by DFA (many \"Expected ...\" messages).",
    "suggestion": "Edit the method declarations to follow DML rules for startup methods: 1) remove input parameters from any startup methods; 2) remove \"throws\" and return types from non\u2011memoized startup methods (or mark them memoized if they must return a value/throw); 3) remove the \"default\" qualifier from startup methods; 4) for memoized startup methods ensure they have a return type and/or are declared \"throws\". Concretely: change `independent startup method m1(int i) {}` \u2192 `independent startup method m1() {}`; change `... m3() -> (int) { }` \u2192 either `independent startup memoized method m3() -> (int) { }` or remove the return type; change `... memoized method m7() {}` \u2192 `... memoized method m7() -> (int) { return 1; }` (or add `throws`); and apply the same fixes to template methods tm1..tm9. After making these edits rebuild to verify remaining errors."
  },
  {
    "tag": "EASZLARGE",
    "file_path": "/home/coder/ai_agents/dmlc_fix_claude/simics_proj/modules/dmlc/test/1.4/errors/T_EASZLARGE.dml",
    "file_content": "/*\n  \u00a9 2022 Intel Corporation\n  SPDX-License-Identifier: MPL-2.0\n*/\ndml 1.4;\n\ndevice test;\n\n// ok\ngroup g1[i < (1 << 31) - 1];\n\n/// ERROR EASZLARGE\ngroup g2[i < 1 << 31];\n\ngroup g3[i < 1 << 16] {\n    /// ERROR EASZLARGE\n    group g[j < 1 << 15];\n}\n",
    "error": "DMLC/build: \"array has too many elements (2147483648 >= 2147483648)\" reported at test_dev.dml (lines referenced around 13 and 17). DFA also reports \"Expected '{' after group name\" at test_dev.dml:9 \u2014 a missing brace/parsing error plus a group declared with a very large range (e.g. g3[i < 65536]) / nested ranges produced an explosion to 2,147,483,648 elements.",
    "suggestion": "Fix the syntax and the sizing: (1) Add the missing '{' after the group declaration at test_dev.dml:9 and correct indentation so the parser sees the intended group body (resolves the \"Expected '{'...\" error and prevents mis-parsing). (2) Reduce or remove the huge index ranges (e.g. change i < 65536 to a reasonable bound such as i < 256) or refactor the design so you do not instantiate per-element groups at that scale \u2014 use templates, sparse mappings, memory-mapped windows, or a single indexed access method instead of creating billions of elements. After applying these changes re-run the build."
  },
  {
    "tag": "EPRAGMA",
    "file_path": "/home/coder/ai_agents/dmlc_fix_claude/simics_proj/modules/dmlc/test/1.4/errors/T_EPRAGMA.dml",
    "file_content": "/*\n  \u00a9 2024 Intel Corporation\n  SPDX-License-Identifier: MPL-2.0\n*/\ndml 1.4;\n\ndevice test;\n\n// no error\n/*% COVERITY irrelevant %*/\n\n/// ERROR EPRAGMA\n/*% MYVERYCOOLPRAGMA %*/\n\n/// ERROR EPRAGMA\n/*% \ud83d\ude00 %*/\n\n/// ERROR EPRAGMA\n/*%\n  MYVERYCOOLPRAGMA%*/\n\n// no error (parses as a pragma)\n/*%\n  COVERITY\n  irrelevant%*/\n\n// no error (doesn't parse as a pragma)\n/*% %*/\n\n// no error (doesn't parse as a pragma)\n/*% MYVERYCOOLPRAGMA % */\n\n// no error (doesn't parse as a pragma)\n//% MYVERYCOOLPRAGMA\n",
    "error": "Unknown pragma(s): \"MYVERYCOOLPRAGMA\" (test_dev.dml:13,19) and \"\ud83d\ude00\" (test_dev.dml:16) \u2014 dmlc fails because these /*% ... %*/ blocks are not recognized pragmas.",
    "suggestion": "Remove or neutralize the unrecognized pragmas or replace them with valid/recognized pragmas. Practical fixes: (a) convert to non\u2011pragma comments so they won't be parsed \u2014 e.g. change `/*% MYVERYCOOLPRAGMA %*/` to `/*% MYVERYCOOLPRAGMA % */` or to `//% MYVERYCOOLPRAGMA` (both forms in this file are treated as non\u2011pragmas), (b) remove the `/*% \u2026 %*/` block entirely if unused, or (c) replace with a supported pragma (for example `/*% COVERITY irrelevant %*/`) if you intended a known annotation. After making the change at lines 13, 16 and 19, rebuild the module."
  },
  {
    "tag": "EAFTERSENDNOW",
    "file_path": "/home/coder/ai_agents/dmlc_fix_claude/simics_proj/modules/dmlc/test/1.4/errors/T_EAFTERSENDNOW.dml",
    "file_content": "/*\n  \u00a9 2024 Intel Corporation\n  SPDX-License-Identifier: MPL-2.0\n*/\ndml 1.4;\n\ndevice test;\n\nhook(int *) h1;\nhook(int *) h2;\n\nmethod init() {\n    local int v = 0;\n\n    /// ERROR EAFTERSENDNOW\n    after 1 s: h1.send_now(&v);\n    /// ERROR EAFTERSENDNOW\n    after h2 -> p: h1.send_now(&v);\n    // no error\n    after h2 -> p: h1.send_now(p);\n}\n",
    "error": "illegal 'after' statement with callback 'h1.send_now': every message component of 'h1' must be of serializable type; message component comp0 is of unserializable type: pointer to int (also: 'after' bound to 'h2' reports the same requirement for components not supplied through the 'after')",
    "suggestion": "Make the message component comp0 serializable \u2014 e.g. change its type from \"pointer to int\" to a serializable type (int/word/uint64 or an object ID/handle), or avoid sending raw pointers by storing the pointer in device state and passing a serializable handle/index instead. Also ensure any 'after' call either supplies required message-component parameters or only relies on serializable components."
  },
  {
    "tag": "ESYNTAX_old_call_noargs",
    "file_path": "/home/coder/ai_agents/dmlc_fix_claude/simics_proj/modules/dmlc/test/1.4/errors/T_ESYNTAX_old_call_noargs.dml",
    "file_content": "/*\n  \u00a9 2021 Intel Corporation\n  SPDX-License-Identifier: MPL-2.0\n*/\ndml 1.4;\n\ndevice test;\n\nmethod m() {\n    /// ERROR ESYNTAX\n    call default;\n}\n",
    "error": "/.../test_dev.dml:11:5: error: syntax error at 'call': reserved word",
    "suggestion": "The code is using the old/no-args `call` form which the parser rejects. Replace the deprecated `call <method>` usage with a proper function call that includes parentheses (e.g. change `call my_method` to `my_method();`). Also ensure you are not using `call` as an identifier."
  },
  {
    "tag": "ESYNTAX_time_unit",
    "file_path": "/home/coder/ai_agents/dmlc_fix_claude/simics_proj/modules/dmlc/test/1.4/errors/T_ESYNTAX_time_unit.dml",
    "file_content": "/*\n  \u00a9 2021 Intel Corporation\n  SPDX-License-Identifier: MPL-2.0\n*/\ndml 1.4;\n\ndevice test;\n\nmethod m() {\n    // no error\n    after 1 s: m();\n    // no error\n    after 1 cycles: m();\n    // no error\n    after 1 ps: m();\n    /// ERROR ESYNTAX\n    after 1 invalid: m();\n}\n",
    "error": "/.../test_dev.dml:17:13: error: syntax error at 'invalid': expected time unit ('s' or 'ps' or 'cycles')",
    "suggestion": "Edit /.../test_dev.dml at line 17 (col 13) and replace the token \"invalid\" with a valid DML time unit or a properly formed time literal. For example, if the intent was \"10 picoseconds\" change the code to use \"10ps\" (or \"10 ps\" per project style), or use \"s\" or \"cycles\" as appropriate (e.g., 1s or 5 cycles). Ensure the numeric value and unit are combined into a valid time literal so the parser accepts it (e.g., change \"timeout = 10 invalid\" -> \"timeout = 10ps\")."
  },
  {
    "tag": "EREGOL",
    "file_path": "/home/coder/ai_agents/dmlc_fix_claude/simics_proj/modules/dmlc/test/1.4/errors/T_EREGOL.dml",
    "file_content": "/*\n  \u00a9 2022 Intel Corporation\n  SPDX-License-Identifier: MPL-2.0\n*/\ndml 1.4;\n\ndevice test;\n\nbank b1 {\n    /// ERROR EREGOL\n    register a size 4 @ 8;\n    /// ERROR EREGOL\n    register b size 4 @ 11;\n    // no error\n    register c size 4 @ 18;\n    register d size 4 @ 22;\n}\n\nbank b2 {\n    /// ERROR EREGOL\n    register a[i < 4] size 4 @ 8 + 8 * i;\n    register b[i < 2] size 4 @ 12 + 4 * i;\n}\n\n// bug 7858\nbank b3 {\n    group channel [i < 5] {\n        /// ERROR EREGOL\n        register r0 size 4 @ 0x00;\n    }\n}\n\nbank b4 {\n    // integer overflow doesn't hide overlaps\n    /// ERROR EREGOL\n    register r[i < 3] size 4 @ i * 0x8000_0000_0000_0000;\n}\n\nbank b5 {\n    // Collision detection falls back to evaluating the expression at every\n    // index, triggered by the cast to a small integer type.\n    /// ERROR EREGOL\n    register r[i < 3] size 4 @ 4 + cast(i * 0x8000_0000, uint32);\n}\n\nbank b6 {\n   register A size 4 @ 0x148;\n   register B size 4 @ 0x14c;\n   register C size 4 @ 0x150;\n   register D size 4 @ 0x160;\n\n   /// ERROR EREGOL\n   register CONFLICT0 size 2 @ 0x0;\n   // Ideally, this line should also get an error. It doesn't, because the\n   // addition of G is entirely inhibited by the first error.\n   register CONFLICT200 size 4 @ 0x200;\n\n   /// ERROR EREGOL\n   group G[i < 2] { register X size 4 @ i*0x200; }\n}\n\nbank b7 {\n    // partial overlap between [0][1] and [1][0]\n    /// ERROR EREGOL\n    register r[i < 2][j < 2] size 4 @ i * 7 + j * 10;\n}\n\nbank b8[i < 2] {\n    /// ERROR EIDXVAR\n    register r size 4 @ i;\n}\n\n// Banks under groups and subdevices should also be subject to overlap checks\ngroup g[i < 2] {\n    subdevice sd[j < 2] {\n        group g[k < 2] {\n            bank b {\n                /// ERROR EREGOL\n                register a size 4 @ 8;\n                /// ERROR EREGOL\n                register b size 4 @ 11;\n                // no error\n                register c[l < 2] size 4 @ 18 + l*4;\n                /// ERROR EIDXVAR\n                register d size 4 @ i;\n                /// ERROR EIDXVAR\n                register e size 4 @ j;\n                /// ERROR EIDXVAR\n                register f size 4 @ k;\n            }\n        }\n    }\n}\n",
    "error": "Multiple \"overlapping registers\" errors reported when compiling test_dev.dml (examples: b1.a vs b1.b at test_dev.dml:11/13, b2.a[1] vs b2.b[1] at test_dev.dml:21/22, b3.channel[0].r0 vs b3.channel[1].r0 at test_dev.dml:29, b4.r[0] vs b4.r[2] at test_dev.dml:36, b6.CONFLICT0 vs b6.G[0].X at test_dev.dml:53/59, plus a grouped overlap g[..].b.a vs g[..].b.b at test_dev.dml:79/81). DFA also reports syntax problems (\"Expected '{' after register declaration\") and duplicate symbols which indicate malformed register declarations.",
    "suggestion": "The root cause is registers being laid out at the same offsets (or using illegal index-dependent expressions) \u2014 likely due to missing/incorrect register declaration syntax and missing explicit offsets/stride for indexed registers. Fix by: 1) Correct the register declaration syntax (add the missing '{ ... }' blocks where DFA flags \"Expected '{'...\" so the parser assigns sizes/offsets properly). 2) Give each register a unique offset/stride \u2014 for indexed registers specify a constant stride (e.g. r[i < N] with offset expression using a constant register size such as @ (i * REG_SIZE) or declare size/step explicitly) so adjacent elements do not overlap. 3) Replace expressions that depend on an index variable in places where they are not allowed (change them to constants or compute stride outside the index). 4) If two different registers are intended to be distinct, rename or move them so their address ranges don't intersect. After making these changes (see the lines flagged by dmlc/dfa for precise edits), rebuild; the overlapping-register errors should be resolved."
  },
  {
    "tag": "EATTRCOLL",
    "file_path": "/home/coder/ai_agents/dmlc_fix_claude/simics_proj/modules/dmlc/test/1.4/errors/T_EATTRCOLL.dml",
    "file_content": "/*\n  \u00a9 2021 Intel Corporation\n  SPDX-License-Identifier: MPL-2.0\n*/\ndml 1.4;\n\ndevice test;\n\nattribute foo is (uint64_attr) {\n    /// ERROR EATTRCOLL\n    saved int var;\n}\n/// ERROR EATTRCOLL\nsaved int foo_var;\n\nattribute foo {\n    method bar() {\n        /// ERROR EATTRCOLL\n        saved int var;\n    }\n}\nmethod foo_bar() {\n   /// ERROR EATTRCOLL\n   saved int var;\n}\n\n// Dead method doesn't cause conflict\nattribute foo {\n    method foo() {\n        // no error\n        saved int var;\n    }\n}\nmethod foo_foo() {\n   saved int var;\n}\n\nmethod bar() {\n   // non-constant if\n   if (foo.var == 0) {\n       /// ERROR EATTRCOLL\n       saved int v;\n   } else {\n       /// ERROR EATTRCOLL\n       saved int v;\n   }\n}\n\nattribute p[j < 2] is (uint64_attr) {\n    /// ERROR EATTRCOLL\n    saved int i;\n    // no error\n    saved int ok;\n}\n/// ERROR EATTRCOLL\nsaved int p_i;\n// no error\nsaved int ok;\n\nbank b[i < 2][j < 2] {\n   param register_size = 4;\n   /// ERROR EATTRCOLL\n   register g_r @ 0;\n   group g {\n       /// ERROR EATTRCOLL\n       register r @ 4;\n   }\n}\n\n// call methods to codegen them\nmethod init() {\n   foo.bar();\n   foo.foo();\n   foo_bar();\n   // Intentionally not calling foo_foo\n   bar();\n}\n",
    "error": "Declaration would result in conflicting attribute name \u2014 duplicate attribute symbol \"foo\" (test_dev.dml:9,16,28), duplicate saved variables declared with the same names in multiple scopes (e.g. saved int var at 11,19,24,31 and saved int v at 42,45), top-level saved names colliding with attribute-generated names (saved int foo_var at 14 conflicts with attribute foo; saved int p_i at 56 conflicts with attribute p), and duplicate register names inside bank b (register g_r at 63 vs register r at 66).",
    "suggestion": "Make all names unique / reduce duplicate declarations: (1) Remove or rename duplicate attribute declarations (keep one attribute `foo` or rename the others, e.g. `foo_attr1`, `foo_attr2`) \u2014 see test_dev.dml:9,16,28. (2) Rename saved variables so they don\u2019t collide (e.g. `var` \u2192 `foo_bar_var`, `v` \u2192 `bar_branch_v`) or declare the saved variable once in the proper scope instead of in both branches (move declaration out of if). (3) Remove or rename top-level saved ints that shadow attribute-generated names (rename or delete `foo_var` at test_dev.dml:14 and `p_i` at :56). (4) Make register names unique inside bank `b` (rename `r` \u2192 `g_r_inner` or similar at test_dev.dml:66). After renaming/merging, rebuild (dmlc) to verify collisions are resolved."
  },
  {
    "tag": "EINDEPENDENTVIOL",
    "file_path": "/home/coder/ai_agents/dmlc_fix_claude/simics_proj/modules/dmlc/test/1.4/errors/T_EINDEPENDENTVIOL.dml",
    "file_content": "/*\n  \u00a9 2021 Intel Corporation\n  SPDX-License-Identifier: MPL-2.0\n*/\ndml 1.4;\n\ndevice test;\n\nimport \"simics/devs/i2c.dml\";\n\nconnect ifaces {\n    interface i2c_bus { param required = true; }\n}\n\nattribute a is (int64_attr);\n\ntemplate param_typed {\n    param p1 : int64;\n    param p2 : int64;\n}\n\nsession int64 s;\ntemplate param_val {\n    /// ERROR EINDEPENDENTVIOL\n    param p1 = a.val;\n    /// ERROR EINDEPENDENTVIOL\n    param p2 = s;\n\n    session int ts;\n\n    shared independent method sm() -> (int) {\n        /// ERROR EINDEPENDENTVIOL\n        log info: \"r\";\n        /// ERROR EINDEPENDENTVIOL\n        dependent();\n\n        local int i;\n        local int j;\n        local int k;\n        /// ERROR EINDEPENDENTVIOL\n        i = s;\n        /// ERROR EINDEPENDENTVIOL\n        j = ts;\n        /// ERROR EINDEPENDENTVIOL\n        j = this.ts;\n        return i + j + k;\n    }\n}\n\nport p is (param_typed, param_val);\n\nindependent method q() -> (int) {\n    /// ERROR EINDEPENDENTVIOL\n    log info: \"q\";\n    /// ERROR EINDEPENDENTVIOL\n    dependent();\n    /// ERROR EINDEPENDENTVIOL\n    local int to_ret = s;\n    /// ERROR EINDEPENDENTVIOL\n    session int ses;\n    /// ERROR EINDEPENDENTVIOL\n    saved int sav;\n\n    /// ERROR EINDEPENDENTVIOL\n    local bool not_present = !ifaces.i2c_bus.start;\n\n    if (!not_present) {\n        /// ERROR EINDEPENDENTVIOL\n        to_ret += ifaces.i2c_bus.start(0);\n    }\n\n    /// ERROR EINDEPENDENTVIOL\n    increment(&to_ret);\n\n    return to_ret;\n}\n\nmethod dependent() {\n    return;\n}\n\ninline method increment(inline x) {\n    ++*x;\n}\n\nmethod init() {\n    local param_typed _p = cast(p, param_typed);\n    local int a = q() + p.sm();\n    not_truly_independent(dev.obj);\n}\n\nindependent method not_truly_independent(conf_object_t *obj) {\n    // no error\n    (&dependent)(obj);\n}\n",
    "error": "Multiple related failures in test_dev.dml: \"unknown interface type: pointer to const i2c_bus_interface_t\" (line 12); repeated \"cannot access device instance in device independent context\" (lines 25,27,33,35,41,43,45,54,56,58,60,62,73); \"reference to unknown object 'ifaces.i2c_bus'\" (line 65); plus DFA syntax errors (missing '{' after attribute, missing ';' after parameter, missing return type / ')' / method body). These together cause the module build to fail.",
    "suggestion": "1) Fix the interface declaration: stop using a pointer-to-const type in the device-type section \u2014 use the DML interface type itself (no pointer). e.g. replace the pointer form with the proper DML interface/type (remove \"pointer to\" / \"*\") or declare a connect of the correct interface: `connect ifaces: i2c_bus_interface_t;` (match the actual interface name in simics/devs/i2c.dml). 2) Move any code that accesses instance-specific objects (ifaces.i2c_bus, other device instances or runtime fields) out of the device\u2011type (device independent) declarations and into an instance/implementation context (e.g. put that logic inside `implement device test { ... }` methods or in instance init handlers). Device-type-level attributes/parameter-defaults must not dereference instances. 3) Fix the DFA-reported syntax errors (add the missing `{` after attributes, add `;` after parameters, provide method return types and closing `)`/`{}` for method signatures). 4) Rebuild and verify errors; repeat moving any remaining instance access into instance scope and correcting interface names so `ifaces.i2c_bus` resolves."
  },
  {
    "tag": "ESYNTAX_await",
    "file_path": "/home/coder/ai_agents/dmlc_fix_claude/simics_proj/modules/dmlc/test/1.4/errors/T_ESYNTAX_await.dml",
    "file_content": "/*\n  \u00a9 2021 Intel Corporation\n  SPDX-License-Identifier: MPL-2.0\n*/\ndml 1.4;\n\ndevice test;\n\n/// ERROR ESYNTAX\nparam await;\n",
    "error": "/.../test_dev.dml:10:7: syntax error at 'await': reserved word (dfa also reports \"Expected parameter name\" at 9:6-9:11 and \"Expected ';' after parameter\" at 10:0-10:0)",
    "suggestion": "The identifier \"await\" is a reserved word in the DML parser and was used in a parameter declaration (or as a name). Rename the parameter to a non\u2011reserved identifier and fix the declaration syntax so it has both a type and a name and ends with a semicolon. Example fix: replace the problematic lines with e.g. `parameter int timeout_ms;` (or `parameter int wait_time;`) at the same location, then rebuild."
  },
  {
    "tag": "ECAST",
    "file_path": "/home/coder/ai_agents/dmlc_fix_claude/simics_proj/modules/dmlc/test/1.4/errors/T_ECAST.dml",
    "file_content": "/*\n  \u00a9 2021 Intel Corporation\n  SPDX-License-Identifier: MPL-2.0\n*/\ndml 1.4;\nprovisional simics_util_vect;\n\ndevice test;\n\ntypedef struct { uint32 x; } s_t;\ntypedef layout \"little-endian\" { uint32 x; } l_t;\ntypedef int vect v_t;\ntypedef int vect alt_v_t;\ntypedef int a_t[1];\ntypedef void f_t(void);\nextern f_t f;\n\ntemplate t { }\nis t;\n\nmethod init() {\n    local s_t s;\n    local l_t l;\n    local v_t v;\n    local a_t a;\n    local uint32 i;\n    /// ERROR ECAST\n    cast(s, uint32);\n    /// ERROR ECAST\n    cast(i, s_t);\n    // no error\n    cast(s, s_t);\n    /// ERROR ECAST\n    cast(s, l_t);\n    /// ERROR ECAST\n    cast(l, uint32);\n    /// ERROR ECAST\n    cast(i, l_t);\n    // no error\n    cast(l, l_t);\n    /// ERROR ECAST\n    cast(l, s_t);\n    /// ERROR ECAST\n    cast(v, uint32);\n    /// ERROR ECAST\n    cast(i, v_t);\n    // no error\n    cast(v, v_t);\n    /// ERROR ECAST\n    cast(v, alt_v_t);\n    /// ERROR ECAST\n    cast(l, uint32);\n    // no error!\n    cast(a, uint32);\n    /// ERROR ECAST\n    cast(a, double);\n    /// ERROR ECAST\n    cast(i, a_t);\n    // no error\n    cast(f, uint32);\n    /// ERROR ECAST\n    cast(i, f_t);\n\n    /// ERROR ECAST\n    cast(cast(dev, t), void *);\n    /// ERROR ECAST\n    cast(cast(dev, t), int64);\n}\n",
    "error": "Multiple \"illegal cast to '...'\" errors in init (lines 28,30,34,36,38,42,44,46,50,52,56,58,62,65,67): the code attempts casts between incompatible kinds (struct s_t, layout l_t, vect types v_t/alt_v_t, arrays a_t, function type f_t, device/template and scalars) which DML does not allow.",
    "suggestion": "Replace invalid reinterpret casts with explicit, type\u2011safe operations: e.g. extract or assign fields instead of casting a struct to an integer (use s.x or s.x = i), copy the uint32 member when converting between s_t and l_t (l.x = s.x or s.x = l.x) rather than cast(s,l_t), convert vectors/arrays element-wise (use v[0] or v[n] or helper conversion functions) instead of casting the whole vect type to/from scalar, index arrays when you need a scalar (use a[0] or assign a[0] = i), do not cast integers to function types (assign a function pointer or remove the cast), and avoid casting device/template values to void* or integers \u2014 use the appropriate API or metadata (get a pointer/handle or an integer id) or change the declared types to compatible pointer/integer types. Concretely: replace cast(s,uint32) \u2192 cast(s.x,uint32) or use s.x; replace cast(i,s_t) \u2192 s.x = i; replace cast(s,l_t) \u2192 l.x = s.x; replace cast(v,uint32) \u2192 cast(v[0],uint32) or convert element-wise; replace cast(i,a_t) \u2192 a[0] = i; remove/replace cast(cast(dev,t),void*) with a supported API to obtain a pointer/handle."
  },
  {
    "tag": "EDVAR",
    "file_path": "/home/coder/ai_agents/dmlc_fix_claude/simics_proj/modules/dmlc/test/1.4/errors/T_EDVAR.dml",
    "file_content": "/*\n  \u00a9 2021 Intel Corporation\n  SPDX-License-Identifier: MPL-2.0\n*/\ndml 1.4;\n\ndevice test;\n\ninline method im(inline i) {\n    {\n        // No error here\n        local int i;\n    }\n\n    /// ERROR EDVAR\n    local int i;\n}\n\nmethod m(int i) {\n    {\n        // No error here\n        local int i;\n    }\n    /// ERROR EDVAR\n    local int i;\n}\n\nmethod init() {\n    m(0);\n    im(0);\n}\n",
    "error": "duplicate definition of variable 'i' (test_dev.dml:16:5 and test_dev.dml:25:5; conflicting definitions referenced at 19:7 and 30:10)",
    "suggestion": "Remove or rename the duplicated variable so names are unique in the same scope (e.g., rename the second `i` to `j` or move one declaration into a narrower/local scope); verify the intended scope/type for each variable and then rebuild the module."
  },
  {
    "tag": "WIMMAFTER",
    "file_path": "/home/coder/ai_agents/dmlc_fix_claude/simics_proj/modules/dmlc/test/1.4/errors/T_WIMMAFTER.dml",
    "file_content": "/*\n  \u00a9 2024 Intel Corporation\n  SPDX-License-Identifier: MPL-2.0\n*/\ndml 1.4;\n\ndevice test;\n\n/// COMPILE-ONLY\ntypedef struct {\n    int *x;\n    int *y[2];\n    int *z[2][3];\n} substruct_t;\n\ntypedef struct {\n    int *x;\n    int *y[2];\n    int *z[2][3];\n    substruct_t sub_a;\n    substruct_t sub_b[2];\n    substruct_t sub_c[2][3];\n} struct_t;\n\nmethod m(void *p) { }\n\nmethod init() {\n    local int *x;\n    local int *y[2];\n    local int *z[2][3];\n    local struct_t s;\n\n    local int *(*arr)[2][3];\n    local int *(*arr_2)[3];\n\n    // no warning\n    after: m(x);\n    after: m(y[1]);\n    after: m(z[1][2]);\n    after: m(s.x);\n    after: m(s.y[1]);\n    after: m(s.z[1][2]);\n    after: m(s.sub_a.x);\n    after: m(s.sub_b[1].y[1]);\n    after: m(s.sub_b[1].y[1]);\n    after: m(arr);\n    after: m(*arr);\n    after: m((*arr)[1]);\n    after: m((*arr)[1][2]);\n\n    /// WARNING WIMMAFTER\n    after: m(&x);\n    /// WARNING WIMMAFTER\n    after: m(y);\n    /// WARNING WIMMAFTER\n    after: m(z[1]);\n    /// WARNING WIMMAFTER\n    after: m(&y[1]);\n    /// WARNING WIMMAFTER\n    after: m(&z[1][2]);\n    /// WARNING WIMMAFTER\n    after: m(&s.x);\n    /// WARNING WIMMAFTER\n    after: m(s.y);\n    /// WARNING WIMMAFTER\n    after: m(s.z[1]);\n    /// WARNING WIMMAFTER\n    after: m(&s.sub_a.x);\n    /// WARNING WIMMAFTER\n    after: m(s.sub_a.y);\n    /// WARNING WIMMAFTER\n    after: m(s.sub_a.z[1]);\n    /// WARNING WIMMAFTER\n    after: m(s.sub_b[1].y);\n    /// WARNING WIMMAFTER\n    after: m(s.sub_c[1][2].z[1]);\n\n    /// WARNING WIMMAFTER\n    after: m(*cast(z, typeof(arr_2)));\n\n    /// WARNING WIMMAFTER\n    after: m(cast(&*(1 + (&x - 1)), void *));\n\n    // no warning\n    after: m(cast(cast(&x, uintptr_t), void *));\n\n    local int **x_ptr = &x;\n    // no warning\n    after: m(x_ptr);\n}\n",
    "error": "warning: ***INCREDIBLY UNSAFE*** use of immediate 'after' statement: the callback argument (e.g. '&x', 'y', 'z[1]', '&s.sub_a.x', etc.) is a pointer to stack\u2011allocated data (test_dev.dml:52\u201382)",
    "suggestion": "Fix: stop passing pointers to local/stack variables into delayed 'after' callbacks. Make the callback arguments live beyond init by (a) using module/device-level or static variables, (b) allocating memory on the heap and freeing it inside the callback, or (c) pass copies/primitive values instead of addresses. Ensure any pointer passed to an 'after' callback remains valid for the callback's lifetime."
  },
  {
    "tag": "EAPPLYMETH",
    "file_path": "/home/coder/ai_agents/dmlc_fix_claude/simics_proj/modules/dmlc/test/1.4/errors/T_EAPPLYMETH.dml",
    "file_content": "/*\n  \u00a9 2022 Intel Corporation\n  SPDX-License-Identifier: MPL-2.0\n*/\ndml 1.4;\ndevice test;\n\ntemplate t {\n    shared method multi_out() -> (int, int) default { return (0, 0); }\n    shared method throwing() throws default { }\n}\n\ntemplate u is t {\n    shared method multi_out() -> (int, int) default {\n        /// ERROR EAPPLYMETH\n        default() + 1;\n        return (0, 0);\n    }\n    shared method throwing() throws default {\n        /// ERROR EAPPLYMETH\n        default() + 1;\n    }\n}\n\nis u;\n\nport p;\n\nmethod init() {\n    local u x = cast(dev, u);\n    /// ERROR EAPPLYMETH\n    x.multi_out() + 1;\n    /// ERROR EAPPLYMETH\n    x.throwing() + 1;\n    /// ERROR EAPPLYMETH\n    local (int a, int b) = (throwing(), 4);\n}\n",
    "error": "dmlc: \"call to method '...multi_out' / '...throwing' in unsupported context\" (test_dev.dml:16,21,32,34,36) \u2014 methods that produce multiple outputs or are declared \"throwing\" are being invoked inside an expression/unsupported context. DFA also shows nearby syntax problems (\"Expected return type\", \"Expected ')' after return type\", \"Expected ';' or '{' after method signature\") which indicate malformed method signatures.",
    "suggestion": "Ensure every method call that returns multiple values or is a throwing method is used either as a standalone statement or as the RHS of an assignment. Concretely: 1) Replace inline/embedded calls with assignments (use tuple/unpacking for multi_out, e.g. `(a, b) = t.multi_out();` or `var (a,b) = cast(x, t).multi_out();`). 2) If you only need side-effects, call the method as a separate statement on its own line. 3) For throwing methods either call them standalone and handle errors or assign their result to variables and handle errors (or wrap in an allowed try/handle construct if supported). 4) Fix the syntax errors in method declarations reported by DFA \u2014 add the missing return types, closing parentheses and either a semicolon or a brace after each method signature so the compiler parses calls correctly (e.g., provide a proper return-type token, close the method signature with `)` then `;` or `{ ... }`). After making those changes re-run the build."
  },
  {
    "tag": "ENSHARED",
    "file_path": "/home/coder/ai_agents/dmlc_fix_claude/simics_proj/modules/dmlc/test/1.4/errors/T_ENSHAREDTQMIC.dml",
    "file_content": "/*\n  \u00a9 2024 Intel Corporation\n  SPDX-License-Identifier: MPL-2.0\n*/\ndml 1.4;\n\ndevice test;\n\ntemplate t1 {\n    method nonshared() {}\n    shared method abstract1();\n    shared method abstract2();\n    shared method sm1() default {}\n    shared method sm2() default {}\n    shared method sm3() default {}\n}\n\ntemplate t2 is t1 {\n    shared method abstract1() {}\n    shared method sm2() {}\n    // Any method implementation, within an #if or not, that the template gives\n    // for the object instantiating it is considered possibly used for the\n    // purposes of ENSHAREDTQMIC, even if the #if condition is just 'false'.\n    #if (false) {\n        method sm3() {}\n    }\n}\n\ntemplate t3 is t2 {\n    // ... Unless there is a higher-rank shared method implementation given\n    // (which is only possible if the non-shared implementation is never\n    // provided to the instantiated object)\n    shared method sm3() {}\n}\n\nin each t2 {\n    // Since in-each bodies are not considered part of the template, they are\n    // not considered possible candidates and do not provoke ENSHAREDTQMIC\n    method sm1() {}\n}\n\ngroup g is t3 {\n    method abstract2() {}\n}\n\nmethod init() {\n    local t3 x = cast(g, t3);\n    // no error\n    x.templates.t1.sm1();\n    x.templates.t1.sm2();\n    x.templates.t1.sm3();\n    x.templates.t2.abstract1();\n    x.templates.t2.sm2();\n    x.templates.t3.sm3();\n\n    /// ERROR ENSHAREDTQMIC\n    x.templates.t2.nonshared();\n    /// ERROR EMEMBERTQMIC\n    x.templates.t1.abstract1();\n    /// ERROR EMEMBERTQMIC\n    x.templates.t2.abstract2();\n    /// ERROR ENSHAREDTQMIC\n    x.templates.t2.sm3();\n}\n",
    "error": "Multiple \"\u2026does not belong to the template type\" errors for members of template `y` (untyped parameter `a`, non-shared method `b`, subobject `c`, conditional/saved variables `d`/`e`, hook `f`) \u2014 root causes shown by DFA: \"Expected '{' after template name\" at /.../test_dev.dml:24 and \"Duplicate symbol 'a'\" at ..../.../test_dev.dml:41; these indicate the template body is malformed so subsequent declarations are parsed outside template `y`.",
    "suggestion": "Edit the DML to fix the template/attribute syntax and scoping: add the missing '{' after the template `y` declaration (see /.../test_dev.dml:24), ensure the attribute/body blocks are properly closed with '}' (fix DFA errors reported at lines ~43\u201344), move the parameter/method/subobject/variables/hooks so they are inside template `y`'s braces (or mark them `shared` if they must be shared), remove or rename the duplicate parameter `a` (duplicate at /.../test_dev.dml:41), and give parameters explicit types where required; then rebuild."
  },
  {
    "tag": "ESYNTAX_this",
    "file_path": "/home/coder/ai_agents/dmlc_fix_claude/simics_proj/modules/dmlc/test/1.4/errors/T_ESYNTAX_this.dml",
    "file_content": "/*\n  \u00a9 2021 Intel Corporation\n  SPDX-License-Identifier: MPL-2.0\n*/\ndml 1.4;\n\ndevice test;\n\n/// ERROR ESYNTAX\nparam this;\n",
    "error": "dmlc/build: \"/.../test_dev.dml:10:7: error: syntax error at 'this'\". dfa: \"Expected parameter name at ...:9:6-9:10\" and \"Expected ';' after parameter at ...:10:0-10:0\" (malformed parameter declaration)",
    "suggestion": "The parameter declaration at test_dev.dml lines 9\u201310 is malformed: `this` appears where a parameter name (and terminating `;`) is required. Replace `this` with a valid identifier and terminate the declaration with a semicolon (or remove the stray token if it was accidental). Example fix: change the broken lines to `parameter int my_param = 0;` (or `parameter int my_param;`) and re-run the build."
  },
  {
    "tag": "ESYNTAX_old_parameter",
    "file_path": "/home/coder/ai_agents/dmlc_fix_claude/simics_proj/modules/dmlc/test/1.4/errors/T_ESYNTAX_old_parameter.dml",
    "file_content": "/*\n  \u00a9 2021 Intel Corporation\n  SPDX-License-Identifier: MPL-2.0\n*/\ndml 1.4;\n\n/// ERROR ESYNTAX\nparameter x;\n",
    "error": "/.../test_dev.dml:8:1: error: syntax error at 'parameter' (also reported by dfa: parameter symbol 'x' found)",
    "suggestion": "The file is using the legacy/top-level `parameter` syntax which the DML parser rejects. Fix by either (A) moving the parameter into the appropriate module/device/template block using the modern DML form, or (B) replacing it with a `constant`/`attribute` if it was meant as a compile-time constant. Also check for a missing closing brace/semicolon on the previous line which can make `parameter` appear unexpected. Example fixes: 1) If `x` is a module parameter: `module test_dev { parameter int x = 0; }` 2) If `x` is a constant: `constant int x = 0;` After changing, rebuild and re-run dmlc to confirm the syntax error is resolved."
  },
  {
    "tag": "ESYNTAX_with",
    "file_path": "/home/coder/ai_agents/dmlc_fix_claude/simics_proj/modules/dmlc/test/1.4/errors/T_ESYNTAX_with.dml",
    "file_content": "/*\n  \u00a9 2021 Intel Corporation\n  SPDX-License-Identifier: MPL-2.0\n*/\ndml 1.4;\n\ndevice test;\n\n/// ERROR ESYNTAX\nparam with;\n",
    "error": "/.../test_dev.dml:10:7: syntax error at 'with': reserved word. DFA also reports \"Expected parameter name\" at 9:6-9:10 and \"Expected ';' after parameter\" at 10:0-10:0 \u2014 a reserved word was used where an identifier/parameter name and terminating semicolon were expected.",
    "suggestion": "The identifier \"with\" is a reserved DML word \u2014 rename it to a valid identifier and fix the parameter declaration (include a name and trailing `;`). For example replace the offending lines with a proper parameter declaration like `parameter int width = 0;` or `parameter string with_param;`. Then re-run the build and verify indentation/semicolon."
  },
  {
    "tag": "ETYPE_integer_t",
    "file_path": "/home/coder/ai_agents/dmlc_fix_claude/simics_proj/modules/dmlc/test/1.4/errors/ETYPE_integer_t.dml",
    "file_content": "/*\n  \u00a9 2021 Intel Corporation\n  SPDX-License-Identifier: MPL-2.0\n*/\ndml 1.4;\n\ndevice test;\n\n/// ERROR ETYPE\nextern uinteger_t undef_uval;\n/// ERROR ETYPE\nextern integer_t undef_val;\n",
    "error": "/.../test_dev.dml:10:8: error: unknown type: 'uinteger_t'; /.../test_dev.dml:12:8: error: unknown type: 'integer_t'",
    "suggestion": "The DML types used (`uinteger_t`, `integer_t`) are not recognized. Fix by using DML built-in types or providing typedefs. Recommended: edit modules/.../test_dev.dml and either (A) replace `uinteger_t` \u2192 `uinteger` and `integer_t` \u2192 `integer`, or (B) add typedefs at the top such as `typedef uinteger uinteger_t;` and `typedef integer integer_t;` so the existing names resolve."
  },
  {
    "tag": "ERVAL",
    "file_path": "/home/coder/ai_agents/dmlc_fix_claude/simics_proj/modules/dmlc/test/1.4/errors/T_ERVAL.dml",
    "file_content": "/*\n  \u00a9 2021 Intel Corporation\n  SPDX-License-Identifier: MPL-2.0\n*/\ndml 1.4;\n\ndevice test;\n\nmethod init() {\n    /// ERROR ERVAL\n    sizeof(0);\n    /// ERROR ERVAL\n    local typeof(5[1:0]) i;\n}\n",
    "error": "/.../test_dev.dml:11:12: \"operand of 'sizeof' is not an lvalue\" and /.../test_dev.dml:13:19: \"operand of 'typeof' is not an lvalue\"",
    "suggestion": "sizeof and typeof require an lvalue or a type name, not a literal/slice of a literal. Fix by using a type or an lvalue variable: e.g. replace `sizeof(0);` with `local int tmp = 0; sizeof(tmp);` or `sizeof(int);`. For the typeof case declare a variable and take a slice of that variable (or use an explicit type): `local int tmp = 5; local typeof(tmp[1:0]) i;` or simply `local int i;` (or the appropriate bit/vector type) so typeof/sizeof operate on an lvalue or a named type."
  },
  {
    "tag": "EAFTER",
    "file_path": "/home/coder/ai_agents/dmlc_fix_claude/simics_proj/modules/dmlc/test/1.4/errors/T_EAFTERHOOK.dml",
    "file_content": "/*\n  \u00a9 2024 Intel Corporation\n  SPDX-License-Identifier: MPL-2.0\n*/\ndml 1.4;\n\ndevice test;\n\n\nhook() h0;\nhook(int) h1;\nhook(int, bool) h2;\n\nmethod m() { }\n\nmethod init() {\n    // no error\n    after h0: m();\n    after h0 -> (): m();\n    after h1 -> x: m();\n    after h1 -> (x): m();\n    after h2 -> (x, y): m();\n\n    /// ERROR EAFTERHOOK\n    after h0 -> (x): m();\n    /// ERROR EAFTERHOOK\n    after h0 -> (x, y): m();\n    /// ERROR EAFTERHOOK\n    after h1: m();\n    /// ERROR EAFTERHOOK\n    after h1 -> (): m();\n    /// ERROR EAFTERHOOK\n    after h1 -> (x, y): m();\n    /// ERROR EAFTERHOOK\n    after h2: m();\n    /// ERROR EAFTERHOOK\n    after h2 -> (): m();\n    /// ERROR EAFTERHOOK\n    after h2 -> (x): m();\n    /// ERROR EAFTERHOOK\n    after h2 -> x: m();\n}\n",
    "error": "illegal 'after' statement bound to hook 'h' with callback method 'm': every method input parameter not receiving a message component must be of serializable type \u2014 method parameter 'i' is of unserializable type: pointer to int (method declared at /.../test_dev.dml:11:7; error reported at :17:5)",
    "suggestion": "Change the method parameter to a serializable type or pass the pointer via a message component. Concretely, edit /.../test_dev.dml (around line 11) and replace the pointer parameter (e.g. `int *i`) with a serializable type such as `int i`, or declare the parameter as a message component if you must transfer a pointer-sized payload. Then rebuild the test_dev module."
  },
  {
    "tag": "EVOID",
    "file_path": "/home/coder/ai_agents/dmlc_fix_claude/simics_proj/modules/dmlc/test/1.4/errors/T_EVOID_typedefed.dml",
    "file_content": "/*\n  \u00a9 2021 Intel Corporation\n  SPDX-License-Identifier: MPL-2.0\n*/\ndml 1.4;\n\ndevice test;\n\ntypedef void x;\n\n/// ERROR EVOID\nsession x y;\n",
    "error": "\"illegal use of void type\" \u2014 dmlc reports many occurrences where `void` is used as an object/field/array/type (e.g. `session void i;` at test_dev.dml:11, `void m;` in struct at :15, `session void arr1[2];` :27, `session void (*arr3)[2];` :31, bad function parameter signatures `session int (*f2)(void arg);` :22 and `session int (*f3)(void, int i);` :24, `session void vect v;` :38, `extern void x;` :42, `local void i;` in init :46).)",
    "suggestion": "Replace uses of `void` as an object/type with a valid type or pointer type and fix function parameter lists: e.g. change variables/fields to `void *` when you meant an opaque pointer (`session void *i;`, struct field `void *m;`, `extern void *x;`, `local void *i;`), change arrays of void to arrays of pointers or a byte type (`session void *arr3[2];` or `session uint8_t arr1[2];`), don\u2019t use `void` mixed with other params \u2014 use `void` only to indicate no parameters or supply a real parameter type (fix `f2` to `session int (*f2)(void);` or `session int (*f2)(int arg);`, fix `f3` to `session int (*f3)(int i);`), and avoid `vect`/vector declarations of `void` (use `void *vect` or a concrete element type). In short: use `void` only as a function \u201cno-arg\u201d marker, and replace other uses with `void *` or a concrete type appropriate for the intended semantics."
  },
  {
    "tag": "ERETLVALS",
    "file_path": "/home/coder/ai_agents/dmlc_fix_claude/simics_proj/modules/dmlc/test/1.4/errors/T_ERETLVALS.dml",
    "file_content": "/*\n  \u00a9 2021 Intel Corporation\n  SPDX-License-Identifier: MPL-2.0\n*/\ndml 1.4;\ndevice test;\n\nmethod f() -> (int, int, int) {\n    return (1, 2, 3);\n}\n\nmethod g() -> (int) {\n    return 1;\n}\n\nextern int h(void);\n\nmethod init() {\n    local int i;\n    local int j;\n    /// ERROR ERETLVALS\n    f();\n    /// ERROR ERETLVALS\n    i = f();\n    /// ERROR ERETLVALS\n    (i, j) = f();\n    /// ERROR ERETLVALS\n    (i, j) = g();\n    /// ERROR ERETLVALS\n    (i, j) = h();\n    // no error\n    g();\n    // no error\n    h();\n}\n",
    "error": "dmlc: wrong number of return value recipients in init (test_dev.dml) \u2014 at lines 22,24,26 the call(s) expect 3 return values but 0/1/2 recipients were provided; at lines 28,30 a call expects 1 return value but 2 recipients were provided.",
    "suggestion": "Make the left\u2011hand side match each call's declared return arity. For calls that return 3 values, assign three variables (e.g. a,b,c = func(...)) or use '_' placeholders for values you want to ignore (e.g. a,_,_ = func(...)). For calls that return 1 value collapse to a single recipient or ignore the result (e.g. a = func(...) or _ = func(...)). Alternatively, if the caller was correct, change the callee's return list so its declared arity matches usage. Apply these fixes at test_dev.dml lines 22,24,26,28,30."
  },
  {
    "tag": "EANAME",
    "file_path": "/home/coder/ai_agents/dmlc_fix_claude/simics_proj/modules/dmlc/test/1.4/errors/T_EANAME.dml",
    "file_content": "/*\n  \u00a9 2021 Intel Corporation\n  SPDX-License-Identifier: MPL-2.0\n*/\ndml 1.4;\ndevice test;\n\nimport \"utility.dml\";\n\n/// ERROR EANAME\nattribute access_count is uint64_attr;\n\nbank build {\n    // clashing proxy attribute\n    /// ERROR EANAME\n    register id size 1 is unmapped;\n    /// ERROR EANAME\n    register build_id size 1 is unmapped;\n}\n\nport syms {\n    /// ERROR EANAME\n    saved int access_count;\n    /// ERROR EANAME\n    saved int attributes;\n    /// ERROR EANAME\n    saved int build_id;\n    /// ERROR EANAME\n    saved int class_desc;\n    /// ERROR EANAME\n    saved int classname;\n    /// ERROR EANAME\n    saved int component;\n    /// ERROR EANAME\n    saved int component_slot;\n    /// ERROR EANAME\n    saved int iface;\n    /// ERROR EANAME\n    saved int log_buffer;\n    /// ERROR EANAME\n    saved int log_buffer_size;\n    /// ERROR EANAME\n    saved int log_group_mask;\n    /// ERROR EANAME\n    saved int log_groups;\n    /// ERROR EANAME\n    saved int log_level;\n    /// ERROR EANAME\n    saved int log_type_mask;\n    /// ERROR EANAME\n    saved int ports;\n    /// ERROR EANAME\n    saved int object_id;\n    /// ERROR EANAME\n    saved int queue;\n}\n\n/// ERROR EANAME\nattribute x is (uint64_attr) {\n    param name = \"name\";\n}\n",
    "error": "dmlc/build: \"illegal attribute name: access_count\" (test_dev.dml:11:1) and many similar errors for build_id (16,18), access_count (23), attributes (25), class_desc (29), classname (31), component (33), component_slot (35), iface (37), log_buffer (39), log_buffer_size (41), log_group_mask (43), log_groups (45), log_level (47), log_type_mask (49), ports (51), object_id (53), queue (55), name (59) \u2014 DFA also reports \"Expected '{' after attribute name\" around the attribute declarations. These indicate the DML file is declaring attribute/field identifiers that are reserved or clash with built\u2011in object/proxy names or using attribute syntax in the wrong form/scope (test_dev.dml: see lines 11,16-18,23-31,33-55,59).",
    "suggestion": "Rename the offending attributes/fields to non\u2011reserved, device\u2011scoped identifiers and use the correct attribute syntax. In practice: (1) avoid core/reserved names (name, ports, object_id, build_id, attributes, queue, etc.) \u2014 e.g. change `attribute access_count is uint64_attr;` \u2192 `attribute td_access_count is uint64_attr;` (file: /.../test_dev.dml:11), and change matching saved fields `saved int access_count;` \u2192 `saved int td_access_count;` (file: /.../test_dev.dml:23). (2) Ensure attribute declarations that have params use the parenthesized form and a body (the example at line 59 is correct form: `attribute x is (uint64_attr) { param name = \"...\" }`) \u2014 if you use a simple form use `attribute id is uint64_attr;` in allowed scope. (3) Keep attribute/register names distinct (rename `register id`/`register build_id` to non\u2011colliding names). Prefixing with a module/device prefix (td_/test_) is a safe fix. After renaming, update all references and rebuild."
  },
  {
    "tag": "ESAVEDCONST",
    "file_path": "/home/coder/ai_agents/dmlc_fix_claude/simics_proj/modules/dmlc/test/1.4/errors/T_ESAVEDCONST.dml",
    "file_content": "/*\n  \u00a9 2022 Intel Corporation\n  SPDX-License-Identifier: MPL-2.0\n*/\ndml 1.4;\ndevice test;\n\ntypedef struct {\n    struct {\n        const int y;\n    } x[4];\n} s_t;\n\ntypedef layout \"little-endian\" {\n    layout \"little-endian\" {\n        const int32 y;\n    } x[4];\n} lo_t;\n\n// no error\nsaved int a;\n\n/// ERROR ESAVEDCONST\nsaved const int b;\n\n/// ERROR ESAVEDCONST\nsaved const int c[4];\n\n/// ERROR ESAVEDCONST\nsaved s_t d;\n\n/// ERROR ESAVEDCONST\nsaved lo_t e;\n\n// no error\nsession const int g;\nsession const int h[4];\nsession s_t i;\nsession lo_t j;\n",
    "error": "saved variable declared with (partially) const-qualified type (e.g. `saved const int b`, `saved const int c[4]`, `saved s_t d`, `saved lo_t e`)",
    "suggestion": "Remove the const qualification from saved types or make the variables session-scoped. Options: (a) if the variable must be mutable/persisted, remove const (e.g. `saved int b;`, `saved int c[4];`) and remove `const` from members inside `s_t` / `lo_t` (`const int y` \u2192 `int y`, `const int32 y` \u2192 `int32 y`); (b) if you need the const qualification, change storage to session (e.g. `session const int b;`, `session s_t d;`) which accepts const-qualified types."
  },
  {
    "tag": "WREDUNDANTLEVEL",
    "file_path": "/home/coder/ai_agents/dmlc_fix_claude/simics_proj/modules/dmlc/test/1.4/errors/T_WREDUNDANTLEVEL_dep.dml",
    "file_content": "/*\n  \u00a9 2024 Intel Corporation\n  SPDX-License-Identifier: MPL-2.0\n*/\ndml 1.4;\n\n// Test that passing --dep silences warnings. This avoids reporting the same\n// warning twice for the same device.\n\n/// COMPILE-ONLY\n/// NO-CC\n\ndevice test;\n\n/// DMLC-FLAG --dep\n/// DMLC-FLAG T_WREDUNDANTLEVEL.dmldep\nimport \"WREDUNDANTLEVEL.dml\";\n",
    "error": "/.../WREDUNDANTLEVEL.dml:7:7 (init) \u2014 warning: \"'X then Y' log level has no effect when the levels are the same\" (reported again at line 9:5)",
    "suggestion": "Edit /.../WREDUNDANTLEVEL.dml to remove the redundant second level in the log statement inside init. Replace \"log <LEVEL> then <SAME_LEVEL>\" with a single \"log <LEVEL>\" (or use a different second level if that was intended). Save and rebuild. (Also address the minor indent warnings in test_dev.dml at lines 1\u20132.)"
  },
  {
    "tag": "ESYNTAX_after",
    "file_path": "/home/coder/ai_agents/dmlc_fix_claude/simics_proj/modules/dmlc/test/1.4/errors/T_ESYNTAX_after.dml",
    "file_content": "/*\n  \u00a9 2024 Intel Corporation\n  SPDX-License-Identifier: MPL-2.0\n*/\ndml 1.4;\n\ndevice test;\n\nhook() h;\n\nmethod init() {\n    /// ERROR ESYNTAX\n    after 1 s: m;\n    /// ERROR ESYNTAX\n    after h: m;\n}\n",
    "error": "/.../test_dev.dml:13:5, /.../test_dev.dml:15:5 \u2014 \"syntax error: callback expression to after statement must be a function application\" (reported inside init at /.../test_dev.dml:11:7)",
    "suggestion": "The callbacks supplied to the \"after\" statements are written as bare identifiers instead of function calls. Edit /.../test_dev.dml (lines reported at :13 and :15) so the after callback is a function application. Example fix: change lines like `after(100) my_callback` or `after 100 my_callback` to `after(100) my_callback()` (or add the appropriate arguments, e.g. `my_callback(arg1)`). Also ensure `my_callback` is declared/defined as a method or function visible in that scope (define it in the device or module if missing)."
  },
  {
    "tag": "ECSADD",
    "file_path": "/home/coder/ai_agents/dmlc_fix_claude/simics_proj/modules/dmlc/test/1.4/errors/T_ECSADD.dml",
    "file_content": "/*\n  \u00a9 2021 Intel Corporation\n  SPDX-License-Identifier: MPL-2.0\n*/\ndml 1.4;\n\ndevice test;\n\ntypedef const char* string_t;\n\nmethod init() {\n    // no error\n    local const char *v1 = \"a\" + \"b\";\n\n    /// ERROR ECSADD\n    local const char *v2 = \"a\" + v1;\n    /// ERROR ECSADD\n    local const char *v3 = v1 + v2;\n    /// ERROR ECSADD\n    local string_t v4 = cast(v1,string_t) + cast(v2,string_t);\n    /// ERROR ECSADD\n    local const int8 *v5 = cast(v1,const int8*) + cast(v2,const int8*);\n}\n",
    "error": "non-constant strings cannot be concatenated using '+' (test_dev.dml:16:32, 18:31, 20:43, 22:49)",
    "suggestion": "Replace compile-time '+' concatenation with a runtime string construction function (or make operands constant). For example, change constructs like `\"prefix \" + name` to a runtime formatter such as `sprintf(\"%s%s\", \"prefix \", name)` or the DML equivalent (string.format/concat API). Edit /.../test_dev.dml at the listed lines to use sprintf/format or precompute constant parts, then rebuild the test_dev module."
  },
  {
    "tag": "ELAYOUT",
    "file_path": "/home/coder/ai_agents/dmlc_fix_claude/simics_proj/modules/dmlc/test/1.4/errors/T_ELAYOUT.dml",
    "file_content": "/*\n  \u00a9 2021 Intel Corporation\n  SPDX-License-Identifier: MPL-2.0\n*/\ndml 1.4;\n\ndevice test;\n\n// not an error in DML 1.2\n\ntypedef layout \"little-endian\" {\n    /// ERROR ELAYOUT\n    long x;\n    /// ERROR ELAYOUT\n    size_t y;\n} long_t;\n\n/// ERROR ELAYOUT\nextern typedef layout \"little-endian\" {\n    uint8 x;\n} y;\n",
    "error": "/.../test_dev.dml:19:1: error: illegal layout definition: extern layout not permitted, use 'struct { }' instead; /.../test_dev.dml:13:5: error: illegal layout member type: long; /.../test_dev.dml:15:5: error: illegal layout member type: size_t",
    "suggestion": "Replace the forbidden \"extern layout\" with a DML struct definition (use \"struct { ... }\" or a named \"struct name { ... }\") and change non\u2011portable C types to DML-supported fixed-width types. For example edit test_dev.dml (see lines 13,15,19): replace \"extern layout ...\" \u2192 \"struct { ... }\", change \"long field;\" \u2192 \"int32 field;\" (or int64 if the ABI requires 64\u2011bit) and \"size_t sz;\" \u2192 \"uint32/uint64 sz;\" depending on target word size. Rebuild and choose widths that match the target platform/ABI."
  },
  {
    "tag": "ESYNTAX_dollar",
    "file_path": "/home/coder/ai_agents/dmlc_fix_claude/simics_proj/modules/dmlc/test/1.4/errors/T_ESYNTAX_dollar.dml",
    "file_content": "/*\n  \u00a9 2021 Intel Corporation\n  SPDX-License-Identifier: MPL-2.0\n*/\ndml 1.4;\n\ndevice test;\n\nmethod x() {\n    /// ERROR ESYNTAX\n    $y;\n}\n",
    "error": "/.../test_dev.dml:11:5: error: syntax error at '$': illegal character",
    "suggestion": "Edit /.../test_dev.dml (line 11): remove the illegal '$' or replace it with a valid identifier (letters, digits, underscore). If the `$` was meant to be a literal string put it in quotes; if it was meant to be a hex constant change `$FF` \u2192 `0xFF`; if it was an accidental paste of a shell prompt/remove the variable expansion, rename `\"$name\"` \u2192 `name` (or `_name`) and rebuild."
  },
  {
    "tag": "ESYNTAX_struct",
    "file_path": "/home/coder/ai_agents/dmlc_fix_claude/simics_proj/modules/dmlc/test/1.4/errors/T_ESYNTAX_struct.dml",
    "file_content": "/*\n  \u00a9 2021 Intel Corporation\n  SPDX-License-Identifier: MPL-2.0\n*/\ndml 1.4;\n\ndevice test;\n\n// This syntax was removed in dml 1.4\n\n/// ERROR ESYNTAX\nstruct x {\n    int i;\n}\n",
    "error": "/.../test_dev.dml:12:1: error: syntax error at 'struct' \u2014 parser saw the keyword `struct` unexpectedly (build and dmlc reports the same error at line 12)",
    "suggestion": "The parser is seeing `struct` where a declaration was expected \u2014 most commonly caused by an unterminated/incorrect previous declaration or an invalid struct declaration. Fixes to try: 1) Open test_dev.dml and inspect the lines immediately before line 12 \u2014 ensure any prior block is closed with a matching `}` and terminated with a `;`. 2) Replace tabs with spaces (use 4-space indentation) to remove indentation warnings that may mask syntax problems. 3) Declare the structure with proper DML/C style, e.g. `typedef struct { ... } my_struct_t;` or `struct name { ... };` (include the trailing semicolon). 4) If the struct is intended inside a device definition, move it to a top-level typedef or use the DML-supported placement for structs. After applying these changes rebuild the module; if the error persists, paste lines ~1\u201320 of test_dev.dml so the exact malformed snippet can be fixed (likely a missing `}` or `;` before line 12)."
  },
  {
    "tag": "ESYNTAX_arg_inits",
    "file_path": "/home/coder/ai_agents/dmlc_fix_claude/simics_proj/modules/dmlc/test/1.4/errors/T_ESYNTAX_arg_inits.dml",
    "file_content": "/*\n  \u00a9 2024 Intel Corporation\n  SPDX-License-Identifier: MPL-2.0\n*/\ndml 1.4;\n\ndevice test;\n\ntypedef struct {\n    int i;\n} s_t;\n\nmethod m(s_t x) { }\n\ninline method i(inline x) { }\n\nextern void f(...);\n\nmethod init() {\n    // no error\n    m({3});\n    /// ERROR ESYNTAX\n    i({3});\n    /// ERROR ESYNTAX\n    f({3});\n}\n",
    "error": "dmlc/build: \"In init\" and \"error: syntax error at '{': the argument for an untyped parameter must be a simple expression\" / \"error: syntax error at '{': variadic arguments must be simple expressions\"",
    "suggestion": "The code is passing a brace-initializer ({ ... }) directly as an argument (in an init block and to a variadic call). DML requires arguments to be simple expressions (or typed parameters). Fix by removing brace-initializers from call sites: either (a) declare and initialize a typed variable/constant ahead of time and pass that identifier (e.g. `const int arr[] = {1,2,3}; init(... arg = arr);`), (b) change the function/parameter to a typed array/parameter so an aggregate is allowed, or (c) for variadic calls pass elements as separate simple expressions (e.g. `foo(1,2,3)`), not as `{1,2,3}`."
  },
  {
    "tag": "ELLEV",
    "file_path": "/home/coder/ai_agents/dmlc_fix_claude/simics_proj/modules/dmlc/test/1.4/errors/T_ELLEV.dml",
    "file_content": "/*\n  \u00a9 2021 Intel Corporation\n  SPDX-License-Identifier: MPL-2.0\n*/\ndml 1.2;\ndevice test;\nmethod init {\n    /// ERROR EBTYPE\n    log \"info\", true: \"hej\";\n    /// ERROR ELLEV\n    log \"info\", 0: \"hej\";\n    /// ERROR ELLEV\n    log \"info\", 5: \"hej\";\n    local int level = 18;\n    // unable to detect the error here\n    log \"info\", level: \"hej\";\n}\n",
    "error": "/.../test_dev.dml:9:17 \u2014 wrong type: got bool, expected integer type; /.../test_dev.dml:11:17 and :13:17 \u2014 log level must be an integer between 1 and 4",
    "suggestion": "Edit /.../test_dev.dml to stop passing boolean values where an integer log level is required (lines 9, 11, 13). Replace the bools with an integer 1\u20134 (e.g. 1=ERROR, 2=WARNING, 3=INFO, 4=DEBUG) or with the project\u2019s named log-level constants. If the field was meant to be boolean, change its declaration/type to bool instead. Rebuild after the change."
  },
  {
    "tag": "WASTRUNC",
    "file_path": "/home/coder/ai_agents/dmlc_fix_claude/simics_proj/modules/dmlc/test/1.4/errors/T_WASTRUNC.dml",
    "file_content": "/*\n  \u00a9 2021 Intel Corporation\n  SPDX-License-Identifier: MPL-2.0\n*/\ndml 1.4;\n\ndevice test;\n\n/// COMPILE-ONLY\n\ntypedef bitfields 32 {\n    uint2 x @ [4:3];\n    int2  y @ [2:1];\n    int1  z @ [0:0];\n} bf_t;\n\nmethod init() {\n    local bf_t bf;\n    // no warning\n    bf = { 1, 1, 1 };\n    // no warning\n    bf = { 3, -2, -1 };\n    // no warning\n    bf = { ~0, ~0, ~0 };\n    bf = {\n        /// WARNING WASTRUNC\n        4,\n        /// WARNING WASTRUNC\n        2,\n        /// WARNING WASTRUNC\n        2 };\n    // no warning\n    bf = { cast(4, uint2), cast(2, int2), cast(2, int1) };\n    bf = {\n        // no warning\n        -3,\n        /// WARNING WASTRUNC\n        -3,\n        /// WARNING WASTRUNC\n        -2 };\n    // no warning\n    bf = { ~3, 0, 0 };\n    /// WARNING WASTRUNC\n    bf = { ~3 - 1, 0, 0 };\n    bf = {\n        /// WARNING WASTRUNC\n        0.5,\n        /// WARNING WASTRUNC\n        -0.5,\n        /// WARNING WASTRUNC\n        -0.5 };\n    // no warning\n    bf = { cast(0.5, uint2), cast(-0.5, int2), cast(-0.5, int1) };\n\n    // no warning\n    bf = { -0.0, -0.0, -0.0 };\n\n    // no warning\n    bf = { 3.0, 1.0, 1.0 };\n\n    bf = {\n        /// WARNING WASTRUNC\n        -1.0,\n        // no warning\n        -2.0, -1.0 };\n\n    local int i = 4;\n    local double d = 0.5;\n    // no warning\n    bf = { i, d, d };\n}\n",
    "error": "Assignment source is a constant that does not fit the target bit-width and will be truncated (targets seen: uint2, int2, int1). Warnings occur in simics_proj/.../test_dev.dml at init (17:7) and assignment sites 27:9, 29:9, 31:9, 38:9, 40:9, 44:15, 47:9, 49:9, 51:9, 63:9 \u2014 truncation may produce incorrect runtime values.",
    "suggestion": "Make the intent explicit and fix the root cause by one of: (1) Use a constant that fits the target range (uint2: 0..3, int2: -2..1, int1: -1..0) at the assignment sites (see test_dev.dml:27:9,29:9,31:9,...); (2) Widen the target type where the variable/field is declared (e.g. change uint2/int2/int1 \u2192 uint4/int4/int8) so the constant fits; or (3) If truncation is intended, make it explicit with masking/cast (e.g. assign (CONST & 0x3) for uint2) so the code documents the intent. Recommended: prefer (1) or (2) depending on intended semantics \u2014 if the large constant is meaningful, change the declaration; if it was a typo, reduce the constant \u2014 then rebuild."
  },
  {
    "tag": "ESYNTAX_int_int",
    "file_path": "/home/coder/ai_agents/dmlc_fix_claude/simics_proj/modules/dmlc/test/1.4/errors/T_ESYNTAX_int_int.dml",
    "file_content": "/*\n  \u00a9 2021 Intel Corporation\n  SPDX-License-Identifier: MPL-2.0\n*/\ndml 1.4;\n\ndevice test;\n\n// permitted in 1.2!\n\n/// ERROR ESYNTAX\ndata int int;\n",
    "error": "/.../test_dev.dml:12:1: error: syntax error at 'data' \u2014 the DML parser encountered the token \"data\" in an unexpected position (likely due to an incomplete or incorrect declaration, or a duplicated type token such as `int int`).",
    "suggestion": "Remove or correct the stray `data` token and use valid DML syntax. Common fixes: (1) If you meant a constant: replace with `constant int NAME = <value>;`. (2) If you meant an attribute inside a device: put `attribute int name;` inside the `device { ... }` block. (3) Ensure you did not write duplicate type tokens (e.g. `int int foo`), and that every declaration ends with a semicolon. After editing test_dev.dml, rebuild to verify the error is resolved."
  },
  {
    "tag": "EDATAINIT",
    "file_path": "/home/coder/ai_agents/dmlc_fix_claude/simics_proj/modules/dmlc/test/1.4/errors/T_EDATAINIT.dml",
    "file_content": "/*\n  \u00a9 2021 Intel Corporation\n  SPDX-License-Identifier: MPL-2.0\n*/\ndml 1.4;\n\ndevice test;\n\n/// COMPILE-ONLY\n\ntypedef struct {\n    int32 x;\n    struct {\n        int32 i;\n        int32 j;\n    } y;\n} struct_t;\n\ntypedef bitfields 64 {\n    int32 x @[63:32];\n    bitfields 32 {\n        int16 i @ [31:16];\n        int16 j @ [15:0];\n    } y @[31:0];\n} bitfields_t;\n\n// no error\nsession struct_t a = { .x = 0, .y = { .i = 0, .j = 0} };\n\n/// ERROR EDATAINIT\nsession struct_t b = { .x = 0 };\n\nsession struct_t c = {\n    .x = 0,\n    /// ERROR EDATAINIT\n    .y = { .i = 0 }\n};\n\n/// ERROR EDATAINIT\nsession struct_t d = { .x = 0, .y = { .i = 0, .j = 0}, .x = 0 };\n\n/// ERROR EDATAINIT\nsession struct_t e = { .x = 0, .y = { .i = 0, .j = 0}, .bad = 0 };\n\nsession struct_t f = {\n    .x = 0,\n    /// ERROR EDATAINIT\n    .y = { .i = 0, .j = 0, .bad = 0 }\n};\n\n// no error\nsession bitfields_t j = { .x = 0, .y = { .i = 0, .j = 0} };\nsession bitfields_t k = { .x = 0, .y = 0 };\n\n/// ERROR EDATAINIT\nsession bitfields_t l = { .x = 0 };\n\n/// ERROR EDATAINIT\nsession bitfields_t m = { .x = 0, .y = 0, .x = 0 };\n\n/// ERROR EDATAINIT\nsession bitfields_t n = { .x = 0, .y = 0, .bad = 0 };\n\nsession bitfields_t o = {\n    .x = 0,\n    /// ERROR EDATAINIT\n    .y = { .i = 0 }\n};\n\nsession bitfields_t p = {\n    .x = 0,\n    /// ERROR EDATAINIT\n    .y = { .i = 0, .j = 0, .bad = 0 }\n};\n",
    "error": "Multiple \"invalid data initializer\" errors in test_dev.dml (lines 31,36,40,43,48,56,59,62,67,73): missing initializer(s) for members 'y' and 'j'; duplicate initializer for member 'x'; and unknown member 'bad' (also message: \"partial initialization must be explicit through trailing '...'\").",
    "suggestion": "Fix by correcting the struct/bitfield initializers: either fully initialize all struct members or use designated partial initializers with a trailing '...' (e.g. `{ .x = val, ... }`) to allow partial init; remove duplicate `.x` initializers and keep only one; correct or remove the incorrect member name `bad` to the actual member declared in the struct/bitfield (or address the correct nested/anonymous-field path); for bitfields use the declared bitfield member names (or assign the backing integer if intended). Verify each initializer at the indicated lines and update to use `.name = value` form or add the missing members (or add `...`) so the DML compiler accepts the initializer."
  },
  {
    "tag": "EVERS",
    "file_path": "/home/coder/ai_agents/dmlc_fix_claude/simics_proj/modules/dmlc/test/1.4/errors/T_EVERS.dml",
    "file_content": "/*\n  \u00a9 2021 Intel Corporation\n  SPDX-License-Identifier: MPL-2.0\n*/\ndml 1.4;\ndevice test;\n/// ERROR EVERS\nimport \"dml-1.2.dml\";\n",
    "error": "/.../dml-1.2.dml:0: error: incompatible version (1.2) while compiling a 1.4 device; imported at /.../test_dev.dml:8:1",
    "suggestion": "Make DML versions consistent. Option A (preferred if compatible): edit /.../dml-1.2.dml line 5 (change `dml 1.2;` \u2192 `dml 1.4;`). Option B: downgrade the device file by editing /.../test_dev.dml line 5 (change `dml 1.4;` \u2192 `dml 1.2;`). After changing, verify API compatibility and rebuild the test_dev module."
  },
  {
    "tag": "ESYNTAX_old_array_1",
    "file_path": "/home/coder/ai_agents/dmlc_fix_claude/simics_proj/modules/dmlc/test/1.4/errors/T_ESYNTAX_old_array_1.dml",
    "file_content": "/*\n  \u00a9 2021 Intel Corporation\n  SPDX-License-Identifier: MPL-2.0\n*/\ndml 1.4;\n\n/// ERROR ESYNTAX\nbank b[2];\n",
    "error": "/.../test_dev.dml:8:8: syntax error at '2' \u2014 DFA: \"Expected '{' after bank name\" (line 7) and \"Expected '}' after bank body\" (line 8)",
    "suggestion": "The file is using the old-style array/size token after the bank name (the parser sees the literal \"2\" where it expected a brace). Replace the old form with a braced bank declaration and specify the size in the modern syntax. For example, change a line like `bank b 2 { ... }` or `bank b 2` to either `bank b[2] { ... }` or `bank b { size = 2; ... }`, add the missing `{` and matching `}` around the bank body, and fix indentation."
  },
  {
    "tag": "EEMPTYSTRUCT",
    "file_path": "/home/coder/ai_agents/dmlc_fix_claude/simics_proj/modules/dmlc/test/1.4/errors/T_EEMPTYSTRUCT.dml",
    "file_content": "/*\n  \u00a9 2021 Intel Corporation\n  SPDX-License-Identifier: MPL-2.0\n*/\ndml 1.4;\n\ndevice test;\n\n/// ERROR EEMPTYSTRUCT\nextern void f(struct {} arg);\n/// ERROR EEMPTYSTRUCT\ntypedef layout \"big-endian\" {} empty_layout;\n\n",
    "error": "/.../test_dev.dml:10:15 and :12:1 \u2014 error: \"struct or layout with no fields\"",
    "suggestion": "Edit `/.../test_dev.dml` (around lines 10\u201312) to remove the empty struct/layout or give it at least one field. Example fix: replace `struct foo { }` with `struct foo { uint8_t _reserved; }` (or an appropriate typed field) so the struct/layout is non\u2011empty, then rebuild."
  },
  {
    "tag": "ESYNTAX_old_field",
    "file_path": "/home/coder/ai_agents/dmlc_fix_claude/simics_proj/modules/dmlc/test/1.4/errors/T_ESYNTAX_old_field.dml",
    "file_content": "/*\n  \u00a9 2021 Intel Corporation\n  SPDX-License-Identifier: MPL-2.0\n*/\ndml 1.4;\n\ndevice test;\n\nbank b {\n    register r {\n        /// ERROR ESYNTAX\n        field f[2:3];\n    }\n}\n",
    "error": "/.../test_dev.dml:12:17: syntax error at '2' \u2014 DFA: \"Expected '{' after field name\" (line 11) and \"Expected '}' after bank body\" (line 14)",
    "suggestion": "The file uses the old compact field syntax (e.g. `field <name> 2`) which the parser treats as an unexpected token. Replace old-style field declarations with the new block form and close the bank body. Example fix: change `field myfield 2` \u2192 `field myfield { width = 2; }`. Also ensure the surrounding bank/device block has a matching `}` (add the missing `}` at the end of the bank) and correct indentation."
  }
]